1.66502 	0
1.67591 	0.0108858
1.67749 	0.00648045
1.67138 	0.00763452
1.66306 	0.0102071
1.65759 	0.00996993
1.65717 	0.0084363
1.66157 	0.00852449
1.66972 	0.0110892
1.68027 	0.0144853
1.691 	0.0169311
1.70005 	0.0179121
1.70738 	0.0180349
1.71319 	0.017679
1.71721 	0.0169422
1.72003 	0.0160969
1.72289 	0.0153888
1.72629 	0.0148996
1.73 	0.0145738
1.73365 	0.0143
1.73666 	0.0139317
1.73825 	0.0133786
1.73782 	0.0127912
1.73557 	0.0124508
1.73268 	0.0122869
1.73032 	0.0120385
1.72889 	0.0116728
1.72827 	0.0112652
1.72828 	0.0108698
1.72825 	0.0105012
1.72693 	0.0102421
1.72382 	0.0103938
1.72005 	0.010755
1.71691 	0.0108955
1.71439 	0.0108766
1.71208 	0.0108196
1.70993 	0.0107397
1.70774 	0.0106798
1.70508 	0.0107374
1.70187 	0.0109484
1.69876 	0.0111205
1.69706 	0.010985
1.69768 	0.0107444
1.70045 	0.0108578
1.70447 	0.011348
1.70879 	0.0119112
1.71283 	0.0123337
1.71609 	0.0125073
1.71809 	0.0124118
1.71855 	0.0121698
1.71772 	0.0119579
1.71639 	0.0118008
1.71555 	0.0116066
1.71584 	0.0113934
1.717 	0.0112443
1.71823 	0.0111104
1.71913 	0.0109507
1.71965 	0.0107729
1.71954 	0.0105893
1.71843 	0.0104697
1.71634 	0.0105071
1.71364 	0.0106837
1.71098 	0.0108447
1.709 	0.0108551
1.70784 	0.0107493
1.7072 	0.0106045
1.70681 	0.0104523
1.70657 	0.0103002
1.70643 	0.0101509
1.70624 	0.0100065
1.70599 	0.00986784
1.70584 	0.00973097
1.70595 	0.00959741
1.70631 	0.00947375
1.70691 	0.00936523
1.70785 	0.0092897
1.70933 	0.00928689
1.71132 	0.00937946
1.7135 	0.0095138
1.71545 	0.00959397
1.71677 	0.00956628
1.71717 	0.00945757
1.7166 	0.00936057
1.71533 	0.00933466
1.71384 	0.00934484
1.71236 	0.00935358
1.71092 	0.00935658
1.70966 	0.00933412
1.70881 	0.00926852
1.70834 	0.00917671
1.70809 	0.00907875
1.70785 	0.00898278
1.70745 	0.00889467
1.70677 	0.00882547
1.70585 	0.00878073
1.70493 	0.00873752
1.70434 	0.00866735
1.70414 	0.00858066
1.70412 	0.00849356
1.70411 	0.00840822
1.70415 	0.00832467
1.70447 	0.00824893
1.70518 	0.00819884
1.70612 	0.00817427
1.70697 	0.00814016
1.70738 	0.00807368
1.70731 	0.0079982
1.70705 	0.00792817
1.7069 	0.00785645
1.70693 	0.00778476
1.70692 	0.00771433
1.70652 	0.00765548
1.70563 	0.00763901
1.70457 	0.00764619
1.70375 	0.00762394
1.70339 	0.00756636
1.70354 	0.00750299
1.70417 	0.00746538
1.70516 	0.00746824
1.70631 	0.00749422
1.70735 	0.00750524
1.7081 	0.00748085
1.70841 	0.00742614
1.70818 	0.00736938
1.70752 	0.00734046
1.70666 	0.00733249
1.70577 	0.007328
1.70493 	0.00731964
1.70427 	0.00729212
1.70394 	0.00724364
1.70382 	0.00718907
1.70371 	0.00713525
1.70346 	0.00708596
1.70304 	0.00704515
1.70253 	0.00701141
1.702 	0.00697955
1.70155 	0.00694328
1.70131 	0.006897
1.70142 	0.00684808
1.70182 	0.00681093
1.70226 	0.00677672
1.70248 	0.00673226
1.70233 	0.00668653
1.70192 	0.00665282
1.70155 	0.00661714
1.70153 	0.00657169
1.70186 	0.00653512
1.70229 	0.00650497
1.70259 	0.00646829
1.70269 	0.0064258
1.70265 	0.00638325
1.70256 	0.00634169
1.70241 	0.0063019
1.70206 	0.00627072
1.70141 	0.00626387
1.70051 	0.00628782
1.69947 	0.00633348
1.69845 	0.00637658
1.69772 	0.0063779
1.69761 	0.00633889
1.69821 	0.00632764
1.69929 	0.00638116
1.70052 	0.00645952
1.70162 	0.0065135
1.70244 	0.00652658
1.70297 	0.00650828
1.70324 	0.00647513
1.70339 	0.00643817
1.70354 	0.00640161
1.70374 	0.00636703
1.70396 	0.00633348
1.70412 	0.00629852
1.70418 	0.00626229
1.70416 	0.0062262
1.7041 	0.00619088
1.70389 	0.006159
1.70339 	0.00614482
1.7025 	0.00617484
1.70136 	0.0062454
1.70029 	0.00630136
1.69956 	0.00630876
1.69918 	0.00628554
1.69899 	0.00625409
1.69882 	0.00622212
1.69864 	0.00619102
1.6985 	0.00615934
1.69849 	0.00612632
1.69872 	0.00609791
1.69922 	0.00608599
1.69997 	0.0061002
1.7009 	0.00613848
1.70186 	0.00618159
1.70269 	0.00620527
1.70326 	0.00619932
1.70351 	0.0061727
1.70351 	0.00614112
1.70342 	0.00611058
1.70339 	0.00607971
1.70345 	0.00604936
1.70349 	0.00601917
1.70348 	0.00598916
1.70357 	0.00596015
1.70389 	0.0059396
1.70439 	0.00593107
1.70488 	0.00592282
1.70522 	0.0059035
1.7053 	0.00587548
1.70517 	0.00584867
1.70503 	0.00582232
1.7051 	0.00579503
1.70544 	0.00577733
1.70593 	0.00577059
1.70641 	0.00576378
1.70674 	0.00574645
1.70682 	0.00572019
1.70664 	0.00569656
1.70631 	0.00567979
1.706 	0.00566235
1.70582 	0.00563926
1.7058 	0.00561361
1.70587 	0.00558866
1.70599 	0.00556476
1.70617 	0.00554263
1.70641 	0.0055231
1.70666 	0.00550393
1.70683 	0.00548231
1.70691 	0.00545863
1.70691 	0.00543464
1.70685 	0.00541117
1.70671 	0.00538942
1.70646 	0.00537193
1.70621 	0.00535426
1.70617 	0.00533138
1.70633 	0.005311
1.70655 	0.00529272
1.70671 	0.00527258
1.7068 	0.00525104
1.70688 	0.00522967
1.70701 	0.00520921
1.70711 	0.00518845
1.70711 	0.00516688
1.70707 	0.0051457
1.70714 	0.00512493
1.70747 	0.00511498
1.7081 	0.00513214
1.70891 	0.00517634
1.7098 	0.0052309
1.71065 	0.00527799
1.71139 	0.00530837
1.71197 	0.00531982
1.71236 	0.00531297
1.71252 	0.00529423
1.71251 	0.00527327
1.71244 	0.00525302
1.71229 	0.00523435
1.71201 	0.00522179
1.71152 	0.00522409
1.7109 	0.00524125
1.7103 	0.00525485
1.70988 	0.00525168
1.70964 	0.00523674
1.70953 	0.00521802
1.70943 	0.00519899
1.70931 	0.00518073
1.70918 	0.00516266
1.70912 	0.00514364
1.70922 	0.00512536
1.70951 	0.00511454
1.70989 	0.00510937
1.71023 	0.00510221
1.71047 	0.00508894
1.71056 	0.00507099
1.71051 	0.00505264
1.71039 	0.00503563
1.7103 	0.00501817
1.71026 	0.00500011
1.71022 	0.00498214
1.71016 	0.0049646
1.71005 	0.00494799
1.70986 	0.00493381
1.70958 	0.00492421
1.70929 	0.00491537
1.70913 	0.00490063
1.70919 	0.00488369
1.70946 	0.00487386
1.70981 	0.00486967
1.71006 	0.00485914
1.71008 	0.00484229
1.70991 	0.00482849
1.70966 	0.00481861
1.7094 	0.00480867
1.70926 	0.00479436
1.70932 	0.00477832
1.70959 	0.00477018
1.71003 	0.00477404
1.71052 	0.00478334
1.71098 	0.00478843
1.71132 	0.00478492
1.71155 	0.0047743
1.71166 	0.00475954
1.71162 	0.00474385
1.7114 	0.00473296
1.71102 	0.00473264
1.71053 	0.00474275
1.70995 	0.00476225
1.70929 	0.0047926
1.7086 	0.00482727
1.708 	0.00484776
1.70764 	0.00484607
1.70749 	0.00483275
1.7075 	0.00481719
1.70762 	0.00480332
1.70783 	0.00479256
1.70808 	0.00478386
1.70827 	0.00477244
1.70834 	0.00475776
1.70839 	0.00474307
1.70859 	0.00473222
1.70896 	0.0047322
1.70946 	0.00474312
1.70998 	0.00475683
1.71046 	0.00476661
1.71088 	0.00477046
1.71124 	0.00476912
1.71158 	0.00476653
1.71195 	0.00476616
1.71232 	0.00476586
1.71262 	0.00476077
1.71278 	0.00474897
1.71275 	0.00473461
1.7126 	0.00472284
1.71245 	0.00471099
1.71242 	0.00469694
1.71251 	0.00468389
1.71269 	0.00467338
1.7129 	0.00466388
1.71309 	0.00465394
1.71327 	0.00464375
1.71347 	0.00463413
1.71368 	0.00462521
1.7139 	0.00461719
1.71416 	0.00461098
1.71444 	0.00460615
1.7147 	0.00459974
1.71486 	0.00458912
1.71488 	0.00457591
1.71481 	0.00456317
1.71475 	0.00455056
1.71472 	0.00453761
1.71473 	0.00452465
1.7148 	0.0045123
1.71492 	0.00450095
1.71502 	0.00448934
1.71506 	0.00447684
1.71506 	0.00446421
1.71507 	0.00445166
1.71514 	0.00443986
1.7153 	0.00443017
1.71549 	0.00442198
1.71568 	0.00441371
1.71589 	0.00440659
1.7162 	0.00440502
1.71659 	0.00441005
1.71695 	0.00441303
1.71717 	0.00440634
1.71717 	0.00439428
1.71694 	0.00438809
1.71658 	0.00439123
1.71626 	0.00439111
1.71613 	0.00438099
1.71623 	0.0043703
1.71649 	0.00436584
1.71679 	0.00436474
1.71705 	0.0043609
1.71721 	0.00435208
1.71725 	0.00434067
1.71719 	0.00432958
1.71704 	0.00432074
1.71682 	0.00431463
1.7166 	0.00430909
1.71641 	0.00430174
1.7163 	0.00429182
1.7163 	0.00428061
1.7164 	0.0042707
1.71658 	0.00426334
1.71676 	0.00425609
1.71688 	0.00424678
1.71693 	0.00423608
1.71692 	0.00422518
1.7169 	0.00421437
1.71692 	0.00420363
1.71701 	0.00419374
1.71714 	0.00418523
1.7173 	0.00417754
1.71745 	0.00416968
1.71757 	0.00416103
1.71768 	0.00415185
1.71778 	0.00414275
1.71789 	0.00413379
1.718 	0.00412481
1.71812 	0.00411632
1.7183 	0.0041098
1.71854 	0.00410655
1.7188 	0.00410506
1.71906 	0.00410323
1.71932 	0.00410101
1.71958 	0.00409948
1.71987 	0.00409972
1.72019 	0.00410193
1.72052 	0.00410481
1.72082 	0.00410634
1.72109 	0.00410498
1.7213 	0.00410043
1.72147 	0.00409397
1.72163 	0.00408718
1.72178 	0.00408033
1.72191 	0.00407257
1.722 	0.00406378
1.72208 	0.00405488
1.72223 	0.00404785
1.72249 	0.00404701
1.72287 	0.00405506
1.72332 	0.00407
1.72378 	0.0040862
1.72418 	0.00409619
1.72447 	0.00409736
1.72469 	0.0040933
1.72484 	0.00408642
1.72493 	0.00407793
1.72502 	0.00406945
1.72516 	0.00406243
1.72534 	0.00405697
1.72552 	0.00405171
1.72571 	0.00404657
1.72591 	0.00404234
1.72612 	0.00403877
1.72632 	0.00403422
1.72645 	0.00402712
1.72649 	0.00401816
1.72647 	0.00400908
1.72644 	0.00400008
1.72647 	0.00399112
1.72657 	0.00398354
1.72673 	0.00397765
1.7269 	0.00397233
1.72705 	0.00396615
1.72713 	0.0039581
1.72712 	0.00394928
1.72703 	0.0039415
1.72692 	0.00393424
1.72685 	0.00392612
1.72685 	0.00391742
1.7269 	0.00390917
1.72696 	0.00390094
1.72694 	0.00389239
1.72684 	0.00388521
1.72671 	0.00387878
1.72664 	0.00387107
1.72663 	0.00386263
1.72668 	0.00385447
1.72671 	0.00384626
1.7267 	0.00383796
1.72663 	0.00383036
1.72652 	0.0038236
1.72642 	0.00381658
1.72637 	0.00380875
1.72635 	0.00380064
1.72632 	0.00379262
1.72626 	0.00378507
1.72618 	0.00377774
1.72615 	0.00376984
1.72619 	0.00376207
1.7263 	0.00375578
1.72645 	0.00375085
1.72658 	0.00374495
1.72663 	0.00373743
1.72663 	0.00372958
1.72664 	0.00372178
1.72666 	0.00371406
1.7267 	0.00370659
1.7268 	0.00370017
1.72696 	0.00369592
1.72716 	0.00369376
1.72738 	0.00369226
1.72755 	0.0036889
1.72765 	0.00368248
1.72764 	0.00367491
1.72761 	0.00366755
1.72762 	0.00366006
1.7277 	0.00365337
1.72779 	0.00364713
1.72784 	0.00364006
1.72782 	0.00363272
1.72775 	0.00362612
1.72763 	0.00362072
1.72746 	0.00361732
1.72723 	0.0036171
1.72697 	0.00361979
1.7267 	0.00362215
1.72649 	0.00362126
1.72634 	0.00361721
1.72624 	0.00361119
1.72622 	0.00360405
1.7263 	0.00359764
1.72645 	0.00359367
1.72663 	0.00359112
1.72679 	0.00358758
1.72689 	0.00358182
1.72689 	0.00357477
1.72677 	0.00356958
1.72653 	0.00357117
1.72615 	0.00358375
1.72569 	0.003607
1.72519 	0.00363466
1.7247 	0.00366005
1.72424 	0.00368207
1.72378 	0.00370301
1.72334 	0.00372246
1.72296 	0.00373494
1.72269 	0.00373713
1.72256 	0.00373218
1.72255 	0.00372505
1.72261 	0.00371845
1.72272 	0.0037129
1.72285 	0.00370825
1.72301 	0.00370468
1.7232 	0.00370253
1.72341 	0.00370133
1.72361 	0.00369974
1.72378 	0.00369661
1.7239 	0.00369177
1.72398 	0.00368552
1.72399 	0.00367865
1.724 	0.00367177
1.72405 	0.00366522
1.72416 	0.00365987
1.72429 	0.00365557
1.72441 	0.00365083
1.72449 	0.00364486
1.72452 	0.00363819
1.72449 	0.00363158
1.72439 	0.00362624
1.72421 	0.00362382
1.72398 	0.00362475
1.72373 	0.00362678
1.7235 	0.00362716
1.72332 	0.00362512
1.72318 	0.00362125
1.72307 	0.00361615
1.723 	0.0036104
1.72293 	0.00360452
1.72285 	0.00359868
1.7228 	0.00359257
1.72279 	0.00358609
1.72282 	0.00357974
1.72285 	0.00357348
1.72287 	0.00356708
1.72284 	0.00356076
1.7228 	0.0035547
1.72276 	0.00354849
1.72278 	0.00354219
1.72283 	0.00353623
1.72289 	0.00353051
1.72295 	0.00352476
1.723 	0.00351884
1.72303 	0.00351273
1.72304 	0.00350655
1.72306 	0.00350042
1.72307 	0.0034943
1.72307 	0.00348817
1.7231 	0.00348212
1.7232 	0.00347758
1.72337 	0.00347551
1.72352 	0.0034729
1.72361 	0.00346804
1.72362 	0.00346203
1.72355 	0.00345678
1.72341 	0.00345362
1.72325 	0.00345131
1.72312 	0.0034479
1.72301 	0.0034437
1.7229 	0.00343958
1.72279 	0.00343542
1.72271 	0.00343038
1.7227 	0.00342454
1.72276 	0.00341929
1.7229 	0.00341616
1.72308 	0.00341537
1.72329 	0.00341598
1.7235 	0.00341659
1.72368 	0.00341534
1.72377 	0.00341083
1.72373 	0.00340529
1.72356 	0.00340419
1.7233 	0.0034084
1.72306 	0.00341092
1.72291 	0.0034084
1.72284 	0.00340336
1.72282 	0.00339774
1.72284 	0.00339211
1.72291 	0.00338733
1.72306 	0.00338475
1.72324 	0.00338397
1.72343 	0.00338354
1.72362 	0.00338354
1.72382 	0.00338398
1.72399 	0.0033824
1.72406 	0.00337755
1.72401 	0.00337235
1.72387 	0.00336964
1.72371 	0.00336785
1.7236 	0.0033641
1.72357 	0.00335873
1.72362 	0.00335353
1.7237 	0.003349
1.72377 	0.00334441
1.72384 	0.00333961
1.72392 	0.00333528
1.72408 	0.00333365
1.72434 	0.00333829
1.72466 	0.00334869
1.72498 	0.00335791
1.7252 	0.00336018
1.72532 	0.00335671
1.72535 	0.00335152
1.72536 	0.00334619
1.72537 	0.00334085
1.72534 	0.00333566
1.72524 	0.00333174
1.72509 	0.00332988
1.72495 	0.00332756
1.72489 	0.00332292
1.72489 	0.00331767
1.72491 	0.00331248
1.72491 	0.00330726
1.72491 	0.00330206
1.72491 	0.00329688
1.72491 	0.00329171
1.72488 	0.00328668
1.72482 	0.0032822
1.72478 	0.00327729
1.72485 	0.00327294
1.72504 	0.0032735
1.72531 	0.00327956
1.7256 	0.00328704
1.72585 	0.00329123
1.72601 	0.00329019
1.72608 	0.00328574
1.72607 	0.00328068
1.72605 	0.00327568
1.72608 	0.00327074
1.72617 	0.00326708
1.72633 	0.00326593
1.72653 	0.00326736
1.72676 	0.00327016
1.72697 	0.00327185
1.72713 	0.00327085
1.72724 	0.00326781
1.72732 	0.00326388
1.72739 	0.00325959
1.72743 	0.00325493
1.72744 	0.00325004
1.72743 	0.00324518
1.72737 	0.0032407
1.72729 	0.00323691
1.7272 	0.00323332
1.72715 	0.00322883
1.72717 	0.00322403
1.72723 	0.00321976
1.72731 	0.00321595
1.72739 	0.00321226
1.72747 	0.00320835
1.72752 	0.00320402
1.72755 	0.00319938
1.72753 	0.00319467
1.72745 	0.00319094
1.7273 	0.00318983
1.7271 	0.0031916
1.7269 	0.00319307
1.72679 	0.00319015
1.72682 	0.00318559
1.72694 	0.00318324
1.72707 	0.00318103
1.72712 	0.0031768
1.72709 	0.00317229
1.72706 	0.00316782
1.72711 	0.00316371
1.72727 	0.00316294
1.72747 	0.00316494
1.72767 	0.00316623
1.7278 	0.00316457
1.72786 	0.00316048
1.72784 	0.00315598
1.72779 	0.00315186
1.72774 	0.00314762
1.72771 	0.00314322
1.7277 	0.00313873
1.7277 	0.00313423
1.72772 	0.00312979
1.72775 	0.00312544
1.72777 	0.00312108
1.72778 	0.00311664
1.72776 	0.00311226
1.72773 	0.003108
1.72772 	0.0031036
1.72777 	0.00309955
1.72787 	0.00309684
1.72798 	0.0030945
1.72804 	0.00309071
1.72802 	0.00308642
1.72795 	0.00308279
1.72789 	0.00307909
1.72785 	0.00307505
1.72783 	0.00307084
1.72781 	0.00306657
1.72781 	0.00306229
1.72782 	0.00305802
1.72782 	0.00305377
1.72779 	0.00304966
1.72773 	0.00304592
1.72766 	0.00304249
1.7276 	0.00303899
1.72756 	0.003035
1.72758 	0.00303086
1.72765 	0.00302742
1.72773 	0.00302436
1.72779 	0.00302083
1.72783 	0.00301697
1.72788 	0.00301329
1.72798 	0.00301054
1.72811 	0.00300931
1.72827 	0.00300959
1.72845 	0.003011
1.72864 	0.00301287
1.72883 	0.00301437
1.72899 	0.00301457
1.7291 	0.00301262
1.72915 	0.00300891
1.72913 	0.0030049
1.72905 	0.00300193
1.72892 	0.00300059
1.72879 	0.00299937
1.72869 	0.00299698
1.72861 	0.00299397
1.72852 	0.00299126
1.72841 	0.00298951
1.72827 	0.00298845
1.72814 	0.00298739
1.72802 	0.00298581
1.72793 	0.00298328
1.72788 	0.00297973
1.72788 	0.00297577
1.72796 	0.00297276
1.7281 	0.00297231
1.72829 	0.00297445
1.72849 	0.00297672
1.72864 	0.00297697
1.72876 	0.00297531
1.72885 	0.00297269
1.72893 	0.00296998
1.72902 	0.00296746
1.72909 	0.00296435
1.7291 	0.00296048
1.72905 	0.00295701
1.72898 	0.00295408
1.72891 	0.00295107
1.72885 	0.00294784
1.7288 	0.00294442
1.72874 	0.00294107
1.72864 	0.00293892
1.72848 	0.0029398
1.72828 	0.00294294
1.72809 	0.00294511
1.72795 	0.00294454
1.72787 	0.00294192
1.72782 	0.00293856
1.72777 	0.00293511
1.72773 	0.00293167
1.72769 	0.00292823
1.72763 	0.00292506
1.72753 	0.00292307
1.72737 	0.00292323
1.7272 	0.00292454
1.72706 	0.0029242
1.72699 	0.00292143
1.72698 	0.00291772
1.72701 	0.0029142
1.72706 	0.00291084
1.72709 	0.0029073
1.72707 	0.00290367
1.727 	0.00290086
1.72691 	0.00289859
1.72684 	0.00289585
1.72678 	0.00289275
1.72672 	0.00288979
1.72664 	0.00288722
1.72656 	0.00288455
1.72653 	0.00288119
1.72653 	0.00287758
1.72655 	0.00287407
1.72656 	0.0028705
1.72656 	0.00286691
1.72658 	0.00286339
1.72663 	0.00286024
1.72669 	0.00285744
1.72674 	0.00285433
1.72675 	0.00285079
1.72667 	0.00284821
1.72652 	0.00284899
1.7263 	0.00285346
1.72608 	0.00285824
1.72592 	0.00285924
1.72586 	0.00285642
1.72589 	0.00285304
1.72597 	0.00285072
1.72608 	0.00284942
1.72622 	0.00284915
1.72637 	0.00284979
1.72653 	0.00285086
1.72669 	0.00285162
1.72683 	0.00285159
1.72695 	0.00285071
1.72705 	0.00284899
1.72712 	0.00284634
1.72713 	0.00284296
1.72709 	0.00283993
1.72697 	0.00283905
1.72679 	0.00284105
1.7266 	0.0028441
1.72644 	0.00284512
1.72633 	0.00284371
1.72627 	0.00284096
1.72625 	0.00283762
1.72628 	0.00283435
1.72636 	0.00283205
1.72647 	0.00283105
1.72659 	0.00283015
1.72667 	0.00282777
1.72667 	0.0028244
1.72662 	0.00282153
1.72655 	0.00281902
1.72649 	0.00281631
1.72644 	0.00281335
1.72641 	0.00281019
1.7264 	0.00280689
1.7264 	0.00280357
1.72642 	0.00280031
1.72644 	0.00279715
1.72649 	0.00279422
1.72656 	0.00279182
1.72666 	0.00279025
1.72676 	0.00278902
1.72686 	0.00278735
1.72694 	0.00278512
1.727 	0.00278261
1.72707 	0.00278027
1.72716 	0.00277857
1.72728 	0.00277779
1.72741 	0.00277746
1.72752 	0.00277647
1.72759 	0.00277428
1.72763 	0.00277126
1.72762 	0.00276806
1.72759 	0.0027651
1.72755 	0.00276216
1.72754 	0.00275898
1.72755 	0.00275583
1.72756 	0.00275266
1.72755 	0.0027495
1.72755 	0.00274634
1.72759 	0.00274354
1.7277 	0.00274241
1.72786 	0.00274377
1.72804 	0.0027466
1.72821 	0.00274906
1.72838 	0.00275085
1.72855 	0.00275313
1.72874 	0.00275667
1.72894 	0.00276051
1.72911 	0.00276288
1.72924 	0.0027628
1.72932 	0.00276072
1.72936 	0.00275786
1.7294 	0.00275512
1.72949 	0.00275347
1.72962 	0.00275316
1.72973 	0.00275243
1.7298 	0.00275017
1.72982 	0.00274719
1.72984 	0.00274416
1.72988 	0.00274142
1.72994 	0.00273891
1.72996 	0.00273593
1.72991 	0.00273335
1.72977 	0.00273403
1.72954 	0.00274082
1.72925 	0.00275287
1.72896 	0.00276441
1.72873 	0.00277149
1.72854 	0.00277445
1.72841 	0.00277471
1.72831 	0.00277334
1.72825 	0.00277104
1.7282 	0.00276827
1.72818 	0.00276529
1.72819 	0.00276224
1.72823 	0.00275952
1.72833 	0.00275848
1.7285 	0.00276059
1.7287 	0.00276499
1.72889 	0.00276842
1.72904 	0.00276901
1.72913 	0.00276769
1.72921 	0.00276579
1.72929 	0.00276381
1.72934 	0.00276128
1.72933 	0.00275828
1.72927 	0.00275608
1.72919 	0.00275417
1.72916 	0.00275135
1.7292 	0.00274866
1.7293 	0.00274739
1.72942 	0.00274709
1.72954 	0.002747
1.72967 	0.0027469
1.72979 	0.00274671
1.7299 	0.00274595
1.72998 	0.00274412
1.73001 	0.00274137
1.73 	0.00273844
1.72997 	0.00273564
1.72997 	0.0027327
1.73001 	0.00272999
1.73005 	0.00272735
1.73006 	0.00272447
1.73008 	0.00272161
1.73015 	0.00271969
1.73028 	0.00271988
1.73044 	0.00272154
1.73059 	0.00272274
1.7307 	0.00272221
1.73077 	0.00272021
1.7308 	0.00271754
1.73082 	0.00271472
1.73084 	0.0027119
1.73086 	0.00270912
1.73088 	0.00270634
1.73091 	0.00270361
1.73095 	0.0027011
1.73101 	0.0026989
1.73108 	0.00269688
1.73115 	0.0026949
1.73121 	0.00269286
1.73127 	0.00269066
1.73132 	0.00268826
1.73135 	0.00268568
1.73137 	0.00268293
1.73135 	0.00268017
1.7313 	0.00267798
1.73121 	0.00267651
1.73113 	0.00267484
1.73109 	0.00267241
1.73108 	0.00266967
1.73107 	0.0026669
1.73105 	0.00266422
1.731 	0.002662
1.73089 	0.0026616
1.73069 	0.0026661
1.73042 	0.00267728
1.73013 	0.00268934
1.72994 	0.0026935
1.72988 	0.0026914
1.72991 	0.00268882
1.72998 	0.00268684
1.73004 	0.00268483
1.73009 	0.00268261
1.73014 	0.00268034
1.7302 	0.00267815
1.73025 	0.0026759
1.73028 	0.00267329
1.73027 	0.00267059
1.73023 	0.00266811
1.73018 	0.00266591
1.7301 	0.00266428
1.72999 	0.00266392
1.72984 	0.00266518
1.72969 	0.00266714
1.72954 	0.0026684
1.72943 	0.00266813
1.72936 	0.00266628
1.72933 	0.00266372
1.72933 	0.00266103
1.72937 	0.00265854
1.72945 	0.00265706
1.72957 	0.00265716
1.7297 	0.00265782
1.72982 	0.0026577
1.7299 	0.00265647
1.72996 	0.00265433
1.72996 	0.00265168
1.72993 	0.00264922
1.72989 	0.00264692
1.72986 	0.00264442
1.72985 	0.00264179
1.72987 	0.0026392
1.72991 	0.00263682
1.72996 	0.00263484
1.73004 	0.00263339
1.73014 	0.00263247
1.73024 	0.00263184
1.73034 	0.00263124
1.73044 	0.0026304
1.73052 	0.00262903
1.73057 	0.002627
1.73059 	0.0026245
1.73058 	0.00262196
1.73052 	0.00262013
1.73041 	0.00261958
1.73032 	0.00261878
1.73028 	0.00261642
1.73032 	0.00261414
1.7304 	0.00261261
1.73046 	0.00261095
1.73051 	0.00260875
1.73051 	0.00260622
1.73049 	0.00260381
1.73044 	0.00260165
1.7304 	0.00259941
1.73038 	0.00259702
1.73035 	0.00259464
1.73031 	0.00259239
1.73026 	0.00259044
1.73019 	0.002589
1.7301 	0.00258801
1.73001 	0.00258705
1.72993 	0.00258576
1.72987 	0.002584
1.72982 	0.00258188
1.72978 	0.0025797
1.72973 	0.00257773
1.72966 	0.00257627
1.72956 	0.00257578
1.72942 	0.00257683
1.72926 	0.00257953
1.72908 	0.00258312
1.72891 	0.00258641
1.72876 	0.00258835
1.72864 	0.00258863
1.72855 	0.0025876
1.72849 	0.00258588
1.72845 	0.00258382
1.72842 	0.0025815
1.72842 	0.00257905
1.72847 	0.00257703
1.72856 	0.00257609
1.72868 	0.00257633
1.7288 	0.00257706
1.72892 	0.00257731
1.72901 	0.00257631
1.72905 	0.00257416
1.72904 	0.00257174
1.72903 	0.00256934
1.72904 	0.00256694
1.72907 	0.00256474
1.72912 	0.00256281
1.72918 	0.00256105
1.72924 	0.00255934
1.72929 	0.00255744
1.72932 	0.00255518
1.7293 	0.00255283
1.72924 	0.00255116
1.72916 	0.00255028
1.72909 	0.00254888
1.72906 	0.00254661
1.72908 	0.0025443
1.72911 	0.0025421
1.72913 	0.00253981
1.72914 	0.00253747
1.72914 	0.00253512
1.72913 	0.00253277
1.72913 	0.00253044
1.72913 	0.0025281
1.72912 	0.00252576
1.72911 	0.00252347
1.72908 	0.00252136
1.72903 	0.00251951
1.72898 	0.00251767
1.72895 	0.00251555
1.72895 	0.00251324
1.72898 	0.00251113
1.72902 	0.00250906
1.72904 	0.00250686
1.72905 	0.0025046
1.72905 	0.00250231
1.72902 	0.00250019
1.72896 	0.00249856
1.7289 	0.00249724
1.72884 	0.00249566
1.7288 	0.00249359
1.7288 	0.00249133
1.72883 	0.00248917
1.72886 	0.00248709
1.72889 	0.00248506
1.72894 	0.00248334
1.72902 	0.00248234
1.72912 	0.00248208
1.72922 	0.0024819
1.72931 	0.00248115
1.72938 	0.00247989
1.72944 	0.00247838
1.72949 	0.00247673
1.72954 	0.00247498
1.72959 	0.00247323
1.72965 	0.00247178
1.72974 	0.00247122
1.72986 	0.00247186
1.72999 	0.00247294
1.7301 	0.00247331
1.73019 	0.00247256
1.73024 	0.00247093
1.73026 	0.00246884
1.73026 	0.00246663
1.73025 	0.00246446
1.73025 	0.00246227
1.73026 	0.0024601
1.73027 	0.00245793
1.73026 	0.00245577
1.73022 	0.00245392
1.73015 	0.00245276
1.73006 	0.00245219
1.72997 	0.00245179
1.72987 	0.00245139
1.72978 	0.00245094
1.7297 	0.00245012
1.72965 	0.00244851
1.72963 	0.0024464
1.72965 	0.00244428
1.72966 	0.00244217
1.72965 	0.00244006
1.72959 	0.00243871
1.72947 	0.00243913
1.72933 	0.00244094
1.7292 	0.00244245
1.7291 	0.0024425
1.72903 	0.00244137
1.72897 	0.00243993
1.7289 	0.00243886
1.72881 	0.00243841
1.72872 	0.00243793
1.72865 	0.00243668
1.72863 	0.00243472
1.72863 	0.00243261
1.72866 	0.00243063
1.72868 	0.00242867
1.72872 	0.00242677
1.72878 	0.00242539
1.72887 	0.00242533
1.72901 	0.00242688
1.72916 	0.00242963
1.72932 	0.00243286
1.72948 	0.00243568
1.7296 	0.0024368
1.72967 	0.00243563
1.72966 	0.00243354
1.72961 	0.00243198
1.72956 	0.00243043
1.72955 	0.00242837
1.7296 	0.00242675
1.7297 	0.00242686
1.72984 	0.00242866
1.72998 	0.00243044
1.73007 	0.00243023
1.73009 	0.00242824
1.73003 	0.00242698
1.7299 	0.00242811
1.72976 	0.00243058
1.72961 	0.00243285
1.72947 	0.00243469
1.72934 	0.00243609
1.72923 	0.00243643
1.72917 	0.00243535
1.72915 	0.00243337
1.72916 	0.00243137
1.72918 	0.00242938
1.72916 	0.0024274
1.72909 	0.00242634
1.729 	0.00242607
1.72892 	0.00242537
1.72886 	0.00242403
1.72883 	0.00242221
1.72883 	0.00242018
1.72887 	0.00241853
1.72896 	0.00241794
1.72907 	0.00241863
1.72921 	0.00242051
1.72937 	0.00242373
1.72955 	0.00242871
1.72976 	0.0024357
1.72999 	0.00244438
1.73023 	0.00245402
1.73047 	0.00246397
1.73071 	0.00247304
1.7309 	0.00247888
1.73103 	0.00248012
1.73108 	0.00247858
1.73108 	0.00247653
1.73106 	0.00247453
1.73105 	0.00247251
1.73106 	0.00247048
1.7311 	0.00246868
1.73114 	0.00246707
1.73118 	0.00246525
1.73117 	0.00246322
1.73114 	0.00246138
1.73113 	0.00245939
1.73116 	0.00245759
1.73123 	0.00245652
1.7313 	0.0024554
1.73133 	0.00245367
1.73135 	0.00245169
1.73136 	0.00244971
1.73139 	0.00244792
1.73144 	0.00244646
1.73149 	0.00244499
1.73153 	0.00244324
1.73155 	0.00244137
1.73159 	0.00243969
1.73166 	0.00243884
1.73175 	0.0024385
1.73182 	0.00243728
1.73181 	0.0024353
1.73176 	0.00243401
1.73169 	0.00243305
1.73165 	0.00243136
1.73166 	0.00242943
1.73171 	0.00242787
1.73175 	0.00242632
1.73176 	0.0024244
1.73172 	0.0024228
1.73162 	0.00242315
1.73147 	0.00242558
1.73132 	0.00242827
1.73119 	0.00242984
1.7311 	0.00242967
1.73105 	0.00242814
1.73105 	0.0024262
1.73105 	0.00242426
1.73105 	0.00242232
1.73103 	0.00242046
1.731 	0.00241869
1.73099 	0.00241681
1.731 	0.00241493
1.73105 	0.00241349
1.73112 	0.00241267
1.73121 	0.0024122
1.73129 	0.00241159
1.73134 	0.00241033
1.73136 	0.00240848
1.73134 	0.00240667
1.73128 	0.00240541
1.7312 	0.002405
1.73108 	0.00240582
1.73095 	0.00240759
1.73083 	0.00240873
1.73075 	0.002408
1.73074 	0.00240613
1.73079 	0.00240473
1.73088 	0.00240457
1.73099 	0.0024052
1.7311 	0.00240586
1.7312 	0.00240616
1.73129 	0.0024057
1.73133 	0.00240427
1.73134 	0.00240239
1.73133 	0.00240052
1.73134 	0.00239864
1.73136 	0.00239687
1.7314 	0.00239533
1.73144 	0.00239385
1.73146 	0.00239206
1.73143 	0.00239036
1.73135 	0.00238997
1.73123 	0.00239114
1.73111 	0.00239219
1.73103 	0.00239181
1.73098 	0.00239037
1.73097 	0.00238856
1.73097 	0.0023867
1.73096 	0.00238485
1.73095 	0.00238304
1.73095 	0.0023812
1.73096 	0.00237938
1.73098 	0.00237772
1.73102 	0.00237622
1.73107 	0.00237472
1.7311 	0.00237321
1.73114 	0.00237169
1.73118 	0.00237014
1.73121 	0.00236851
1.73124 	0.00236687
1.73127 	0.00236529
1.73131 	0.00236371
1.73133 	0.00236202
1.73134 	0.00236025
1.73135 	0.00235844
1.73134 	0.00235666
1.73132 	0.00235493
1.7313 	0.0023532
1.73129 	0.00235143
1.73128 	0.00234964
1.73128 	0.00234785
1.73129 	0.00234606
1.73129 	0.00234428
1.73128 	0.00234251
1.73126 	0.00234084
1.73124 	0.00233914
1.73126 	0.00233745
1.73135 	0.00233725
1.73148 	0.00233917
1.73161 	0.00234136
1.73173 	0.0023423
1.73182 	0.00234224
1.73189 	0.0023418
1.73196 	0.00234096
1.732 	0.00233961
1.73202 	0.0023379
1.73201 	0.00233618
1.73196 	0.00233482
1.73189 	0.00233413
1.73179 	0.00233444
1.73167 	0.00233593
1.73154 	0.00233761
1.73144 	0.00233814
1.73137 	0.00233743
1.73133 	0.00233612
1.73129 	0.00233471
1.73124 	0.00233349
1.73117 	0.00233256
1.73111 	0.00233169
1.73106 	0.00233056
1.73103 	0.00232902
1.73103 	0.00232728
1.73105 	0.00232566
1.73107 	0.002324
1.73105 	0.00232232
1.731 	0.0023212
1.73093 	0.00232059
1.73086 	0.00231988
1.7308 	0.00231891
1.73074 	0.00231789
1.73069 	0.00231692
1.73063 	0.00231583
1.73059 	0.00231449
1.73056 	0.00231297
1.73054 	0.00231135
1.73054 	0.00230964
1.73056 	0.00230806
1.73061 	0.00230687
1.73068 	0.00230617
1.73076 	0.00230594
1.73085 	0.00230615
1.73095 	0.00230647
1.73104 	0.00230635
1.7311 	0.00230552
1.73114 	0.00230416
1.73115 	0.00230251
1.73114 	0.00230087
1.7311 	0.00229942
1.73107 	0.00229795
1.73106 	0.00229631
1.73108 	0.00229471
1.73113 	0.0022936
1.7312 	0.00229312
1.73129 	0.00229301
1.73137 	0.00229295
1.73145 	0.00229267
1.73152 	0.00229202
1.73158 	0.0022911
1.73164 	0.00229011
1.73169 	0.00228913
1.73174 	0.00228798
1.73177 	0.00228649
1.73177 	0.00228484
1.73175 	0.00228331
1.73169 	0.00228231
1.73161 	0.00228222
1.73152 	0.00228218
1.73147 	0.0022811
1.73147 	0.00227947
1.73149 	0.00227791
1.73149 	0.00227629
1.73147 	0.00227477
1.73143 	0.0022736
1.73137 	0.0022726
1.73131 	0.00227186
1.73125 	0.00227096
1.73123 	0.00226939
1.73126 	0.00226795
1.73131 	0.00226682
1.73135 	0.00226559
1.73138 	0.00226413
1.73138 	0.00226252
1.73137 	0.00226096
1.73135 	0.00225946
1.73135 	0.00225785
1.73137 	0.00225633
1.73138 	0.00225478
1.73138 	0.00225318
1.73137 	0.00225161
1.73137 	0.00225001
1.73139 	0.00224852
1.73142 	0.00224717
1.73145 	0.00224571
1.73145 	0.00224413
1.73141 	0.00224279
1.73135 	0.00224202
1.73127 	0.00224192
1.73116 	0.00224288
1.73103 	0.00224538
1.73087 	0.00224909
1.73072 	0.00225266
1.73059 	0.00225486
1.7305 	0.00225526
1.73045 	0.00225424
1.73044 	0.00225268
1.73045 	0.00225116
1.73048 	0.00224971
1.7305 	0.00224821
1.7305 	0.00224666
1.73051 	0.00224509
1.73053 	0.0022436
1.73057 	0.00224244
1.73064 	0.00224194
1.73073 	0.00224196
1.73081 	0.00224184
1.73086 	0.00224093
1.73088 	0.00223944
1.73087 	0.0022379
1.73083 	0.0022366
1.73077 	0.00223585
1.73069 	0.00223573
1.73061 	0.0022358
1.73053 	0.00223562
1.73047 	0.00223493
1.73044 	0.00223361
1.73044 	0.00223209
1.7305 	0.00223113
1.73058 	0.00223133
1.73069 	0.0022325
1.7308 	0.00223344
1.73087 	0.00223303
1.73089 	0.00223155
1.73085 	0.00223032
1.73077 	0.00223006
1.73068 	0.00223065
1.73057 	0.0022316
1.73047 	0.00223234
1.73039 	0.00223238
1.73033 	0.00223157
1.73031 	0.00223017
1.73032 	0.00222867
1.73035 	0.00222739
1.73038 	0.00222614
1.7304 	0.00222466
1.73038 	0.0022232
1.73034 	0.00222207
1.73029 	0.0022212
1.73024 	0.00222023
1.7302 	0.0022191
1.73015 	0.002218
1.7301 	0.00221706
1.73005 	0.00221616
1.73 	0.00221518
1.72996 	0.00221411
1.72992 	0.00221299
1.72988 	0.00221183
1.72984 	0.00221062
1.72981 	0.00220943
1.72976 	0.00220842
1.7297 	0.00220768
1.72964 	0.00220695
1.7296 	0.00220582
1.7296 	0.00220434
1.72963 	0.00220313
1.72971 	0.00220288
1.72981 	0.00220387
1.72993 	0.00220538
1.73003 	0.0022063
1.73011 	0.00220621
1.73016 	0.00220525
1.73016 	0.00220378
1.73012 	0.00220268
1.73005 	0.00220241
1.72997 	0.00220244
1.72989 	0.00220238
1.72981 	0.00220224
1.72975 	0.00220172
1.72972 	0.00220045
1.72972 	0.002199
1.72975 	0.00219766
1.72978 	0.00219642
1.72982 	0.0021953
1.72985 	0.00219406
1.72985 	0.0021926
1.72983 	0.00219124
1.72981 	0.0021899
1.72981 	0.00218845
1.72982 	0.00218702
1.72982 	0.00218557
1.72977 	0.00218458
1.72967 	0.00218524
1.72953 	0.00218836
1.72938 	0.00219249
1.72925 	0.00219495
1.72917 	0.00219498
1.72913 	0.00219376
1.72914 	0.00219231
1.72915 	0.00219093
1.72917 	0.00218955
1.72917 	0.00218811
1.72916 	0.00218671
1.72913 	0.00218543
1.72911 	0.00218413
1.72911 	0.0021827
1.72913 	0.00218134
1.72915 	0.00218006
1.72917 	0.00217871
1.72917 	0.00217728
1.72914 	0.002176
1.7291 	0.00217508
1.72904 	0.00217432
1.72901 	0.00217322
1.72901 	0.0021718
1.72904 	0.00217072
1.72912 	0.00217054
1.72922 	0.00217153
1.72934 	0.0021734
1.72946 	0.00217515
1.72955 	0.00217579
1.72961 	0.00217531
1.72966 	0.00217437
1.7297 	0.00217339
1.72975 	0.00217244
1.72978 	0.00217133
1.72979 	0.00216995
1.72978 	0.00216859
1.72976 	0.00216728
1.72976 	0.00216588
1.72979 	0.00216471
1.72985 	0.002164
1.7299 	0.0021633
1.72994 	0.00216226
1.72997 	0.00216105
1.73001 	0.00215997
1.73007 	0.00215948
1.73016 	0.00215992
1.73026 	0.00216118
1.73038 	0.00216276
1.73048 	0.00216404
1.73057 	0.00216451
1.73064 	0.0021641
1.73068 	0.00216315
1.73072 	0.00216203
1.73075 	0.00216089
1.73078 	0.00215969
1.73078 	0.00215833
1.73076 	0.00215706
1.73072 	0.00215611
1.73068 	0.00215509
1.73066 	0.00215379
1.73067 	0.00215242
1.73068 	0.0021511
1.73069 	0.00214974
1.73066 	0.0021485
1.73061 	0.00214772
1.73055 	0.00214741
1.73047 	0.00214724
1.73043 	0.00214637
1.73043 	0.00214502
1.73049 	0.00214429
1.73055 	0.00214388
1.73059 	0.00214284
1.73057 	0.00214155
1.7305 	0.00214132
1.73041 	0.00214176
1.73035 	0.00214141
1.73032 	0.00214026
1.73031 	0.00213893
1.7303 	0.00213761
1.73028 	0.00213634
1.73027 	0.00213503
1.73026 	0.0021337
1.73026 	0.00213236
1.73025 	0.00213103
1.73026 	0.00212971
1.73029 	0.00212849
1.73031 	0.00212727
1.73031 	0.00212594
1.73028 	0.00212481
1.73024 	0.00212389
1.7302 	0.00212285
1.73018 	0.00212163
1.73017 	0.00212034
1.73017 	0.00211902
1.73017 	0.00211772
1.73019 	0.00211645
1.73019 	0.00211513
1.73018 	0.00211384
1.73018 	0.00211253
1.73018 	0.00211123
1.7302 	0.00210997
1.73022 	0.00210877
1.73025 	0.00210764
1.73028 	0.00210651
1.73029 	0.00210523
1.73026 	0.00210406
1.7302 	0.00210375
1.7301 	0.00210446
1.73 	0.00210561
1.7299 	0.00210666
1.72981 	0.00210725
1.72974 	0.00210727
1.72968 	0.0021069
1.72962 	0.0021063
1.72958 	0.00210551
1.72954 	0.00210458
1.7295 	0.00210364
1.72945 	0.0021029
1.72939 	0.00210236
1.72934 	0.00210173
1.72929 	0.002101
1.72924 	0.00210046
1.72917 	0.00210013
1.72912 	0.00209943
1.72911 	0.00209819
1.72913 	0.00209703
1.72917 	0.00209608
1.7292 	0.00209497
1.7292 	0.00209371
1.7292 	0.00209243
1.7292 	0.00209116
1.72922 	0.00208994
1.72925 	0.00208887
1.72928 	0.00208787
1.72931 	0.00208681
1.72933 	0.00208567
1.72936 	0.00208454
1.72939 	0.00208357
1.72943 	0.00208276
1.72949 	0.00208211
1.72954 	0.00208166
1.7296 	0.00208125
1.72966 	0.00208074
1.72971 	0.00208017
1.72977 	0.00207965
1.72983 	0.0020794
1.72991 	0.00207971
1.73 	0.00208041
1.73009 	0.00208094
1.73016 	0.00208096
1.73022 	0.00208053
1.73027 	0.00207986
1.73032 	0.00207924
1.73037 	0.00207857
1.73039 	0.00207741
1.73036 	0.00207641
1.7303 	0.00207607
1.73025 	0.00207543
1.73023 	0.00207424
1.73025 	0.00207313
1.73031 	0.00207266
1.73039 	0.00207286
1.73047 	0.00207312
1.73053 	0.00207273
1.73055 	0.00207159
1.73052 	0.00207049
1.73047 	0.00206991
1.73042 	0.00206942
1.73037 	0.00206859
1.73036 	0.00206742
1.73036 	0.00206619
1.73036 	0.00206496
1.73034 	0.00206387
1.7303 	0.00206301
1.73028 	0.00206184
1.73033 	0.00206107
1.73042 	0.00206188
1.73053 	0.00206363
1.73064 	0.00206525
1.73073 	0.0020663
1.73082 	0.00206674
1.73089 	0.00206677
1.73096 	0.00206664
1.73102 	0.00206636
1.73106 	0.00206562
1.73109 	0.00206459
1.73113 	0.00206385
1.73121 	0.00206415
1.73132 	0.00206545
1.73142 	0.00206684
1.7315 	0.00206738
1.73156 	0.00206687
1.73159 	0.00206586
1.73161 	0.00206473
1.73162 	0.00206356
1.73162 	0.00206235
1.73159 	0.00206133
1.73154 	0.00206065
1.7315 	0.00205998
1.73146 	0.00205912
1.73143 	0.00205811
1.73141 	0.00205698
1.7314 	0.00205581
1.73139 	0.00205463
1.73138 	0.00205346
1.73137 	0.00205229
1.73136 	0.00205112
1.73137 	0.00204993
1.7314 	0.00204893
1.73144 	0.00204822
1.73149 	0.00204766
1.73154 	0.00204697
1.73157 	0.0020461
1.7316 	0.0020451
1.73162 	0.00204398
1.73162 	0.0020428
1.73159 	0.00204181
1.73153 	0.00204155
1.73145 	0.00204194
1.73138 	0.00204192
1.73134 	0.00204102
1.73135 	0.00203984
1.73136 	0.0020387
1.73135 	0.00203755
1.7313 	0.002037
1.73122 	0.0020373
1.73114 	0.00203763
1.73108 	0.00203733
1.73106 	0.00203634
1.73107 	0.00203519
1.73111 	0.00203445
1.73117 	0.00203414
1.73122 	0.00203381
1.73127 	0.0020331
1.73129 	0.00203203
1.73128 	0.00203087
1.73127 	0.00202977
1.73126 	0.00202862
1.73129 	0.00202769
1.73137 	0.00202805
1.73149 	0.00203029
1.73162 	0.00203331
1.73173 	0.00203525
1.7318 	0.00203542
1.73184 	0.00203456
1.73185 	0.00203344
1.73185 	0.00203228
1.73184 	0.00203117
1.73181 	0.00203017
1.73178 	0.00202929
1.73175 	0.00202837
1.73174 	0.00202722
1.73178 	0.00202649
1.73187 	0.00202694
1.73196 	0.00202797
1.73204 	0.00202845
1.73209 	0.002028
1.73212 	0.00202698
1.73211 	0.00202584
1.73209 	0.0020248
1.73206 	0.00202396
1.73202 	0.00202329
1.73197 	0.00202273
1.73192 	0.00202207
1.73189 	0.00202116
1.73188 	0.00202007
1.73188 	0.00201893
1.7319 	0.00201785
1.73191 	0.00201677
1.73192 	0.00201564
1.7319 	0.00201456
1.73187 	0.00201374
1.73181 	0.00201336
1.73175 	0.00201324
1.73169 	0.00201298
1.73164 	0.00201241
1.73161 	0.00201152
1.7316 	0.00201044
1.73159 	0.00200932
1.7316 	0.0020082
1.7316 	0.00200709
1.7316 	0.00200597
1.73159 	0.0020049
1.73156 	0.00200396
1.73153 	0.00200314
1.7315 	0.00200221
1.73149 	0.00200112
1.7315 	0.00200002
1.73151 	0.00199894
1.73151 	0.00199784
1.73151 	0.00199673
1.73151 	0.00199562
1.73153 	0.00199458
1.73156 	0.00199372
1.73159 	0.00199282
1.73159 	0.00199173
1.73158 	0.00199069
1.73155 	0.00198981
1.73152 	0.00198895
1.7315 	0.00198794
1.73149 	0.00198685
1.73148 	0.00198579
1.73147 	0.00198471
1.7315 	0.00198375
1.73154 	0.0019831
1.73158 	0.00198251
1.73163 	0.00198189
1.73166 	0.00198115
1.73169 	0.00198021
1.7317 	0.00197914
1.7317 	0.00197806
1.73171 	0.001977
1.73173 	0.00197602
1.73176 	0.00197506
1.73177 	0.00197401
1.73176 	0.00197296
1.73173 	0.00197211
1.73169 	0.00197132
1.73168 	0.00197031
1.7317 	0.00196934
1.73175 	0.00196901
1.73182 	0.00196911
1.73188 	0.00196895
1.73192 	0.00196832
1.73195 	0.0019674
1.73197 	0.00196643
1.732 	0.00196555
1.73203 	0.00196487
1.73208 	0.00196434
1.73212 	0.00196377
1.73216 	0.00196305
1.73219 	0.00196215
1.7322 	0.00196111
1.73219 	0.00196005
1.73218 	0.00195901
1.73218 	0.00195796
1.73218 	0.0019569
1.73218 	0.00195584
1.73218 	0.0019548
1.73215 	0.0019539
1.73211 	0.00195337
1.73204 	0.00195327
1.73198 	0.00195334
1.73192 	0.00195306
1.73189 	0.00195229
1.73187 	0.00195131
1.73186 	0.00195029
1.73185 	0.00194928
1.73184 	0.00194828
1.73182 	0.00194733
1.73179 	0.00194649
1.73175 	0.00194573
1.73172 	0.00194507
1.73167 	0.00194456
1.73162 	0.00194424
1.73156 	0.00194403
1.7315 	0.00194392
1.73143 	0.001944
1.73136 	0.00194432
1.73129 	0.00194468
1.73122 	0.00194469
1.73117 	0.0019443
1.73113 	0.0019437
1.7311 	0.00194292
1.73108 	0.00194196
1.73108 	0.00194092
1.7311 	0.00193992
1.73111 	0.00193891
1.73109 	0.00193792
1.73105 	0.0019373
1.73101 	0.00193685
1.73098 	0.00193604
1.73098 	0.00193501
1.731 	0.00193416
1.73104 	0.00193343
1.73106 	0.00193258
1.73109 	0.00193174
1.73113 	0.00193124
1.7312 	0.00193125
1.73127 	0.00193166
1.73135 	0.00193245
1.73145 	0.0019336
1.73154 	0.00193485
1.73162 	0.00193564
1.73169 	0.00193565
1.73173 	0.00193503
1.73174 	0.00193409
1.73174 	0.00193308
1.73172 	0.00193222
1.73166 	0.00193189
1.73159 	0.00193221
1.73152 	0.00193274
1.73145 	0.00193292
1.7314 	0.00193251
1.73137 	0.00193169
1.73137 	0.00193068
1.7314 	0.00192988
1.73146 	0.00192991
1.73155 	0.00193113
1.73167 	0.00193345
1.73179 	0.0019365
1.73192 	0.00193974
1.73204 	0.00194227
1.73213 	0.00194331
1.73218 	0.00194296
1.73219 	0.00194199
1.73217 	0.00194107
1.73213 	0.00194051
1.73208 	0.00194026
1.73202 	0.00194
1.73198 	0.0019395
1.73194 	0.0019388
1.73192 	0.00193794
1.73191 	0.00193695
1.73193 	0.00193602
1.73197 	0.00193539
1.73202 	0.00193504
1.73207 	0.00193483
1.73213 	0.00193469
1.73218 	0.00193443
1.73222 	0.00193377
1.73223 	0.0019328
1.73223 	0.0019318
1.73223 	0.00193081
1.73225 	0.00192999
1.7323 	0.00192965
1.73236 	0.00192955
1.73241 	0.00192908
1.73242 	0.00192815
1.73241 	0.00192719
1.73239 	0.00192638
1.73235 	0.00192569
1.73231 	0.00192507
1.73228 	0.00192437
1.73226 	0.00192348
1.73226 	0.0019225
1.73227 	0.00192157
1.7323 	0.00192083
1.73234 	0.00192022
1.73238 	0.00191956
1.7324 	0.00191873
1.73242 	0.00191781
1.73243 	0.00191686
1.73244 	0.00191591
1.73245 	0.00191496
1.73246 	0.00191399
1.73245 	0.00191301
1.73244 	0.00191207
1.73242 	0.00191122
1.73239 	0.00191048
1.73236 	0.00190978
1.73233 	0.00190909
1.73229 	0.00190848
1.73225 	0.00190797
1.73221 	0.00190742
1.73218 	0.00190666
1.73217 	0.00190572
1.73218 	0.00190479
1.73221 	0.00190415
1.73227 	0.00190401
1.73234 	0.00190433
1.73241 	0.00190468
1.73247 	0.00190451
1.7325 	0.00190386
1.73252 	0.001903
1.73252 	0.00190204
1.73249 	0.00190138
1.73243 	0.00190129
1.73238 	0.00190088
1.73237 	0.00189995
1.73238 	0.00189902
1.73239 	0.00189809
1.73239 	0.00189713
1.7324 	0.00189619
1.73243 	0.00189552
1.73249 	0.00189535
1.73255 	0.00189537
1.7326 	0.00189525
1.73266 	0.0018951
1.73272 	0.00189512
1.73278 	0.00189525
1.73284 	0.00189518
1.73289 	0.00189477
1.73292 	0.00189411
1.73294 	0.00189326
1.73294 	0.00189231
1.73291 	0.00189156
1.73287 	0.001891
1.73284 	0.00189026
1.73284 	0.00188931
1.73287 	0.00188864
1.73294 	0.00188871
1.73302 	0.00188948
1.7331 	0.00189027
1.73316 	0.00189034
1.73319 	0.00188964
1.73318 	0.00188871
1.73315 	0.00188803
1.73312 	0.00188743
1.73309 	0.00188665
1.73307 	0.00188581
1.73304 	0.00188511
1.73299 	0.00188477
1.73294 	0.00188477
1.73287 	0.00188491
1.73281 	0.00188507
1.73274 	0.0018854
1.73267 	0.00188589
1.7326 	0.00188624
1.73253 	0.00188631
1.73248 	0.00188622
1.73242 	0.00188607
1.73237 	0.00188579
1.73233 	0.00188535
1.73229 	0.0018849
1.73224 	0.00188462
1.73218 	0.00188464
1.73211 	0.00188481
1.73205 	0.00188486
1.732 	0.00188466
1.73196 	0.00188418
1.73194 	0.00188338
1.73194 	0.00188246
1.73198 	0.0018819
1.73204 	0.0018818
1.73209 	0.00188164
1.73212 	0.00188096
1.73212 	0.00188004
1.73209 	0.00187927
1.73208 	0.00187838
1.73211 	0.0018777
1.73218 	0.00187798
1.73226 	0.00187885
1.73234 	0.00187932
1.73238 	0.00187905
1.73241 	0.00187835
1.73243 	0.00187751
1.73244 	0.00187661
1.73244 	0.0018757
1.73244 	0.00187478
1.73246 	0.00187393
1.73249 	0.00187321
1.73251 	0.00187249
1.73253 	0.00187167
1.73255 	0.00187089
1.73259 	0.0018704
1.73265 	0.00187042
1.73272 	0.00187076
1.73279 	0.00187103
1.73285 	0.00187102
1.7329 	0.00187088
1.73296 	0.00187085
1.73302 	0.001871
1.73308 	0.0018712
1.73314 	0.00187127
1.7332 	0.0018711
1.73324 	0.00187067
1.73327 	0.00187001
1.73328 	0.00186916
1.73328 	0.00186826
1.73327 	0.00186737
1.73328 	0.00186648
1.7333 	0.00186575
1.73334 	0.00186528
1.73339 	0.00186498
1.73344 	0.0018648
1.7335 	0.00186464
1.73354 	0.00186438
1.73359 	0.00186396
1.73362 	0.00186341
1.73365 	0.00186266
1.73365 	0.00186177
1.73363 	0.00186101
1.73358 	0.0018607
1.73352 	0.00186087
1.73345 	0.00186123
1.73339 	0.00186118
1.73336 	0.00186059
1.73334 	0.0018598
1.73332 	0.00185901
1.73329 	0.0018583
1.73326 	0.00185771
1.73322 	0.00185724
1.73318 	0.00185684
1.73314 	0.00185638
1.73311 	0.00185574
1.73309 	0.00185498
1.73307 	0.00185416
1.73306 	0.00185334
1.73304 	0.00185254
1.73303 	0.00185171
1.73303 	0.00185083
1.73305 	0.0018501
1.7331 	0.00184985
1.73317 	0.00185027
1.73325 	0.0018514
1.73335 	0.00185315
1.73346 	0.0018551
1.73355 	0.0018566
1.73363 	0.00185727
1.73368 	0.00185729
1.73374 	0.00185715
1.7338 	0.00185742
1.73389 	0.00185842
1.73398 	0.00185979
1.73406 	0.001861
1.73415 	0.00186212
1.73425 	0.0018637
1.73436 	0.00186605
1.73447 	0.00186892
1.73459 	0.00187165
1.73469 	0.00187359
1.73477 	0.00187441
1.73482 	0.00187417
1.73484 	0.00187338
1.73484 	0.0018725
1.73484 	0.00187162
1.73484 	0.00187074
1.73485 	0.00186991
1.73487 	0.00186916
1.73488 	0.00186831
1.73485 	0.0018676
1.73479 	0.00186775
1.73471 	0.00186867
1.73463 	0.00186952
1.73457 	0.00186976
1.73452 	0.0018694
1.73449 	0.00186873
1.73447 	0.00186797
1.73445 	0.00186718
1.73444 	0.00186635
1.73445 	0.00186548
1.73447 	0.00186473
1.7345 	0.00186417
1.73454 	0.00186363
1.73456 	0.00186291
1.73456 	0.00186205
1.73456 	0.00186119
1.73455 	0.00186035
1.73453 	0.00185957
1.73449 	0.00185915
1.73442 	0.00185954
1.73435 	0.00186017
1.7343 	0.00185995
1.73429 	0.00185912
1.7343 	0.00185831
1.73432 	0.00185762
1.73435 	0.00185693
1.73438 	0.00185632
1.73443 	0.00185617
1.73451 	0.00185681
1.73459 	0.00185792
1.73467 	0.00185874
1.73473 	0.00185875
1.73476 	0.0018581
1.73476 	0.00185724
1.73475 	0.0018564
1.73474 	0.00185559
1.73473 	0.00185476
1.73472 	0.00185393
1.73472 	0.00185307
1.73473 	0.00185226
1.73476 	0.00185157
1.73479 	0.00185096
1.73482 	0.00185035
1.73485 	0.00184975
1.73488 	0.00184915
1.73491 	0.00184853
1.73493 	0.00184782
1.73494 	0.00184701
1.73494 	0.00184617
1.73494 	0.00184533
1.73493 	0.00184452
1.73491 	0.00184376
1.73488 	0.00184308
1.73486 	0.00184241
1.73484 	0.00184162
1.73484 	0.00184078
1.73484 	0.00183995
1.73482 	0.00183917
1.7348 	0.00183843
1.73479 	0.00183762
1.73479 	0.00183678
1.73478 	0.00183596
1.73476 	0.00183526
1.73473 	0.00183474
1.73469 	0.00183424
1.73466 	0.00183362
1.73465 	0.00183287
1.73464 	0.00183205
1.73464 	0.00183122
1.73464 	0.00183039
1.73464 	0.00182956
1.73464 	0.00182873
1.73466 	0.00182796
1.73468 	0.00182733
1.73472 	0.00182681
1.73475 	0.00182625
1.73477 	0.00182558
1.73478 	0.0018248
1.73479 	0.00182399
1.73479 	0.00182316
1.7348 	0.00182235
1.73482 	0.00182162
1.73485 	0.0018211
1.73489 	0.00182067
1.73492 	0.00182007
1.73493 	0.00181929
1.73493 	0.00181848
1.73493 	0.00181766
1.73494 	0.00181685
1.73495 	0.00181609
1.73498 	0.00181549
1.73502 	0.00181517
1.73507 	0.00181506
1.73512 	0.00181491
1.73516 	0.00181456
1.7352 	0.00181403
1.73522 	0.00181337
1.73523 	0.0018126
1.73523 	0.00181178
1.73522 	0.00181102
1.7352 	0.00181029
1.73519 	0.0018095
1.7352 	0.00180872
1.73524 	0.00180824
1.73529 	0.00180815
1.73534 	0.00180809
1.73538 	0.00180772
1.7354 	0.00180708
1.73542 	0.00180634
1.73543 	0.00180558
1.73545 	0.00180484
1.73546 	0.00180409
1.73547 	0.0018033
1.73546 	0.00180253
1.73543 	0.001802
1.73538 	0.00180178
1.73534 	0.00180157
1.7353 	0.00180108
1.73529 	0.00180035
1.73529 	0.00179955
1.73531 	0.00179886
1.73534 	0.00179823
1.73535 	0.00179749
1.73534 	0.0017967
1.73532 	0.00179601
1.73531 	0.00179529
1.73531 	0.0017945
1.73532 	0.00179373
1.73533 	0.001793
1.73535 	0.0017923
1.73537 	0.00179165
1.7354 	0.00179101
1.73541 	0.00179031
1.73541 	0.00178952
1.7354 	0.00178882
1.73537 	0.00178831
1.73533 	0.0017878
1.73531 	0.00178721
1.73528 	0.00178659
1.73525 	0.00178609
1.7352 	0.00178588
1.73515 	0.00178606
1.73508 	0.00178655
1.73501 	0.00178712
1.73495 	0.00178732
1.73491 	0.00178688
1.73491 	0.0017861
1.73494 	0.00178553
1.73498 	0.00178525
1.73502 	0.00178485
1.73504 	0.00178419
1.73504 	0.00178341
1.73504 	0.00178264
1.73503 	0.00178188
1.73502 	0.00178116
1.735 	0.00178051
1.73497 	0.00177987
1.73496 	0.00177915
1.73496 	0.00177837
1.73497 	0.00177761
1.73497 	0.00177684
1.73496 	0.0017761
1.73494 	0.00177541
1.73493 	0.00177467
1.73493 	0.00177389
1.73494 	0.00177313
1.73494 	0.00177237
1.73494 	0.0017716
1.73494 	0.00177084
1.73492 	0.00177013
1.7349 	0.00176954
1.73486 	0.00176928
1.73479 	0.00176977
1.7347 	0.00177122
1.7346 	0.0017731
1.73451 	0.00177461
1.73444 	0.00177536
1.73439 	0.00177543
1.73435 	0.00177508
1.73432 	0.00177451
1.7343 	0.00177385
1.73429 	0.00177313
1.73428 	0.00177239
1.73427 	0.00177166
1.73425 	0.00177096
1.73424 	0.00177025
1.73424 	0.00176949
1.73425 	0.00176879
1.73427 	0.00176812
1.73429 	0.00176746
1.73431 	0.00176676
1.73431 	0.00176602
1.73431 	0.00176526
1.73431 	0.0017645
1.73432 	0.00176375
1.73433 	0.00176301
1.73432 	0.00176226
1.7343 	0.00176162
1.73427 	0.00176114
1.73425 	0.00176052
1.73425 	0.00175976
1.73426 	0.00175906
1.73427 	0.00175831
1.73426 	0.00175759
1.73424 	0.00175695
1.73422 	0.00175627
1.73422 	0.00175553
1.73422 	0.00175478
1.73423 	0.00175406
1.73424 	0.00175332
1.73423 	0.00175259
1.7342 	0.00175209
1.73416 	0.00175191
1.73411 	0.00175171
1.73409 	0.0017512
1.73407 	0.00175049
1.73408 	0.00174974
1.73409 	0.00174903
1.73411 	0.0017484
1.73413 	0.00174787
1.73417 	0.00174748
1.73421 	0.00174715
1.73424 	0.00174673
1.73427 	0.00174616
1.73428 	0.00174546
1.73427 	0.00174473
1.73425 	0.00174418
1.73421 	0.00174385
1.73417 	0.00174357
1.73413 	0.0017433
1.73409 	0.00174309
1.73404 	0.00174294
1.734 	0.00174271
1.73397 	0.00174225
1.73395 	0.00174161
1.73394 	0.00174092
1.73392 	0.00174026
1.73389 	0.00173977
1.73384 	0.00173981
1.73377 	0.00174063
1.73368 	0.00174187
1.7336 	0.00174294
1.73353 	0.00174371
1.73346 	0.00174438
1.73339 	0.00174492
1.73334 	0.00174501
1.73331 	0.00174455
1.7333 	0.00174384
1.7333 	0.00174311
1.73331 	0.0017424
1.73332 	0.00174169
1.73332 	0.00174096
1.73332 	0.00174024
1.73331 	0.00173951
1.73332 	0.00173879
1.73334 	0.00173821
1.73338 	0.00173787
1.73342 	0.00173762
1.73345 	0.00173715
1.73346 	0.00173645
1.73346 	0.00173573
1.73345 	0.00173501
1.73346 	0.00173432
1.73349 	0.00173383
1.73353 	0.00173354
1.73356 	0.00173315
1.73358 	0.00173248
1.73356 	0.00173184
1.73351 	0.00173177
1.73344 	0.0017324
1.73337 	0.00173323
1.73331 	0.00173362
1.73327 	0.0017334
1.73325 	0.00173281
1.73324 	0.0017321
1.73324 	0.00173139
1.73326 	0.00173073
1.73328 	0.00173018
1.73332 	0.00172987
1.73336 	0.00172961
1.73338 	0.00172908
1.73339 	0.00172836
1.73338 	0.00172768
1.73336 	0.00172701
1.73336 	0.0017263
1.73337 	0.00172561
1.73339 	0.00172499
1.73341 	0.00172439
1.73343 	0.00172376
1.73344 	0.00172308
1.73343 	0.00172238
1.73341 	0.00172186
1.73336 	0.00172171
1.73331 	0.00172177
1.73326 	0.00172169
1.73323 	0.00172126
1.73322 	0.00172058
1.73324 	0.00171991
1.73326 	0.00171945
1.73331 	0.00171922
1.73335 	0.00171906
1.73339 	0.00171876
1.73342 	0.0017183
1.73344 	0.00171778
1.73347 	0.0017174
1.73352 	0.00171735
1.73357 	0.00171733
1.73361 	0.00171699
1.73362 	0.00171638
1.73362 	0.00171568
1.7336 	0.00171507
1.73358 	0.00171453
1.73357 	0.00171387
1.73358 	0.00171319
1.7336 	0.00171269
1.73363 	0.00171218
1.73363 	0.00171148
1.73361 	0.00171098
1.73356 	0.00171094
1.7335 	0.00171112
1.73345 	0.0017113
1.7334 	0.00171145
1.73335 	0.00171145
1.73331 	0.00171111
1.7333 	0.0017105
1.73329 	0.00170981
1.73329 	0.00170912
1.73327 	0.00170852
1.73323 	0.00170836
1.73317 	0.00170875
1.73311 	0.00170907
1.73306 	0.00170903
1.73302 	0.00170882
1.73298 	0.00170869
1.73293 	0.00170865
1.73289 	0.00170837
1.73287 	0.00170779
1.73287 	0.00170711
1.73287 	0.00170642
1.73288 	0.00170578
1.7329 	0.00170516
1.73291 	0.0017045
1.7329 	0.00170383
1.73287 	0.00170343
1.73283 	0.0017033
1.73278 	0.00170324
1.73273 	0.00170319
1.73268 	0.00170318
1.73264 	0.00170319
1.73259 	0.00170318
1.73254 	0.00170311
1.7325 	0.00170288
1.73248 	0.0017024
1.73246 	0.00170177
1.73246 	0.0017011
1.73244 	0.00170046
1.73242 	0.00169988
1.7324 	0.00169931
1.73239 	0.00169866
1.7324 	0.00169799
1.73242 	0.00169749
1.73247 	0.00169733
1.73252 	0.00169743
1.73257 	0.00169762
1.73262 	0.00169771
1.73266 	0.00169754
1.73269 	0.00169706
1.7327 	0.00169643
1.73271 	0.00169577
1.73272 	0.0016951
1.7327 	0.00169447
1.73267 	0.00169413
1.73262 	0.00169406
1.73259 	0.00169379
1.73257 	0.00169321
1.73257 	0.00169253
1.73258 	0.00169188
1.73259 	0.00169123
1.73259 	0.00169056
1.73258 	0.00168991
1.73256 	0.00168935
1.73254 	0.0016888
1.73253 	0.00168814
1.73255 	0.00168755
1.73259 	0.00168728
1.73263 	0.00168719
1.73267 	0.00168693
1.73269 	0.00168636
1.73268 	0.00168573
1.73263 	0.00168563
1.73256 	0.00168642
1.73249 	0.00168741
1.73243 	0.00168778
1.73239 	0.0016875
1.73238 	0.00168688
1.73239 	0.00168623
1.73241 	0.00168577
1.73245 	0.00168556
1.7325 	0.00168555
1.73255 	0.00168565
1.7326 	0.00168577
1.73265 	0.00168571
1.73267 	0.00168527
1.73267 	0.0016846
1.73264 	0.00168425
1.73259 	0.00168444
1.73253 	0.00168472
1.73249 	0.00168467
1.73245 	0.00168437
1.73243 	0.00168388
1.73242 	0.00168323
1.73243 	0.0016826
1.73246 	0.00168213
1.73248 	0.00168172
1.73251 	0.00168119
1.73251 	0.00168054
1.73251 	0.00167988
1.73251 	0.00167923
1.73253 	0.00167869
1.73257 	0.00167836
1.7326 	0.00167807
1.73263 	0.00167764
1.73265 	0.00167707
1.73265 	0.00167643
1.73266 	0.00167578
1.73266 	0.00167513
1.73267 	0.00167451
1.73269 	0.00167394
1.73271 	0.00167336
1.73272 	0.00167276
1.73273 	0.00167214
1.73273 	0.00167149
1.73272 	0.00167087
1.73271 	0.00167023
1.73272 	0.00166959
1.73272 	0.00166894
1.73271 	0.00166834
1.73267 	0.00166813
1.7326 	0.00166871
1.73253 	0.0016697
1.73247 	0.00167009
1.73244 	0.00166973
1.73243 	0.0016691
1.73243 	0.00166845
1.73243 	0.0016678
1.73242 	0.00166718
1.73241 	0.00166659
1.7324 	0.00166598
1.73239 	0.00166536
1.73238 	0.00166473
1.73237 	0.00166411
1.73237 	0.00166347
1.73238 	0.00166284
1.73239 	0.00166222
1.73239 	0.00166158
1.73238 	0.00166096
1.73236 	0.00166039
1.73234 	0.00165982
1.73233 	0.00165926
1.73232 	0.00165867
1.73231 	0.00165803
1.73232 	0.0016574
1.73233 	0.00165679
1.73234 	0.00165617
1.73234 	0.00165553
1.73233 	0.00165491
1.73232 	0.00165431
1.73232 	0.00165367
1.73233 	0.00165311
1.73237 	0.00165295
1.73243 	0.00165336
1.7325 	0.00165402
1.73255 	0.00165426
1.73258 	0.0016539
1.7326 	0.00165333
1.7326 	0.00165271
1.73261 	0.00165209
1.73262 	0.00165147
1.73262 	0.00165085
1.73263 	0.00165023
1.73262 	0.00164961
1.73261 	0.00164903
1.7326 	0.0016484
1.73263 	0.00164793
1.73268 	0.00164806
1.73274 	0.00164865
1.7328 	0.00164891
1.73282 	0.00164847
1.73282 	0.00164785
1.7328 	0.0016473
1.73279 	0.00164672
1.73278 	0.00164612
1.73277 	0.0016455
1.73277 	0.00164487
1.73277 	0.00164425
1.73277 	0.00164362
1.73278 	0.00164301
1.73279 	0.00164241
1.73279 	0.00164179
1.73279 	0.00164117
1.7328 	0.00164055
1.7328 	0.00163994
1.73282 	0.00163936
1.73283 	0.00163878
1.73283 	0.00163817
1.73284 	0.00163755
1.73284 	0.00163693
1.73284 	0.00163632
1.73284 	0.0016357
1.73282 	0.00163518
1.73278 	0.00163497
1.73273 	0.00163516
1.73268 	0.00163549
1.73263 	0.00163552
1.7326 	0.00163513
1.7326 	0.00163452
1.73261 	0.00163394
1.73262 	0.00163338
1.73263 	0.00163278
1.73263 	0.00163216
1.73263 	0.00163155
1.73263 	0.00163093
1.73263 	0.00163032
1.73262 	0.00162971
1.73262 	0.0016291
1.7326 	0.00162854
1.73259 	0.00162803
1.73256 	0.00162756
1.73254 	0.0016271
1.73252 	0.0016266
1.73251 	0.00162607
1.7325 	0.00162549
1.73249 	0.00162489
1.73248 	0.0016243
1.73247 	0.00162374
1.73246 	0.00162316
1.73246 	0.00162255
1.73247 	0.00162195
1.73246 	0.00162136
1.73243 	0.00162096
1.7324 	0.00162068
1.73238 	0.00162023
1.73237 	0.00161966
1.73236 	0.00161907
1.73236 	0.00161847
1.73234 	0.00161791
1.73232 	0.00161744
1.7323 	0.00161706
1.73227 	0.00161663
1.73226 	0.00161606
1.73226 	0.00161546
1.73227 	0.00161486
1.73227 	0.00161428
1.73229 	0.00161374
1.73232 	0.00161338
1.73236 	0.00161332
1.73241 	0.00161354
1.73246 	0.00161376
1.7325 	0.00161371
1.73253 	0.00161332
1.73253 	0.00161273
1.73252 	0.00161224
1.73248 	0.00161216
1.73242 	0.00161257
1.73235 	0.00161331
1.73229 	0.00161411
1.73222 	0.00161477
1.73216 	0.00161524
1.73211 	0.00161558
1.73206 	0.00161582
1.73201 	0.00161578
1.73199 	0.00161536
1.73199 	0.00161476
1.73201 	0.00161428
1.73204 	0.00161397
1.73207 	0.00161367
1.73209 	0.00161326
1.73211 	0.00161272
1.73211 	0.00161213
1.7321 	0.00161155
1.73208 	0.00161109
1.73204 	0.00161097
1.73198 	0.00161154
1.7319 	0.00161278
1.73183 	0.00161373
1.73179 	0.00161375
1.73178 	0.0016132
1.73179 	0.00161266
1.73181 	0.00161223
1.73184 	0.00161184
1.73186 	0.00161145
1.73189 	0.001611
1.7319 	0.00161047
1.7319 	0.00160989
1.73191 	0.00160932
1.73193 	0.00160884
1.73196 	0.00160848
1.73198 	0.00160806
1.732 	0.00160754
1.73201 	0.00160698
1.73202 	0.00160645
1.73204 	0.00160598
1.73206 	0.00160557
1.73209 	0.00160515
1.73211 	0.00160469
1.73213 	0.00160423
1.73215 	0.00160388
1.73219 	0.00160374
1.73224 	0.00160375
1.73228 	0.00160367
1.7323 	0.0016033
1.73231 	0.00160274
1.7323 	0.00160218
1.73229 	0.00160164
1.73229 	0.00160107
1.73229 	0.0016005
1.73231 	0.00159998
1.73232 	0.00159948
1.73234 	0.001599
1.73236 	0.00159854
1.73238 	0.00159806
1.73239 	0.00159753
1.73239 	0.00159695
1.73238 	0.00159644
1.73235 	0.00159618
1.73231 	0.00159613
1.73227 	0.00159604
1.73224 	0.00159568
1.73223 	0.00159512
1.73224 	0.00159458
1.73226 	0.00159412
1.73228 	0.00159366
1.7323 	0.00159321
1.73232 	0.00159275
1.73234 	0.00159223
1.73235 	0.00159169
1.73236 	0.00159121
1.73239 	0.00159093
1.73244 	0.0015909
1.73248 	0.00159086
1.7325 	0.00159052
1.73251 	0.00158996
1.7325 	0.00158942
1.73248 	0.00158899
1.73245 	0.00158865
1.73242 	0.00158837
1.73239 	0.00158813
1.73236 	0.00158794
1.73232 	0.00158776
1.73229 	0.0015875
1.73226 	0.00158711
1.73225 	0.00158661
1.73224 	0.00158606
1.73224 	0.0015855
1.73223 	0.00158494
1.73223 	0.00158438
1.73223 	0.00158381
1.73223 	0.00158324
1.73223 	0.00158269
1.73221 	0.0015822
1.7322 	0.00158166
1.73221 	0.00158114
1.73225 	0.00158095
1.73229 	0.00158097
1.73233 	0.00158088
1.73235 	0.0015805
1.73235 	0.00157994
1.73233 	0.00157953
1.7323 	0.00157933
1.73227 	0.00157899
1.73226 	0.00157847
1.73225 	0.00157792
1.73224 	0.00157743
1.73221 	0.0015771
1.73218 	0.00157679
1.73216 	0.00157636
1.73215 	0.00157582
1.73215 	0.00157526
1.73216 	0.00157471
1.73217 	0.00157421
1.7322 	0.00157385
1.73223 	0.00157368
1.73227 	0.00157357
1.7323 	0.00157337
1.73233 	0.00157303
1.73235 	0.0015726
1.73236 	0.00157212
1.73238 	0.00157163
1.73239 	0.00157112
1.7324 	0.00157058
1.7324 	0.00157002
1.73238 	0.00156951
1.73236 	0.00156913
1.73233 	0.00156894
1.73229 	0.00156886
1.73225 	0.00156868
1.73223 	0.00156827
1.73222 	0.00156773
1.73222 	0.00156718
1.73222 	0.00156663
1.73222 	0.00156608
1.73221 	0.00156553
1.73221 	0.00156498
1.7322 	0.00156447
1.73218 	0.00156398
1.73217 	0.00156351
1.73215 	0.00156309
1.73212 	0.00156273
1.7321 	0.00156243
1.73206 	0.0015622
1.73203 	0.00156203
1.732 	0.00156181
1.73197 	0.0015615
1.73195 	0.00156111
1.73193 	0.00156063
1.73193 	0.0015601
1.73193 	0.00155955
1.73193 	0.00155901
1.73194 	0.00155848
1.73195 	0.00155795
1.73195 	0.00155742
1.73195 	0.00155687
1.73195 	0.00155634
1.73193 	0.00155586
1.73192 	0.0015554
1.7319 	0.00155499
1.73187 	0.00155466
1.73184 	0.00155447
1.7318 	0.00155434
1.73177 	0.00155407
1.73176 	0.0015536
1.73175 	0.00155306
1.73176 	0.00155253
1.73177 	0.00155201
1.73177 	0.00155147
1.73175 	0.00155104
1.73171 	0.00155087
1.73168 	0.00155076
1.73165 	0.00155041
1.73165 	0.00154988
1.73166 	0.00154941
1.73169 	0.00154908
1.73171 	0.00154869
1.73172 	0.00154816
1.7317 	0.00154768
1.73168 	0.00154728
1.73166 	0.00154688
1.73164 	0.00154651
1.73161 	0.00154623
1.73158 	0.00154593
1.73157 	0.00154546
1.73157 	0.00154493
1.73158 	0.00154443
1.73159 	0.00154394
1.7316 	0.00154344
1.73162 	0.00154297
1.73164 	0.0015426
1.73167 	0.00154236
1.7317 	0.00154212
1.73172 	0.00154174
1.73173 	0.00154124
1.73173 	0.00154071
1.73173 	0.00154017
1.73174 	0.00153965
1.73175 	0.00153916
1.73176 	0.00153864
1.73175 	0.00153813
1.73172 	0.00153779
1.73169 	0.00153763
1.73166 	0.00153742
1.73163 	0.00153716
1.7316 	0.0015369
1.73158 	0.00153647
1.73159 	0.00153596
1.73162 	0.00153563
1.73164 	0.00153536
1.73167 	0.00153499
1.73168 	0.0015345
1.73167 	0.00153397
1.73166 	0.00153355
1.73162 	0.00153334
1.73159 	0.00153331
1.73155 	0.00153328
1.73151 	0.00153308
1.7315 	0.00153267
1.73149 	0.00153218
1.73147 	0.00153173
1.73144 	0.00153155
1.73138 	0.00153211
1.7313 	0.00153362
1.73122 	0.00153542
1.73114 	0.00153664
1.73109 	0.00153695
1.73107 	0.00153659
1.73108 	0.00153608
1.7311 	0.00153578
1.73114 	0.00153567
1.73117 	0.00153548
1.73119 	0.00153513
1.73121 	0.00153467
1.73122 	0.00153423
1.73125 	0.00153394
1.73129 	0.00153401
1.73135 	0.00153453
1.73141 	0.00153535
1.73147 	0.00153604
1.73152 	0.00153615
1.73154 	0.00153579
1.73155 	0.00153531
1.73157 	0.00153487
1.7316 	0.0015346
1.73163 	0.00153444
1.73166 	0.00153422
1.73168 	0.00153384
1.73169 	0.00153338
1.7317 	0.00153288
1.73171 	0.00153237
1.73171 	0.00153185
1.7317 	0.00153135
1.73168 	0.00153092
1.73166 	0.00153058
1.73163 	0.00153035
1.73159 	0.0015303
1.73155 	0.0015304
1.73151 	0.00153049
1.73147 	0.00153031
1.73146 	0.00152989
1.73145 	0.00152938
1.73145 	0.00152886
1.73145 	0.00152835
1.73146 	0.00152784
1.73145 	0.00152732
1.73144 	0.00152688
1.7314 	0.00152678
1.73135 	0.00152732
1.73127 	0.00152848
1.7312 	0.00152989
1.73113 	0.00153106
1.73107 	0.00153146
1.73105 	0.00153113
1.73105 	0.00153062
1.73107 	0.00153025
1.7311 	0.00152994
1.73112 	0.00152964
1.73116 	0.00152944
1.73119 	0.00152938
1.73123 	0.00152939
1.73127 	0.00152938
1.73131 	0.00152923
1.73133 	0.00152888
1.73134 	0.00152839
1.73133 	0.00152789
1.73131 	0.00152752
1.73128 	0.00152726
1.73126 	0.00152689
1.73126 	0.00152638
1.73127 	0.00152592
1.73129 	0.00152552
1.73131 	0.00152515
1.73133 	0.00152485
1.73137 	0.00152472
1.73141 	0.0015247
1.73144 	0.00152454
1.73146 	0.00152415
1.73147 	0.00152366
1.73147 	0.00152316
1.73147 	0.00152265
1.73147 	0.00152214
1.73148 	0.00152164
1.73148 	0.00152113
1.73148 	0.00152063
1.73148 	0.00152012
1.73148 	0.00151962
1.7315 	0.00151916
1.73152 	0.0015189
1.73156 	0.0015189
1.7316 	0.00151899
1.73164 	0.00151887
1.73166 	0.00151849
1.73166 	0.00151799
1.73165 	0.00151752
1.73163 	0.00151722
1.73159 	0.00151713
1.73155 	0.00151726
1.7315 	0.00151755
1.73145 	0.00151773
1.73142 	0.00151764
1.73139 	0.00151734
1.73137 	0.00151697
1.73135 	0.00151658
1.73134 	0.00151619
1.73132 	0.00151579
1.7313 	0.0015154
1.73128 	0.001515
1.73127 	0.00151455
1.73127 	0.00151405
1.73127 	0.00151356
1.73128 	0.0015131
1.7313 	0.00151269
1.73131 	0.00151227
1.73132 	0.00151182
1.73132 	0.00151132
1.7313 	0.00151097
1.73126 	0.0015112
1.73119 	0.00151205
1.73113 	0.00151291
1.73107 	0.00151338
1.73103 	0.00151348
1.731 	0.00151336
1.73097 	0.00151311
1.73095 	0.00151273
1.73094 	0.00151225
1.73094 	0.00151176
1.73093 	0.00151131
1.7309 	0.00151109
1.73085 	0.00151123
1.73081 	0.00151149
1.73077 	0.00151142
1.73076 	0.00151098
1.73077 	0.00151051
1.73079 	0.00151019
1.73083 	0.00151014
1.73088 	0.00151048
1.73093 	0.00151112
1.73099 	0.00151183
1.73105 	0.00151236
1.7311 	0.00151263
1.73114 	0.00151264
1.73116 	0.00151238
1.73118 	0.00151195
1.73118 	0.00151145
1.73117 	0.00151099
1.73115 	0.00151057
1.73114 	0.00151015
1.73112 	0.00150972
1.73111 	0.00150932
1.73109 	0.00150894
1.73107 	0.00150852
1.73106 	0.00150805
1.73106 	0.00150758
1.73105 	0.00150711
1.73104 	0.00150663
1.73105 	0.00150614
1.73106 	0.00150569
1.73107 	0.00150529
1.73109 	0.00150485
1.73109 	0.00150436
1.73108 	0.00150387
1.73108 	0.00150339
1.73108 	0.0015029
1.73108 	0.00150242
1.73107 	0.00150194
1.73107 	0.00150146
1.73109 	0.00150102
1.73111 	0.00150066
1.73113 	0.00150033
1.73114 	0.00149991
1.73114 	0.00149943
1.73111 	0.00149915
1.73107 	0.00149922
1.73103 	0.00149934
1.731 	0.00149925
1.73097 	0.00149896
1.73095 	0.0014986
1.73093 	0.00149833
1.73089 	0.00149829
1.73085 	0.00149843
1.73081 	0.00149849
1.73077 	0.00149836
1.73075 	0.00149803
1.73074 	0.00149758
1.73074 	0.0014971
1.73074 	0.00149662
1.73074 	0.00149614
1.73073 	0.00149573
1.73069 	0.00149561
1.73064 	0.00149599
1.73058 	0.00149672
1.73053 	0.00149709
1.7305 	0.00149689
1.73049 	0.00149644
1.7305 	0.00149597
1.73051 	0.00149556
1.73053 	0.00149525
1.73055 	0.00149491
1.73056 	0.00149446
1.73056 	0.001494
1.73053 	0.00149366
1.73051 	0.00149334
1.7305 	0.00149291
1.7305 	0.00149243
1.7305 	0.00149196
1.73049 	0.0014915
1.73047 	0.00149114
1.73045 	0.0014909
1.73042 	0.00149066
1.7304 	0.00149034
1.73038 	0.00148999
1.73036 	0.00148968
1.73033 	0.00148952
1.73029 	0.00148942
1.73028 	0.00148903
1.73029 	0.00148862
1.73033 	0.00148868
1.73038 	0.00148899
1.73042 	0.00148897
1.73043 	0.00148855
1.73042 	0.00148811
1.7304 	0.00148771
1.7304 	0.00148724
1.73042 	0.00148684
1.73044 	0.00148653
1.73046 	0.00148618
1.73047 	0.00148576
1.73048 	0.00148533
1.73049 	0.0014849
1.7305 	0.00148448
1.73051 	0.00148405
1.73052 	0.0014836
1.73053 	0.00148315
1.73054 	0.0014827
1.73055 	0.00148225
1.73056 	0.0014818
1.73057 	0.00148137
1.73058 	0.00148095
1.73058 	0.00148049
1.73058 	0.00148004
1.73056 	0.00147967
1.73054 	0.00147941
1.73051 	0.00147913
1.7305 	0.00147872
1.73051 	0.00147828
1.73054 	0.00147815
1.73058 	0.00147825
1.73061 	0.00147815
1.73063 	0.00147774
1.73062 	0.00147731
1.73059 	0.00147703
1.73057 	0.00147681
1.73054 	0.00147655
1.73052 	0.00147622
1.73052 	0.00147576
1.73053 	0.00147537
1.73055 	0.00147507
1.73057 	0.00147467
1.73056 	0.00147421
1.73055 	0.00147383
1.73053 	0.00147347
1.73052 	0.00147302
1.73053 	0.00147257
1.73054 	0.00147215
1.73055 	0.00147176
1.73057 	0.00147136
1.73058 	0.00147099
1.73061 	0.0014707
1.73063 	0.00147052
1.73067 	0.00147042
1.7307 	0.00147031
1.73072 	0.00147008
1.73074 	0.00146974
1.73076 	0.00146936
1.73078 	0.00146913
1.73083 	0.00146934
1.73088 	0.00146986
1.73093 	0.00147012
1.73096 	0.0014699
1.73096 	0.00146946
1.73096 	0.001469
1.73096 	0.00146854
1.73097 	0.00146812
1.731 	0.00146784
1.73103 	0.00146778
1.73107 	0.00146795
1.73112 	0.0014683
1.73118 	0.0014688
1.73123 	0.00146937
1.73128 	0.00146978
1.73132 	0.00146987
1.73135 	0.00146965
1.73136 	0.00146925
1.73136 	0.00146879
1.73135 	0.00146837
1.73134 	0.00146793
1.73134 	0.00146748
1.73134 	0.00146702
1.73133 	0.00146661
1.7313 	0.00146651
1.73124 	0.00146715
1.73117 	0.00146849
1.7311 	0.00146979
1.73104 	0.00147043
1.731 	0.00147042
1.73098 	0.0014701
1.73097 	0.00146969
1.73096 	0.00146927
1.73095 	0.00146886
1.73094 	0.00146845
1.73093 	0.00146801
1.73093 	0.00146756
1.73094 	0.00146713
1.73095 	0.00146675
1.73097 	0.00146642
1.731 	0.00146619
1.73104 	0.00146622
1.73109 	0.00146668
1.73115 	0.00146734
1.7312 	0.00146786
1.73124 	0.0014681
1.73128 	0.00146815
1.73132 	0.00146816
1.73136 	0.00146817
1.73139 	0.00146817
1.73142 	0.00146804
1.73145 	0.00146775
1.73146 	0.00146741
1.73149 	0.00146716
1.73152 	0.00146709
1.73156 	0.00146717
1.7316 	0.00146723
1.73163 	0.00146709
1.73164 	0.00146669
1.73164 	0.00146626
1.73162 	0.00146593
1.7316 	0.00146561
1.73158 	0.00146522
1.73157 	0.00146486
1.73155 	0.00146457
1.73152 	0.00146433
1.73149 	0.00146414
1.73147 	0.0014639
1.73147 	0.00146345
1.7315 	0.00146324
1.73154 	0.00146347
1.73159 	0.00146405
1.73165 	0.00146477
1.73171 	0.00146538
1.73175 	0.0014656
1.73178 	0.00146538
1.73179 	0.00146495
1.73178 	0.00146452
1.73178 	0.00146407
1.73179 	0.00146369
1.73183 	0.00146364
1.73187 	0.00146385
1.73191 	0.00146384
1.73192 	0.00146346
1.73191 	0.00146304
1.73188 	0.00146286
1.73185 	0.00146286
1.73181 	0.00146279
1.7318 	0.00146246
1.73179 	0.00146201
1.73181 	0.00146161
1.73182 	0.00146122
1.73183 	0.00146081
1.73185 	0.00146046
1.73187 	0.0014603
1.73191 	0.00146039
1.73195 	0.00146043
1.73197 	0.00146014
1.73197 	0.0014597
1.73195 	0.00145942
1.73192 	0.00145922
1.73191 	0.00145885
1.73192 	0.00145843
1.73194 	0.00145819
1.73197 	0.00145802
1.73199 	0.00145778
1.73201 	0.00145745
1.73202 	0.00145706
1.73203 	0.00145666
1.73204 	0.00145625
1.73205 	0.00145585
1.73206 	0.00145543
1.73206 	0.00145499
1.73204 	0.0014547
1.732 	0.00145462
1.73197 	0.00145449
1.73196 	0.00145412
1.73196 	0.00145369
1.73197 	0.00145327
1.73197 	0.00145283
1.73196 	0.00145241
1.73195 	0.00145201
1.73195 	0.00145158
1.73195 	0.00145115
1.73195 	0.00145071
1.73195 	0.00145028
1.73194 	0.00144985
1.73193 	0.00144944
1.73192 	0.00144902
1.73192 	0.00144858
1.73194 	0.00144822
1.73197 	0.00144823
1.73203 	0.00144881
1.73209 	0.0014497
1.73215 	0.00145038
1.73219 	0.00145052
1.73221 	0.00145022
1.73221 	0.00144979
1.73219 	0.00144949
1.73216 	0.00144935
1.73212 	0.00144941
1.73207 	0.00144974
1.73202 	0.0014503
1.73197 	0.00145077
1.73193 	0.00145085
1.73191 	0.0014506
1.73189 	0.00145021
1.73189 	0.00144979
1.73188 	0.00144938
1.73186 	0.00144904
1.73184 	0.0014488
1.73182 	0.00144855
1.7318 	0.00144819
1.7318 	0.00144776
1.7318 	0.00144732
1.7318 	0.00144689
1.73179 	0.00144647
1.73179 	0.00144604
1.7318 	0.00144563
1.73181 	0.00144525
1.73183 	0.00144487
1.73184 	0.0014445
1.73185 	0.00144414
1.73187 	0.00144378
1.73189 	0.00144345
1.7319 	0.00144314
1.73192 	0.0014428
1.73193 	0.00144242
1.73194 	0.00144201
1.73195 	0.00144162
1.73196 	0.00144123
1.73197 	0.00144082
1.73197 	0.00144039
1.73197 	0.00143997
1.73196 	0.00143954
1.73197 	0.00143912
1.73197 	0.0014387
1.73197 	0.00143827
1.73197 	0.00143784
1.73198 	0.00143742
1.73199 	0.00143704
1.732 	0.00143666
1.73201 	0.00143627
1.73202 	0.00143594
1.73205 	0.00143571
1.73207 	0.00143551
1.7321 	0.00143527
1.73211 	0.00143494
1.73212 	0.00143454
1.73212 	0.00143411
1.73211 	0.0014337
1.73211 	0.00143329
1.7321 	0.00143287
1.7321 	0.00143247
1.73208 	0.0014321
1.73207 	0.00143179
1.73205 	0.0014315
1.73203 	0.00143116
1.73203 	0.00143075
1.73204 	0.00143035
1.73206 	0.0014301
1.73209 	0.00142998
1.73212 	0.00142984
1.73214 	0.00142958
1.73215 	0.00142921
1.73215 	0.00142879
1.73213 	0.00142845
1.7321 	0.00142833
1.73206 	0.00142845
1.73202 	0.00142863
1.73199 	0.00142855
1.73198 	0.00142818
1.73198 	0.00142777
1.732 	0.00142746
1.73202 	0.00142717
1.73204 	0.00142682
1.73204 	0.00142641
1.73204 	0.001426
1.73205 	0.00142562
1.73207 	0.0014253
1.73209 	0.00142501
1.73211 	0.00142473
1.73213 	0.00142443
1.73215 	0.00142417
1.73217 	0.00142397
1.7322 	0.0014238
1.73222 	0.00142355
1.73224 	0.00142321
1.73225 	0.00142284
1.73226 	0.00142248
1.73227 	0.00142212
1.73228 	0.00142173
1.73228 	0.00142132
1.73228 	0.00142092
1.73226 	0.00142054
1.73225 	0.00142017
1.73224 	0.00141981
1.73223 	0.00141945
1.73222 	0.00141906
1.73222 	0.00141865
1.73221 	0.00141825
1.7322 	0.00141788
1.73218 	0.00141769
1.73214 	0.00141778
1.7321 	0.00141799
1.73206 	0.00141801
1.73204 	0.00141778
1.73203 	0.00141741
1.73202 	0.001417
1.73202 	0.00141659
1.73202 	0.00141618
1.73203 	0.00141577
1.73203 	0.00141538
1.73204 	0.00141499
1.73205 	0.00141461
1.73207 	0.00141429
1.73209 	0.00141405
1.73211 	0.00141375
1.73211 	0.00141335
1.73211 	0.00141295
1.7321 	0.00141256
1.73209 	0.00141219
1.73208 	0.00141185
1.73206 	0.00141154
1.73205 	0.00141118
1.73205 	0.00141077
1.73206 	0.00141043
1.73209 	0.00141032
1.73213 	0.00141052
1.73218 	0.00141081
1.73221 	0.00141082
1.73222 	0.00141048
1.73221 	0.00141015
1.73216 	0.00141044
1.7321 	0.00141152
1.73203 	0.00141277
1.73197 	0.00141347
1.73194 	0.00141346
1.73193 	0.00141309
1.73194 	0.00141269
1.73195 	0.00141234
1.73197 	0.00141205
1.73199 	0.00141187
1.73203 	0.00141195
1.73208 	0.00141236
1.73213 	0.00141296
1.73218 	0.00141344
1.73222 	0.0014135
1.73223 	0.00141318
1.73223 	0.00141279
1.7322 	0.00141255
1.73218 	0.0014123
1.73218 	0.00141192
1.73218 	0.00141153
1.73219 	0.00141117
1.73219 	0.00141077
1.73217 	0.00141051
1.73214 	0.00141045
1.73211 	0.0014104
1.73208 	0.00141033
1.73204 	0.00141035
1.732 	0.00141058
1.73196 	0.00141093
1.73191 	0.00141113
1.73188 	0.00141106
1.73186 	0.00141084
1.73185 	0.00141053
1.73184 	0.00141015
1.73183 	0.00140976
1.73182 	0.00140938
1.7318 	0.00140912
1.73177 	0.00140909
1.73173 	0.00140923
1.73169 	0.00140933
1.73166 	0.00140929
1.73163 	0.00140916
1.73161 	0.00140902
1.73158 	0.00140886
1.73156 	0.00140865
1.73154 	0.00140841
1.73151 	0.00140819
1.73149 	0.00140798
1.73147 	0.00140776
1.73145 	0.00140756
1.73142 	0.00140747
1.73138 	0.00140757
1.73134 	0.00140766
1.73131 	0.0014075
1.7313 	0.00140714
1.73131 	0.00140674
1.73131 	0.00140636
1.73131 	0.00140596
1.73132 	0.00140556
1.73133 	0.00140521
1.73135 	0.001405
1.73138 	0.00140492
1.73141 	0.00140487
1.73144 	0.00140475
1.73146 	0.00140453
1.73148 	0.00140426
1.7315 	0.00140398
1.73151 	0.00140366
1.73152 	0.00140329
1.73153 	0.00140291
1.73154 	0.00140255
1.73155 	0.00140222
1.73157 	0.00140188
1.73157 	0.0014015
1.73157 	0.00140111
1.73156 	0.00140076
1.73154 	0.00140046
1.73153 	0.0014001
1.73154 	0.00139971
1.73156 	0.00139941
1.73158 	0.00139918
1.73159 	0.00139888
1.7316 	0.00139849
1.73159 	0.00139812
1.73158 	0.00139779
1.73157 	0.00139742
1.73157 	0.00139703
1.73159 	0.00139674
1.73161 	0.00139658
1.73164 	0.00139652
1.73168 	0.00139652
1.73171 	0.00139657
1.73175 	0.00139663
1.73178 	0.00139663
1.73181 	0.00139651
1.73183 	0.00139628
1.73184 	0.00139596
1.73185 	0.00139558
1.73185 	0.00139519
1.73184 	0.00139483
1.73182 	0.00139452
1.73181 	0.00139419
1.7318 	0.00139383
1.7318 	0.00139344
1.73179 	0.00139305
1.73178 	0.0013927
1.73176 	0.0013925
1.73172 	0.00139261
1.73168 	0.00139288
1.73164 	0.00139305
1.73161 	0.00139304
1.73158 	0.00139289
1.73156 	0.00139262
1.73155 	0.00139227
1.73155 	0.00139188
1.73155 	0.00139149
1.73154 	0.00139112
1.73152 	0.00139086
1.7315 	0.00139068
1.73149 	0.00139033
1.73151 	0.00139003
1.73154 	0.00138995
1.73156 	0.00138978
1.73157 	0.00138941
1.73157 	0.00138902
1.73157 	0.00138864
1.73157 	0.00138825
1.73157 	0.00138786
1.73157 	0.00138748
1.73158 	0.00138712
1.73159 	0.00138679
1.73161 	0.00138648
1.73162 	0.00138615
1.73162 	0.00138576
1.73161 	0.00138544
1.73158 	0.00138539
1.73154 	0.00138564
1.7315 	0.0013858
1.73147 	0.00138567
1.73146 	0.00138535
1.73145 	0.00138498
1.73146 	0.0013846
1.73147 	0.00138424
1.73148 	0.00138391
1.73148 	0.00138353
1.73146 	0.00138326
1.73142 	0.00138351
1.73137 	0.00138427
1.73131 	0.00138497
1.73127 	0.00138523
1.73124 	0.00138513
1.73122 	0.00138485
1.73121 	0.00138454
1.73119 	0.00138425
1.73118 	0.00138397
1.73117 	0.00138362
1.73116 	0.00138324
1.73117 	0.00138287
1.73117 	0.00138249
1.73117 	0.00138211
1.73117 	0.00138173
1.73117 	0.00138135
1.73116 	0.001381
1.73115 	0.00138075
1.73112 	0.00138066
1.73108 	0.00138081
1.73103 	0.00138127
1.73097 	0.00138211
1.73091 	0.00138314
1.73085 	0.00138389
1.73082 	0.00138403
1.7308 	0.00138377
1.7308 	0.00138339
1.7308 	0.00138303
1.73082 	0.00138273
1.73084 	0.00138251
1.73086 	0.00138231
1.73088 	0.00138207
1.73089 	0.00138175
1.7309 	0.0013814
1.73091 	0.00138107
1.73093 	0.00138077
1.73095 	0.0013805
1.73096 	0.00138022
1.73098 	0.00137992
1.73098 	0.00137956
1.73098 	0.00137919
1.73097 	0.00137886
1.73095 	0.00137864
1.73092 	0.00137856
1.73089 	0.0013786
1.73085 	0.0013786
1.73083 	0.00137841
1.73082 	0.0013781
1.73081 	0.00137776
1.7308 	0.00137741
1.7308 	0.00137704
1.7308 	0.00137668
1.73082 	0.00137644
1.73085 	0.00137629
1.73087 	0.00137612
1.73089 	0.00137585
1.73089 	0.00137549
1.73089 	0.00137512
1.73089 	0.00137475
1.7309 	0.00137438
1.73091 	0.00137404
1.73092 	0.00137374
1.73093 	0.0013734
1.73093 	0.00137303
1.73091 	0.00137275
1.73089 	0.00137255
1.73088 	0.00137225
1.73088 	0.00137188
1.7309 	0.00137164
1.73093 	0.00137152
1.73095 	0.00137134
1.73096 	0.00137105
1.73097 	0.00137071
1.73098 	0.00137035
1.73098 	0.00136998
1.73097 	0.00136961
1.73097 	0.00136924
1.73098 	0.00136888
1.73099 	0.00136856
1.731 	0.00136824
1.73101 	0.00136788
1.731 	0.00136752
1.73099 	0.00136718
1.73098 	0.00136684
1.73097 	0.00136651
1.73096 	0.00136623
1.73094 	0.001366
1.73092 	0.00136579
1.7309 	0.00136549
1.7309 	0.00136514
1.7309 	0.00136477
1.7309 	0.00136441
1.73091 	0.00136405
1.7309 	0.00136369
1.73088 	0.00136346
1.73085 	0.00136339
1.73082 	0.00136338
1.7308 	0.00136327
1.73078 	0.00136304
1.73077 	0.00136271
1.73077 	0.00136234
1.73077 	0.00136199
1.73077 	0.00136162
1.73076 	0.00136129
1.73074 	0.00136117
1.7307 	0.00136134
1.73065 	0.00136177
1.7306 	0.00136231
1.73056 	0.0013627
1.73053 	0.00136275
1.73051 	0.00136249
1.73051 	0.00136213
1.73051 	0.00136177
1.73052 	0.00136143
1.73053 	0.0013611
1.73054 	0.00136076
1.73054 	0.0013604
1.73055 	0.00136005
1.73055 	0.00135971
1.73056 	0.00135935
1.73055 	0.001359
1.73054 	0.00135871
1.73052 	0.0013584
1.73052 	0.00135804
1.73053 	0.00135771
1.73054 	0.00135739
1.73055 	0.00135706
1.73056 	0.0013567
1.73056 	0.00135635
1.73057 	0.001356
1.73058 	0.00135566
1.73058 	0.00135532
1.7306 	0.00135501
1.73061 	0.00135473
1.73062 	0.00135444
1.73064 	0.00135414
1.73065 	0.0013538
1.73065 	0.00135344
1.73065 	0.00135308
1.73064 	0.00135273
1.73064 	0.00135237
1.73064 	0.00135202
1.73066 	0.00135175
1.73069 	0.00135172
1.73073 	0.00135197
1.73078 	0.00135234
1.73081 	0.00135254
1.73084 	0.00135247
1.73086 	0.00135221
1.73087 	0.00135188
1.73088 	0.00135155
1.73089 	0.00135126
1.73092 	0.00135116
1.73096 	0.00135139
1.731 	0.00135176
1.73104 	0.00135187
1.73105 	0.00135157
1.73103 	0.00135132
1.73099 	0.00135173
1.73092 	0.00135284
1.73086 	0.001354
1.73081 	0.00135466
1.73077 	0.00135477
1.73075 	0.00135456
1.73075 	0.00135421
1.73075 	0.00135386
1.73077 	0.00135357
1.73078 	0.00135333
1.7308 	0.00135308
1.73081 	0.00135275
1.73081 	0.0013524
1.7308 	0.00135208
1.73079 	0.00135177
1.73078 	0.00135141
1.73079 	0.00135106
1.73079 	0.00135072
1.7308 	0.00135038
1.73081 	0.00135005
1.73082 	0.00134972
1.73082 	0.00134936
1.73082 	0.00134901
1.73083 	0.00134866
1.73083 	0.00134833
1.73084 	0.00134799
1.73084 	0.00134764
1.73084 	0.00134728
1.73083 	0.00134694
1.73082 	0.00134666
1.7308 	0.00134649
1.73078 	0.00134631
1.73076 	0.00134603
1.73075 	0.00134571
1.73074 	0.00134542
1.73071 	0.00134532
1.73068 	0.0013454
1.73065 	0.00134543
1.73062 	0.00134528
1.73061 	0.00134501
1.7306 	0.00134469
1.73059 	0.00134437
1.73058 	0.00134406
1.73057 	0.00134376
1.73055 	0.00134354
1.73052 	0.00134344
1.73049 	0.00134348
1.73046 	0.00134356
1.73043 	0.0013435
1.73041 	0.00134327
1.7304 	0.00134294
1.7304 	0.0013426
1.7304 	0.00134225
1.73039 	0.00134192
1.73038 	0.00134161
1.73037 	0.00134129
1.73037 	0.00134094
1.73038 	0.00134066
1.73041 	0.00134052
1.73043 	0.00134043
1.73045 	0.00134028
1.73047 	0.00134002
1.73048 	0.00133969
1.73048 	0.00133936
1.73049 	0.00133903
1.73051 	0.00133877
1.73053 	0.00133867
1.73057 	0.00133871
1.7306 	0.00133874
1.73062 	0.00133865
1.73064 	0.00133841
1.73065 	0.0013381
1.73066 	0.00133776
1.73066 	0.00133744
1.73067 	0.00133714
1.73069 	0.00133688
1.73071 	0.00133664
1.73072 	0.00133638
1.73073 	0.00133606
1.73073 	0.00133571
1.73073 	0.00133537
1.73073 	0.00133502
1.73073 	0.00133468
1.73073 	0.00133433
1.73072 	0.00133399
1.73072 	0.00133366
1.73071 	0.00133336
1.7307 	0.00133306
1.73069 	0.00133274
1.73068 	0.00133241
1.73068 	0.00133207
1.73067 	0.00133175
1.73066 	0.00133149
1.73064 	0.00133128
1.73062 	0.00133108
1.7306 	0.00133082
1.73059 	0.00133051
1.73059 	0.00133017
1.73059 	0.00132983
1.7306 	0.0013295
1.7306 	0.00132916
1.73059 	0.00132886
1.73056 	0.00132874
1.73053 	0.00132875
1.7305 	0.00132872
1.73048 	0.00132855
1.73047 	0.00132827
1.73047 	0.00132793
1.73048 	0.00132763
1.7305 	0.00132748
1.73053 	0.00132751
1.73056 	0.00132757
1.73059 	0.00132755
1.73062 	0.00132747
1.73064 	0.00132736
1.73067 	0.00132719
1.73068 	0.00132689
1.73067 	0.00132656
1.73066 	0.00132632
1.73063 	0.00132621
1.7306 	0.00132615
1.73058 	0.00132609
1.73055 	0.00132597
1.73054 	0.00132572
1.73053 	0.00132539
1.73053 	0.00132505
1.73054 	0.00132473
1.73055 	0.00132441
1.73055 	0.00132408
1.73055 	0.00132375
1.73054 	0.00132343
1.73053 	0.00132314
1.73052 	0.00132286
1.7305 	0.00132264
1.73048 	0.0013225
1.73046 	0.00132235
1.73044 	0.0013221
1.73043 	0.00132178
1.73043 	0.00132145
1.73043 	0.00132111
1.73043 	0.00132077
1.73043 	0.00132043
1.73044 	0.0013201
1.73045 	0.00131979
1.73046 	0.00131953
1.73047 	0.00131926
1.73048 	0.00131893
1.73047 	0.00131861
1.73046 	0.00131837
1.73044 	0.00131819
1.73042 	0.001318
1.7304 	0.00131777
1.73039 	0.00131751
1.73038 	0.0013172
1.73038 	0.00131686
1.7304 	0.00131662
1.73042 	0.0013165
1.73044 	0.00131639
1.73046 	0.0013162
1.73048 	0.00131592
1.73048 	0.0013156
1.73048 	0.00131527
1.73048 	0.00131494
1.73047 	0.00131461
1.73047 	0.00131428
1.73046 	0.00131396
1.73045 	0.00131372
1.73042 	0.00131366
1.73039 	0.00131372
1.73036 	0.00131379
1.73032 	0.00131388
1.73029 	0.00131401
1.73025 	0.00131416
1.73023 	0.00131412
1.73022 	0.00131379
1.73024 	0.00131361
1.73027 	0.0013136
1.7303 	0.00131353
1.73032 	0.00131338
1.73034 	0.00131317
1.73035 	0.0013129
1.73036 	0.00131258
1.73035 	0.00131226
1.73033 	0.00131206
1.7303 	0.00131208
1.73027 	0.00131221
1.73024 	0.00131218
1.73022 	0.00131194
1.73022 	0.00131161
1.73024 	0.00131134
1.73026 	0.00131115
1.73027 	0.00131091
1.73027 	0.00131058
1.73026 	0.00131029
1.73024 	0.00131011
1.73022 	0.00130993
1.73021 	0.00130967
1.7302 	0.00130935
1.73021 	0.00130902
1.73021 	0.0013087
1.73021 	0.00130838
1.73021 	0.00130806
1.7302 	0.00130778
1.73018 	0.00130757
1.73015 	0.00130746
1.73013 	0.00130743
1.7301 	0.00130743
1.73007 	0.00130739
1.73004 	0.00130733
1.73002 	0.00130729
1.72999 	0.00130724
1.72996 	0.00130716
1.72994 	0.00130701
1.72993 	0.00130676
1.72992 	0.00130644
1.72993 	0.00130612
1.72993 	0.0013058
1.72994 	0.00130549
1.72995 	0.00130522
1.72996 	0.00130495
1.72997 	0.00130464
1.72997 	0.00130431
1.72996 	0.00130403
1.72994 	0.00130388
1.72991 	0.00130391
1.72988 	0.00130393
1.72986 	0.00130376
1.72985 	0.00130345
1.72985 	0.00130313
1.72986 	0.00130283
1.72987 	0.00130252
1.72988 	0.00130221
1.72989 	0.00130197
1.72991 	0.00130187
1.72995 	0.00130195
1.72998 	0.00130217
1.73002 	0.00130243
1.73006 	0.00130263
1.73009 	0.00130271
1.73012 	0.00130266
1.73014 	0.00130252
1.73016 	0.00130238
1.73019 	0.00130232
1.73022 	0.00130236
1.73025 	0.00130244
1.73028 	0.00130245
1.73031 	0.00130241
1.73034 	0.00130235
1.73036 	0.00130225
1.73038 	0.00130205
1.73039 	0.00130176
1.73039 	0.00130144
1.73039 	0.00130112
1.7304 	0.0013008
1.7304 	0.00130049
1.73041 	0.00130017
1.7304 	0.00129985
1.73041 	0.00129953
1.73042 	0.00129928
1.73045 	0.00129925
1.73048 	0.00129945
1.73053 	0.00129976
1.73057 	0.00130006
1.7306 	0.00130028
1.73064 	0.00130036
1.73066 	0.00130025
1.73067 	0.00129998
1.73067 	0.00129966
1.73067 	0.00129934
1.73068 	0.00129902
1.73068 	0.00129871
1.73069 	0.0012984
1.73069 	0.00129808
1.73068 	0.00129777
1.73068 	0.00129748
1.73066 	0.00129721
1.73065 	0.00129695
1.73064 	0.00129669
1.73063 	0.00129643
1.73061 	0.00129618
1.7306 	0.00129592
1.73059 	0.00129564
1.73058 	0.00129535
1.73057 	0.00129506
1.73056 	0.00129481
1.73055 	0.00129457
1.73054 	0.00129429
1.73053 	0.00129397
1.73054 	0.00129365
1.73054 	0.00129334
1.73055 	0.00129304
1.73055 	0.00129273
1.73056 	0.00129242
1.73056 	0.00129211
1.73057 	0.00129182
1.73058 	0.00129152
1.73058 	0.00129121
1.73058 	0.00129089
1.73057 	0.00129059
1.73057 	0.00129028
1.73057 	0.00128996
1.73056 	0.00128965
1.73057 	0.00128933
1.73058 	0.00128904
1.73058 	0.00128876
1.73059 	0.00128846
1.73059 	0.00128815
1.73059 	0.00128784
1.73058 	0.00128754
1.73057 	0.00128729
1.73055 	0.00128709
1.73054 	0.00128692
1.73052 	0.00128672
1.73051 	0.00128647
1.7305 	0.00128619
1.73048 	0.00128593
1.73047 	0.00128568
1.73046 	0.00128541
1.73046 	0.0012851
1.73046 	0.00128479
1.73047 	0.00128453
1.73049 	0.0012843
1.73051 	0.00128411
1.73053 	0.00128399
1.73056 	0.001284
1.73059 	0.00128398
1.73061 	0.00128383
1.73062 	0.00128357
1.73062 	0.00128328
1.73063 	0.00128298
1.73064 	0.00128269
1.73065 	0.00128242
1.73066 	0.00128216
1.73066 	0.00128186
1.73065 	0.00128161
1.73063 	0.00128154
1.73061 	0.00128139
1.7306 	0.00128111
1.7306 	0.0012808
1.73061 	0.00128054
1.73063 	0.00128042
1.73066 	0.00128043
1.73069 	0.0012804
1.73071 	0.00128026
1.73073 	0.00128008
1.73075 	0.00127992
1.73077 	0.00127986
1.73081 	0.00127996
1.73085 	0.00128025
1.73089 	0.00128057
1.73092 	0.00128071
1.73094 	0.0012806
1.73095 	0.00128034
1.73095 	0.00128003
1.73095 	0.00127973
1.73094 	0.00127948
1.73092 	0.00127925
1.73091 	0.00127899
1.73091 	0.00127869
1.73092 	0.00127841
1.73094 	0.00127827
1.73096 	0.00127826
1.73099 	0.00127827
1.73101 	0.00127812
1.73102 	0.00127782
1.731 	0.00127757
1.73098 	0.00127753
1.73095 	0.00127762
1.73092 	0.0012776
1.7309 	0.00127739
1.7309 	0.00127709
1.7309 	0.00127679
1.73091 	0.00127649
1.73091 	0.0012762
1.73091 	0.00127589
1.73091 	0.0012756
1.7309 	0.00127532
1.7309 	0.00127502
1.73091 	0.00127475
1.73093 	0.0012746
1.73095 	0.00127447
1.73096 	0.00127423
1.73096 	0.00127393
1.73095 	0.00127371
1.73092 	0.00127358
1.73091 	0.00127341
1.7309 	0.00127314
1.7309 	0.00127283
1.73091 	0.00127257
1.73092 	0.00127233
1.73093 	0.00127204
1.73092 	0.00127174
1.73091 	0.0012715
1.73089 	0.00127136
1.73086 	0.00127131
1.73084 	0.00127124
1.73082 	0.00127103
1.73083 	0.00127073
1.73084 	0.00127055
1.73087 	0.00127054
1.7309 	0.00127065
1.73094 	0.00127084
1.73097 	0.00127103
1.731 	0.00127102
1.73101 	0.00127078
1.73102 	0.00127048
1.73102 	0.00127018
1.73101 	0.00126988
1.73102 	0.00126957
1.73102 	0.00126929
1.73104 	0.00126907
1.73106 	0.00126893
1.73108 	0.0012688
1.7311 	0.00126863
1.73111 	0.00126838
1.73112 	0.00126811
1.73113 	0.00126785
1.73114 	0.00126762
1.73115 	0.00126737
1.73116 	0.00126707
1.73114 	0.00126683
1.73113 	0.00126665
1.73111 	0.0012664
1.73111 	0.00126613
1.73109 	0.00126589
1.73108 	0.00126571
1.73105 	0.00126566
1.73102 	0.00126571
1.73099 	0.00126583
1.73096 	0.00126596
1.73093 	0.00126598
1.73091 	0.00126583
1.7309 	0.00126556
1.7309 	0.00126526
1.7309 	0.00126497
1.7309 	0.00126468
1.73091 	0.00126438
1.7309 	0.00126409
1.73088 	0.00126396
1.73084 	0.00126437
1.73078 	0.0012655
1.73071 	0.00126692
1.73065 	0.00126801
1.73061 	0.00126856
1.73058 	0.00126865
1.73056 	0.00126846
1.73056 	0.00126816
1.73056 	0.00126788
1.73058 	0.00126766
1.73059 	0.00126746
1.73061 	0.00126722
1.73061 	0.00126693
1.73061 	0.00126664
1.7306 	0.00126638
1.73058 	0.00126616
1.73057 	0.00126595
1.73055 	0.00126575
1.73053 	0.00126558
1.73051 	0.00126548
1.73049 	0.00126538
1.73048 	0.00126515
1.73047 	0.00126485
1.73048 	0.00126457
1.73049 	0.00126428
1.73049 	0.00126398
1.73048 	0.00126369
1.73047 	0.00126343
1.73046 	0.00126321
1.73044 	0.00126307
1.73041 	0.00126302
1.73039 	0.00126301
1.73036 	0.00126293
1.73035 	0.0012627
1.73035 	0.0012624
1.73035 	0.00126211
1.73035 	0.00126181
1.73034 	0.00126156
1.73032 	0.00126141
1.7303 	0.0012613
1.73028 	0.00126107
1.73028 	0.00126078
1.7303 	0.00126054
1.73031 	0.00126034
1.73032 	0.00126009
1.73032 	0.00125979
1.7303 	0.00125958
1.73028 	0.0012595
1.73025 	0.00125954
1.73022 	0.00125969
1.73019 	0.00125982
1.73016 	0.00125974
1.73016 	0.00125946
1.73016 	0.00125917
1.73017 	0.0012589
1.73017 	0.00125861
1.73017 	0.00125832
1.73016 	0.00125805
1.73016 	0.00125777
1.73016 	0.00125747
1.73018 	0.00125731
1.73021 	0.00125741
1.73024 	0.00125759
1.73027 	0.00125757
1.73028 	0.00125733
1.73028 	0.00125704
1.73028 	0.00125675
1.73028 	0.00125646
1.73029 	0.00125622
1.73031 	0.00125613
1.73034 	0.00125619
1.73037 	0.0012562
1.73039 	0.00125604
1.73039 	0.00125575
1.73038 	0.0012555
1.73036 	0.00125534
1.73034 	0.00125519
1.73033 	0.001255
1.73031 	0.00125477
1.7303 	0.00125452
1.7303 	0.00125423
1.7303 	0.00125395
1.73032 	0.00125374
1.73034 	0.00125366
1.73037 	0.00125374
1.73041 	0.00125389
1.73044 	0.00125397
1.73046 	0.00125391
1.73048 	0.00125379
1.73051 	0.00125373
1.73053 	0.00125375
1.73056 	0.00125378
1.73059 	0.00125375
1.73061 	0.00125363
1.73063 	0.00125346
1.73064 	0.00125327
1.73066 	0.00125311
1.73068 	0.00125297
1.7307 	0.00125284
1.73071 	0.00125264
1.73072 	0.00125237
1.73072 	0.00125208
1.73073 	0.0012518
1.73073 	0.00125151
1.73073 	0.00125123
1.73073 	0.00125095
1.73072 	0.00125072
1.73071 	0.00125044
1.73072 	0.00125019
1.73074 	0.00125013
1.73078 	0.00125025
1.73081 	0.0012504
1.73084 	0.0012504
1.73085 	0.0012502
1.73085 	0.00124991
1.73084 	0.00124968
1.73082 	0.00124949
1.73081 	0.00124926
1.7308 	0.00124899
1.7308 	0.00124871
1.73079 	0.00124845
1.73078 	0.00124821
1.73077 	0.00124799
1.73075 	0.00124778
1.73074 	0.0012476
1.73072 	0.0012475
1.73068 	0.00124759
1.73065 	0.0012479
1.7306 	0.00124836
1.73056 	0.00124883
1.73052 	0.00124928
1.73047 	0.00124975
1.73043 	0.00125027
1.73038 	0.00125084
1.73033 	0.00125154
1.73028 	0.00125234
1.73023 	0.00125298
1.73019 	0.00125325
1.73017 	0.00125315
1.73017 	0.00125287
1.73018 	0.00125265
1.73021 	0.00125269
1.73025 	0.00125294
1.73028 	0.00125315
1.7303 	0.00125308
1.73031 	0.0012528
1.73029 	0.00125268
1.73025 	0.00125298
1.7302 	0.00125344
1.73017 	0.00125367
1.73015 	0.00125358
1.73014 	0.00125332
1.73014 	0.00125304
1.73015 	0.00125279
1.73016 	0.00125253
1.73016 	0.00125224
1.73015 	0.00125199
1.73014 	0.00125177
1.73013 	0.00125154
1.73012 	0.00125129
1.73011 	0.00125101
1.73012 	0.00125073
1.73013 	0.00125049
1.73014 	0.00125025
1.73014 	0.00124998
1.73014 	0.0012497
1.73013 	0.0012495
1.73011 	0.00124932
1.7301 	0.00124907
1.7301 	0.00124878
1.7301 	0.0012485
1.7301 	0.00124822
1.73008 	0.00124808
1.73005 	0.00124818
1.73002 	0.00124824
1.73 	0.00124807
1.73 	0.00124779
1.73 	0.00124752
1.73002 	0.00124731
1.73003 	0.00124714
1.73006 	0.00124704
1.73008 	0.00124693
1.73009 	0.00124672
1.7301 	0.00124646
1.7301 	0.00124618
1.7301 	0.0012459
1.7301 	0.00124563
1.73009 	0.00124539
1.73008 	0.00124514
1.73007 	0.00124487
1.73007 	0.00124459
1.73007 	0.00124431
1.73008 	0.00124405
1.73008 	0.00124378
1.73008 	0.00124349
1.73008 	0.00124322
1.73007 	0.00124297
1.73007 	0.0012427
1.73007 	0.00124242
1.73009 	0.00124227
1.73012 	0.0012424
1.73016 	0.00124275
1.7302 	0.00124309
1.73023 	0.00124325
1.73026 	0.00124323
1.73028 	0.00124311
1.73029 	0.00124292
1.7303 	0.00124265
1.73029 	0.0012424
1.73027 	0.00124232
1.73023 	0.00124257
1.73019 	0.00124292
1.73016 	0.00124294
1.73015 	0.00124268
1.73016 	0.00124243
1.73018 	0.00124224
1.73019 	0.00124201
1.73019 	0.00124173
1.73019 	0.00124147
1.73018 	0.00124121
1.73017 	0.00124094
1.73019 	0.00124071
1.73021 	0.00124067
1.73024 	0.0012408
1.73027 	0.00124088
1.73029 	0.00124078
1.7303 	0.00124054
1.73031 	0.00124027
1.73031 	0.00123999
1.7303 	0.00123971
1.7303 	0.00123944
1.73029 	0.00123923
1.73027 	0.00123907
1.73025 	0.00123894
1.73023 	0.00123884
1.73021 	0.00123877
1.73018 	0.0012387
1.73017 	0.00123854
1.73016 	0.00123827
1.73018 	0.0012381
1.73021 	0.00123814
1.73024 	0.00123833
1.73028 	0.00123858
1.73031 	0.00123879
1.73034 	0.00123884
1.73036 	0.00123872
1.73038 	0.00123855
1.73039 	0.00123837
1.73041 	0.00123819
1.73042 	0.001238
1.73044 	0.00123779
1.73044 	0.00123754
1.73045 	0.00123726
1.73045 	0.00123699
1.73045 	0.00123671
1.73046 	0.00123647
1.73048 	0.00123632
1.7305 	0.00123623
1.73051 	0.00123605
1.73052 	0.00123579
1.73051 	0.00123553
1.7305 	0.00123532
1.73049 	0.00123512
1.73048 	0.00123486
1.73048 	0.00123459
1.73049 	0.00123432
1.73049 	0.00123407
1.7305 	0.00123383
1.73051 	0.00123358
1.73052 	0.00123332
1.73052 	0.00123305
1.7305 	0.00123284
1.73048 	0.00123281
1.73045 	0.00123283
1.73043 	0.00123276
1.73041 	0.00123259
1.7304 	0.00123236
1.7304 	0.0012321
1.73039 	0.00123183
1.73039 	0.00123158
1.73038 	0.00123131
1.73038 	0.00123104
1.73039 	0.0012308
1.73041 	0.00123069
1.73044 	0.00123079
1.73048 	0.00123121
1.73053 	0.00123191
1.73058 	0.00123265
1.73063 	0.00123324
1.73067 	0.00123366
1.73071 	0.00123393
1.73074 	0.00123404
1.73076 	0.00123399
1.73078 	0.00123384
1.73079 	0.00123364
1.7308 	0.00123339
1.7308 	0.00123313
1.7308 	0.00123285
1.7308 	0.00123259
1.73078 	0.00123238
1.73076 	0.0012323
1.73073 	0.0012324
1.7307 	0.00123254
1.73068 	0.00123249
1.73066 	0.00123228
1.73066 	0.00123201
1.73066 	0.00123174
1.73066 	0.00123147
1.73067 	0.0012312
1.73067 	0.00123095
1.73068 	0.0012307
1.73068 	0.00123042
1.73067 	0.00123019
1.73065 	0.00123008
1.73063 	0.00123005
1.7306 	0.00122999
1.73059 	0.00122981
1.73058 	0.00122957
1.73057 	0.00122932
1.73056 	0.00122908
1.73055 	0.00122885
1.73055 	0.0012286
1.73055 	0.00122833
1.73056 	0.00122809
1.73057 	0.00122786
1.73057 	0.0012276
1.73056 	0.00122736
1.73054 	0.00122726
1.73051 	0.00122729
1.73049 	0.0012273
1.73047 	0.0012272
1.73046 	0.00122697
1.73046 	0.0012267
1.73046 	0.00122644
1.73047 	0.00122618
1.73047 	0.00122591
1.73047 	0.00122564
1.73047 	0.00122537
1.73047 	0.0012251
1.73048 	0.00122485
1.73049 	0.00122464
1.73051 	0.00122453
1.73053 	0.00122443
1.73055 	0.00122427
1.73056 	0.00122406
1.73057 	0.00122383
1.73058 	0.00122365
1.7306 	0.00122353
1.73062 	0.00122341
1.73063 	0.00122319
1.73063 	0.00122293
1.73061 	0.00122282
1.73058 	0.00122295
1.73054 	0.00122309
1.73052 	0.00122302
1.73051 	0.00122279
1.73051 	0.00122252
1.73051 	0.00122226
1.73049 	0.00122207
1.73047 	0.00122195
1.73046 	0.00122182
1.73044 	0.00122164
1.73043 	0.00122143
1.73042 	0.00122122
1.73041 	0.00122099
1.7304 	0.00122074
1.7304 	0.00122048
1.73039 	0.00122024
1.73037 	0.00122008
1.73035 	0.00122007
1.73032 	0.00122009
1.7303 	0.00121995
1.7303 	0.00121968
1.73032 	0.00121953
1.73035 	0.00121962
1.73038 	0.00121988
1.73042 	0.00122014
1.73045 	0.00122035
1.73049 	0.00122055
1.73052 	0.00122077
1.73056 	0.001221
1.73059 	0.00122118
1.73062 	0.00122126
1.73064 	0.00122121
1.73066 	0.00122106
1.73067 	0.00122086
1.73068 	0.00122066
1.7307 	0.00122048
1.73072 	0.00122032
1.73073 	0.00122019
1.73075 	0.00122003
1.73076 	0.00121985
1.73078 	0.00121966
1.73079 	0.00121951
1.73082 	0.00121946
1.73084 	0.00121946
1.73087 	0.00121943
1.73089 	0.00121938
1.73091 	0.00121932
1.73093 	0.00121924
1.73095 	0.00121914
1.73097 	0.00121898
1.73098 	0.00121879
1.73099 	0.00121857
1.731 	0.00121832
1.731 	0.00121807
1.73101 	0.00121782
1.73102 	0.00121759
1.73103 	0.00121739
1.73104 	0.00121716
1.73104 	0.00121689
1.73103 	0.00121669
1.73101 	0.00121656
1.73099 	0.00121645
1.73097 	0.0012163
1.73096 	0.00121613
1.73094 	0.00121598
1.73093 	0.00121578
1.73093 	0.00121552
1.73093 	0.00121527
1.73094 	0.00121502
1.73094 	0.00121476
1.73094 	0.00121451
1.73096 	0.00121431
1.73098 	0.00121436
1.73103 	0.00121493
1.73108 	0.00121583
1.73113 	0.00121656
1.73117 	0.00121697
1.7312 	0.00121716
1.73123 	0.00121713
1.73124 	0.00121696
1.73125 	0.00121673
1.73125 	0.00121646
1.73124 	0.00121622
1.73124 	0.00121597
1.73124 	0.00121572
1.73125 	0.00121552
1.73127 	0.00121532
1.73127 	0.00121506
1.73125 	0.00121491
1.73122 	0.00121498
1.7312 	0.00121497
1.73118 	0.00121483
1.73117 	0.0012146
1.73118 	0.00121434
1.73118 	0.00121411
1.73119 	0.00121388
1.7312 	0.00121367
1.73121 	0.00121346
1.73123 	0.00121327
1.73124 	0.00121311
1.73126 	0.00121295
1.73127 	0.00121279
1.73129 	0.0012126
1.7313 	0.00121238
1.7313 	0.00121213
1.7313 	0.00121188
1.73129 	0.00121167
1.73128 	0.00121145
1.73127 	0.00121119
1.73128 	0.00121095
1.7313 	0.00121083
1.73133 	0.00121088
1.73136 	0.00121107
1.73139 	0.00121124
1.73142 	0.00121133
1.73144 	0.00121132
1.73146 	0.00121123
1.73148 	0.00121111
1.7315 	0.00121104
1.73153 	0.00121099
1.73155 	0.00121087
1.73155 	0.00121064
1.73155 	0.00121039
1.73153 	0.00121032
1.73149 	0.0012105
1.73145 	0.00121085
1.73142 	0.00121119
1.73138 	0.0012114
1.73136 	0.00121144
1.73134 	0.00121132
1.73133 	0.00121109
1.73133 	0.00121083
1.73134 	0.0012106
1.73135 	0.00121043
1.73137 	0.00121034
1.7314 	0.00121035
1.73143 	0.00121044
1.73145 	0.0012105
1.73147 	0.00121044
1.73149 	0.00121026
1.73149 	0.00121001
1.73149 	0.00120976
1.73148 	0.00120957
1.73146 	0.00120954
1.73143 	0.00120966
1.73139 	0.00120986
1.73136 	0.0012101
1.73133 	0.00121028
1.7313 	0.00121028
1.73128 	0.00121013
1.73127 	0.00120995
1.73126 	0.00120976
1.73124 	0.00120958
1.73123 	0.00120937
1.73122 	0.00120914
1.73122 	0.0012089
1.73122 	0.00120864
1.73123 	0.00120841
1.73124 	0.0012082
1.73125 	0.001208
1.73126 	0.00120778
1.73127 	0.00120754
1.73127 	0.00120729
1.73127 	0.00120704
1.73125 	0.00120689
1.73122 	0.00120709
1.73117 	0.00120787
1.73111 	0.00120897
1.73106 	0.00120982
1.73102 	0.00121013
1.731 	0.00121006
1.73099 	0.00120989
1.73097 	0.00120974
1.73095 	0.00120965
1.73093 	0.0012096
1.73091 	0.00120955
1.73089 	0.00120945
1.73087 	0.00120933
1.73085 	0.00120921
1.73083 	0.00120908
1.73082 	0.00120894
1.7308 	0.00120879
1.73079 	0.00120863
1.73077 	0.00120845
1.73076 	0.00120827
1.73074 	0.00120815
1.73071 	0.0012082
1.73068 	0.00120835
1.73065 	0.0012084
1.73063 	0.00120838
1.73061 	0.00120835
1.73059 	0.00120829
1.73057 	0.00120816
1.73056 	0.00120796
1.73055 	0.00120771
1.73055 	0.00120746
1.73055 	0.0012072
1.73055 	0.00120696
1.73053 	0.0012068
1.73051 	0.00120679
1.73048 	0.00120681
1.73047 	0.00120664
1.73047 	0.00120638
1.73048 	0.00120614
1.73048 	0.00120589
1.73048 	0.00120564
1.73047 	0.00120539
1.73048 	0.00120514
1.73048 	0.00120491
1.73049 	0.00120466
1.73048 	0.00120442
1.73047 	0.00120421
1.73046 	0.00120401
1.73046 	0.00120377
1.73046 	0.00120352
1.73047 	0.00120329
1.73048 	0.00120308
1.73049 	0.00120287
1.73049 	0.00120263
1.73049 	0.00120238
1.73049 	0.00120213
1.73049 	0.00120188
1.73049 	0.00120163
1.73048 	0.0012014
1.73046 	0.00120124
1.73044 	0.00120115
1.73042 	0.00120111
1.7304 	0.00120109
1.73038 	0.00120102
1.73036 	0.00120094
1.73033 	0.0012009
1.73031 	0.00120086
1.73029 	0.00120076
1.73028 	0.00120058
1.73027 	0.00120034
1.73028 	0.00120009
1.73028 	0.00119987
1.7303 	0.00119973
1.73032 	0.00119962
1.73033 	0.00119942
1.73032 	0.00119919
1.7303 	0.0011992
1.73026 	0.00119939
1.73024 	0.00119948
1.73022 	0.00119941
1.7302 	0.00119927
1.73018 	0.00119915
1.73016 	0.0011991
1.73013 	0.00119911
1.73011 	0.00119911
1.73009 	0.00119909
1.73006 	0.00119905
1.73004 	0.00119897
1.73003 	0.00119884
1.73002 	0.00119865
1.73001 	0.00119842
1.73001 	0.00119817
1.73001 	0.00119792
1.73 	0.00119768
1.73 	0.00119743
1.73001 	0.00119719
1.73001 	0.00119695
1.73001 	0.00119671
1.73001 	0.00119648
1.73 	0.00119624
1.73001 	0.001196
1.73002 	0.00119581
1.73003 	0.00119561
1.73003 	0.00119537
1.73003 	0.00119513
1.73002 	0.0011949
1.73002 	0.00119465
1.73004 	0.0011945
1.73006 	0.00119443
1.73007 	0.00119427
1.73007 	0.00119403
1.73006 	0.00119384
1.73004 	0.00119381
1.73002 	0.00119378
1.73001 	0.00119357
1.73002 	0.00119336
1.73004 	0.00119328
1.73006 	0.00119321
1.73008 	0.00119309
1.73009 	0.00119292
1.7301 	0.00119272
1.73011 	0.0011925
1.73011 	0.00119225
1.7301 	0.00119201
1.7301 	0.00119177
1.7301 	0.00119153
1.73011 	0.00119131
1.73012 	0.00119116
1.73014 	0.00119108
1.73017 	0.00119107
1.73019 	0.00119112
1.73022 	0.00119125
1.73026 	0.0011915
1.73029 	0.0011918
1.73033 	0.00119205
1.73036 	0.00119223
1.73039 	0.00119238
1.73042 	0.00119251
1.73044 	0.00119252
1.73046 	0.00119235
1.73046 	0.00119211
1.73045 	0.00119189
1.73044 	0.00119167
1.73044 	0.00119143
1.73045 	0.00119121
1.73047 	0.00119109
1.73049 	0.00119106
1.73051 	0.00119099
1.73052 	0.00119078
1.73051 	0.00119057
1.73049 	0.00119053
1.73046 	0.00119065
1.73043 	0.00119069
1.73042 	0.00119058
1.73041 	0.00119036
1.73041 	0.00119012
1.73042 	0.00118992
1.73044 	0.00118982
1.73046 	0.00118978
1.73048 	0.00118972
1.7305 	0.0011896
1.73051 	0.00118944
1.73052 	0.00118926
1.73054 	0.00118908
1.73055 	0.00118892
1.73057 	0.00118877
1.73058 	0.00118857
1.73058 	0.00118833
1.73057 	0.00118811
1.73056 	0.00118794
1.73054 	0.00118776
1.73054 	0.00118755
1.73053 	0.00118732
1.73053 	0.00118707
1.73054 	0.00118684
1.73055 	0.00118665
1.73056 	0.00118651
1.73058 	0.0011864
1.7306 	0.00118625
1.73061 	0.00118605
1.73061 	0.00118583
1.73062 	0.00118559
1.73062 	0.00118536
1.73063 	0.00118513
1.73063 	0.00118492
1.73064 	0.00118471
1.73065 	0.00118449
1.73066 	0.00118428
1.73067 	0.00118412
1.73069 	0.00118401
1.73071 	0.0011839
1.73072 	0.00118376
1.73073 	0.00118355
1.73073 	0.00118331
1.73073 	0.00118308
1.73072 	0.00118287
1.73071 	0.00118266
1.73071 	0.00118243
1.73071 	0.0011822
1.73071 	0.00118197
1.73072 	0.00118181
1.73075 	0.00118176
1.73077 	0.00118169
1.73078 	0.00118153
1.73078 	0.0011813
1.73078 	0.00118107
1.73078 	0.00118083
1.73078 	0.0011806
1.73077 	0.00118037
1.73076 	0.00118015
1.73076 	0.00117993
1.73076 	0.0011797
1.73078 	0.00117964
1.73081 	0.00117979
1.73085 	0.00117997
1.73087 	0.00118004
1.73089 	0.00117998
1.73091 	0.00117982
1.73091 	0.0011796
1.73092 	0.00117937
1.73092 	0.00117913
1.73092 	0.00117889
1.73091 	0.00117866
1.73091 	0.00117844
1.7309 	0.00117821
1.7309 	0.00117799
1.73089 	0.00117776
1.73089 	0.00117753
1.73089 	0.0011773
1.73089 	0.00117709
1.73091 	0.0011769
1.73091 	0.00117668
1.73091 	0.00117644
1.73091 	0.0011762
1.73091 	0.00117597
1.73091 	0.00117573
1.73091 	0.0011755
1.7309 	0.00117529
1.73089 	0.00117512
1.73088 	0.00117493
1.73087 	0.0011747
1.73088 	0.00117447
1.73088 	0.00117425
1.73088 	0.00117402
1.73086 	0.00117401
1.73082 	0.00117431
1.73079 	0.00117464
1.73075 	0.00117482
1.73073 	0.00117486
1.73071 	0.0011748
1.73069 	0.00117466
1.73069 	0.00117444
1.73069 	0.00117421
1.73069 	0.00117398
1.7307 	0.00117377
1.73071 	0.00117355
1.73071 	0.00117331
1.73071 	0.00117308
1.7307 	0.00117285
1.7307 	0.00117262
1.7307 	0.00117239
1.7307 	0.00117215
1.7307 	0.00117192
1.73071 	0.00117173
1.73072 	0.00117159
1.73074 	0.00117149
1.73076 	0.00117139
1.73077 	0.00117124
1.73078 	0.00117104
1.73078 	0.0011708
1.73078 	0.00117057
1.73077 	0.00117038
