1.18802 	0
1.18551 	0.00250609
1.19446 	0.00906707
1.21115 	0.0178735
1.22818 	0.0219474
1.24007 	0.021507
1.24609 	0.0191495
1.24855 	0.0167652
1.24904 	0.0147934
1.24701 	0.0133862
1.24117 	0.0134406
1.23127 	0.01577
1.21896 	0.0190211
1.20747 	0.0210282
1.19961 	0.0210969
1.19611 	0.0200417
1.19589 	0.0188272
1.19729 	0.0178057
1.19916 	0.0169461
1.20129 	0.0162164
1.204 	0.0156623
1.2075 	0.0153362
1.21134 	0.0151512
1.21454 	0.0148533
1.21595 	0.0143172
1.21515 	0.0137787
1.21258 	0.0135061
1.20895 	0.0135122
1.20506 	0.0136053
1.20197 	0.0135024
1.20047 	0.0131453
1.20053 	0.012728
1.20144 	0.0123699
1.20252 	0.0120494
1.20369 	0.0117579
1.20538 	0.0115522
1.20784 	0.0115001
1.21056 	0.011521
1.21265 	0.011413
1.21323 	0.0111395
1.21204 	0.0109295
1.20951 	0.0109618
1.20656 	0.0111042
1.20412 	0.0111189
1.20279 	0.0109508
1.20254 	0.010713
1.2029 	0.0104887
1.20334 	0.0102775
1.20368 	0.0100712
1.20402 	0.00987373
1.20456 	0.0096931
1.20539 	0.00954129
1.20657 	0.00943355
1.20809 	0.00937997
1.2098 	0.00936613
1.21143 	0.00934094
1.21258 	0.00924675
1.2129 	0.00909162
1.21234 	0.0089539
1.21107 	0.00889445
1.2093 	0.00892305
1.20734 	0.00899471
1.20577 	0.00898957
1.20524 	0.00886359
1.20576 	0.00874135
1.20668 	0.00865686
1.20741 	0.0085578
1.20775 	0.00843802
1.20787 	0.00831566
1.20805 	0.008198
1.2085 	0.00809451
1.20923 	0.00801462
1.21002 	0.00794263
1.21053 	0.00785125
1.21056 	0.00774595
1.21019 	0.00765254
1.20967 	0.00757012
1.20929 	0.00748241
1.20914 	0.00738848
1.20923 	0.00729606
1.20949 	0.00721023
1.20982 	0.00712932
1.21009 	0.00704795
1.21025 	0.00696545
1.21033 	0.00688342
1.2103 	0.00680297
1.2101 	0.00672715
1.20966 	0.00666537
1.20896 	0.00662643
1.20823 	0.00659324
1.20776 	0.00653741
1.2077 	0.00646619
1.20796 	0.00640149
1.20827 	0.00634048
1.2084 	0.00627469
1.20823 	0.00621123
1.20776 	0.00616489
1.20707 	0.00614074
1.2063 	0.00612606
1.20568 	0.00609608
1.20545 	0.00604002
1.20573 	0.005987
1.20641 	0.00596819
1.20719 	0.0059613
1.20775 	0.00593043
1.20797 	0.0058785
1.20789 	0.00582394
1.2076 	0.005777
1.20733 	0.00572999
1.20727 	0.00567797
1.20737 	0.00562753
1.20743 	0.00557741
1.20736 	0.00552837
1.20728 	0.00548017
1.20744 	0.00543456
1.20791 	0.00540776
1.20856 	0.00540167
1.20921 	0.00539394
1.20966 	0.0053677
1.20987 	0.00532686
1.20989 	0.00528268
1.20981 	0.00523968
1.2097 	0.00519814
1.20948 	0.00516067
1.20905 	0.0051371
1.20836 	0.00514353
1.20741 	0.00519018
1.20633 	0.00526075
1.20536 	0.00531021
1.2047 	0.00531005
1.20443 	0.00527645
1.2044 	0.00523641
1.20438 	0.00519693
1.20422 	0.00516026
1.20398 	0.00512782
1.20377 	0.00509421
1.20368 	0.00505771
1.2037 	0.00502095
1.20381 	0.00498604
1.20408 	0.00495775
1.20456 	0.00494603
1.20518 	0.00494935
1.20571 	0.0049428
1.20596 	0.00491494
1.20599 	0.00488099
1.206 	0.00484746
1.20613 	0.00481624
1.20637 	0.00478936
1.20661 	0.00476333
1.20675 	0.00473338
1.20667 	0.00470253
1.20637 	0.004681
1.20595 	0.00466953
1.20557 	0.00465465
1.20539 	0.00462785
1.2055 	0.00459922
1.20586 	0.00458409
1.2064 	0.00458762
1.207 	0.0045981
1.20746 	0.0045919
1.20754 	0.00456402
1.2071 	0.00455682
1.20622 	0.00461371
1.20524 	0.00468918
1.20459 	0.00470629
1.20448 	0.00467922
1.20482 	0.00466378
1.2054 	0.00467189
1.20603 	0.00468678
1.20661 	0.00469495
1.20705 	0.00468836
1.20725 	0.00466534
1.20712 	0.00464014
1.20667 	0.00463476
1.20606 	0.00464837
1.20548 	0.00465908
1.20504 	0.00465373
1.20476 	0.00463593
1.2046 	0.00461258
1.20458 	0.00458691
1.20478 	0.00456577
1.20518 	0.00455814
1.20565 	0.00455779
1.20607 	0.00455186
1.20639 	0.00453858
1.20673 	0.00452662
1.20726 	0.00453446
1.20804 	0.00457625
1.20889 	0.00463019
1.20963 	0.00466499
1.21014 	0.0046687
1.21032 	0.00464785
1.21009 	0.00462965
1.20945 	0.00464898
1.20861 	0.00470156
1.20781 	0.00474517
1.20718 	0.00476364
1.20662 	0.00477202
1.20602 	0.00478578
1.20537 	0.00480648
1.20479 	0.00481694
1.20447 	0.00480387
1.20448 	0.00478016
1.20478 	0.0047662
1.20527 	0.00476802
1.20583 	0.00477794
1.20635 	0.00478367
1.20675 	0.00477678
1.20696 	0.00475875
1.20704 	0.00473661
1.20707 	0.00471423
1.20717 	0.00469305
1.20738 	0.00467544
1.2076 	0.00465912
1.20773 	0.00463902
1.20768 	0.00461772
1.20751 	0.00459968
1.20729 	0.00458365
1.20709 	0.00456724
1.2069 	0.00455029
1.20673 	0.00453282
1.20663 	0.00451355
1.20666 	0.00449337
1.20685 	0.00447731
1.20715 	0.00446753
1.20747 	0.0044591
1.2077 	0.00444557
1.20779 	0.00442689
1.20775 	0.00440769
1.20768 	0.00438905
1.20768 	0.00437001
1.20782 	0.00435313
1.20805 	0.00434099
1.20833 	0.00433129
1.20856 	0.00431891
1.20867 	0.00430196
1.20866 	0.00428378
1.20859 	0.00426626
1.20851 	0.00424922
1.20837 	0.00423361
1.20812 	0.00422383
1.20768 	0.00422937
1.20707 	0.00425539
1.20643 	0.00428528
1.20596 	0.00429385
1.20577 	0.00428065
1.20584 	0.00426378
1.20602 	0.00425035
1.20613 	0.00423482
1.20607 	0.00421827
1.20587 	0.00420627
1.20568 	0.00419377
1.20568 	0.00417716
1.20593 	0.00416854
1.2064 	0.00417826
1.20694 	0.00419668
1.20741 	0.00420701
1.20776 	0.00420538
1.20802 	0.00419706
1.20822 	0.00418549
1.20833 	0.00417102
1.20833 	0.00415507
1.2082 	0.00414129
1.20794 	0.00413408
1.20757 	0.00413491
1.2072 	0.00413551
1.20697 	0.00412637
1.20694 	0.00411109
1.20703 	0.00409686
1.20712 	0.00408257
1.2071 	0.00406753
1.20699 	0.00405412
1.20689 	0.00404036
1.20694 	0.00402587
1.20717 	0.00401759
1.20748 	0.00401555
1.20776 	0.00401042
1.2079 	0.00399852
1.20789 	0.00398417
1.20776 	0.00397218
1.20754 	0.00396413
1.20729 	0.0039577
1.20709 	0.00394892
1.20698 	0.00393654
1.20698 	0.0039227
1.20707 	0.00391005
1.20723 	0.00389969
1.20741 	0.00389025
1.20753 	0.00387856
1.20751 	0.00386519
1.20737 	0.00385446
1.2072 	0.00384515
1.2071 	0.00383323
1.20714 	0.00382036
1.20731 	0.00381117
1.20755 	0.00380588
1.20775 	0.00379857
1.20783 	0.00378659
1.20778 	0.00377426
1.20767 	0.00376319
1.20758 	0.00375179
1.20756 	0.0037394
1.20764 	0.00372802
1.20783 	0.00372024
1.20805 	0.00371476
1.20824 	0.00370723
1.20833 	0.00369627
1.20833 	0.00368425
1.20828 	0.00367267
1.20822 	0.0036612
1.2082 	0.00364947
1.20823 	0.00363785
1.20829 	0.00362671
1.20834 	0.00361554
1.20833 	0.00360407
1.20821 	0.00359468
1.20799 	0.00359
1.20773 	0.00358797
1.2075 	0.00358432
1.20733 	0.00357683
1.20727 	0.00356626
1.20729 	0.00355522
1.20734 	0.00354461
1.20738 	0.0035339
1.20738 	0.00352301
1.20734 	0.00351249
1.20727 	0.00350232
1.20726 	0.00349165
1.20739 	0.00348323
1.20767 	0.00348393
1.20802 	0.00349144
1.20831 	0.00349305
1.20841 	0.00348385
1.20824 	0.00347734
1.20788 	0.00348615
1.2075 	0.00349614
1.2073 	0.00349157
1.20731 	0.00348127
1.20746 	0.00347395
1.20761 	0.0034669
1.20769 	0.00345766
1.2077 	0.00344755
1.20767 	0.00343757
1.20764 	0.00342768
1.20763 	0.00341776
1.20766 	0.00340797
1.20773 	0.00339902
1.20783 	0.0033907
1.20793 	0.00338223
1.208 	0.00337334
1.20805 	0.00336405
1.20805 	0.00335448
1.20794 	0.00334656
1.20768 	0.00334757
1.20728 	0.00336171
1.20687 	0.00337758
1.20657 	0.00338102
1.20648 	0.00337294
1.20659 	0.00336537
1.20685 	0.00336611
1.20716 	0.00337105
1.20742 	0.00337209
1.20759 	0.00336668
1.20762 	0.00335763
1.20754 	0.00334942
1.2074 	0.00334329
1.20729 	0.00333586
1.20726 	0.00332692
1.20727 	0.00331791
1.20729 	0.00330897
1.20731 	0.00330011
1.20735 	0.00329149
1.20742 	0.00328333
1.2075 	0.00327544
1.20754 	0.00326706
1.20752 	0.00325847
1.2074 	0.00325189
1.20724 	0.00324708
1.20713 	0.00324062
1.20709 	0.00323226
1.20712 	0.00322391
1.20719 	0.0032162
1.20729 	0.00320918
1.20739 	0.00320244
1.20746 	0.003195
1.20748 	0.00318675
1.20743 	0.0031789
1.20733 	0.00317212
1.20723 	0.00316551
1.20716 	0.00315816
1.20714 	0.00315019
1.20716 	0.00314219
1.20721 	0.00313474
1.20729 	0.00312778
1.20733 	0.00312006
1.20727 	0.00311282
1.20713 	0.00310803
1.20701 	0.0031024
1.207 	0.00309463
1.20713 	0.00308938
1.20738 	0.0030921
1.20772 	0.00310291
1.20801 	0.00310842
1.2081 	0.00310225
1.20802 	0.00309578
1.20787 	0.00309163
1.20779 	0.00308515
1.20783 	0.00307787
1.20799 	0.00307472
1.20823 	0.00307633
1.20846 	0.00307784
1.20863 	0.00307462
1.20868 	0.00306762
1.20864 	0.0030605
1.20854 	0.00305462
1.20844 	0.00304879
1.20839 	0.00304193
1.20838 	0.00303466
1.20837 	0.00302744
1.20828 	0.00302141
1.2081 	0.0030199
1.20785 	0.00302329
1.2076 	0.00302573
1.20745 	0.00302271
1.20739 	0.00301617
1.20739 	0.00300908
1.20741 	0.00300206
1.2074 	0.00299505
1.20735 	0.0029884
1.20727 	0.00298248
1.20721 	0.00297632
1.20722 	0.00296944
1.20735 	0.0029655
1.20759 	0.00296804
1.20787 	0.00297435
1.20811 	0.00297778
1.20826 	0.00297477
1.20828 	0.00296802
1.20818 	0.002963
1.20802 	0.0029604
1.20789 	0.0029565
1.20784 	0.00295021
1.20788 	0.00294381
1.20799 	0.00293922
1.20816 	0.00293704
1.20835 	0.0029371
1.20856 	0.00293764
1.20872 	0.0029357
1.2088 	0.00293022
1.20876 	0.00292393
1.2086 	0.0029219
1.20834 	0.00292688
1.20804 	0.00293608
1.20773 	0.00294631
1.2074 	0.00295817
1.20704 	0.00297395
1.20664 	0.00299328
1.20627 	0.00301056
1.20597 	0.00301887
1.2058 	0.00301692
1.20578 	0.00301042
1.20588 	0.00300561
1.20605 	0.00300367
1.20623 	0.00300274
1.20641 	0.00300186
1.20661 	0.00300161
1.20683 	0.00300312
1.20707 	0.00300683
1.20733 	0.00301139
1.20756 	0.00301388
1.20772 	0.00301199
1.2078 	0.0030065
1.20779 	0.00300015
1.20772 	0.00299455
1.20762 	0.00298993
1.20751 	0.00298567
1.20742 	0.00298071
1.20738 	0.00297485
1.20736 	0.00296868
1.20733 	0.00296263
1.20725 	0.00295751
1.20715 	0.00295329
1.20708 	0.00294784
1.20711 	0.00294182
1.20718 	0.00293681
1.20727 	0.002932
1.20733 	0.00292658
1.20735 	0.00292067
1.20733 	0.00291477
1.20726 	0.00290962
1.20717 	0.00290523
1.20708 	0.00290078
1.20699 	0.00289611
1.20689 	0.00289217
1.20672 	0.00289086
1.2065 	0.00289381
1.20624 	0.00289927
1.20603 	0.00290161
1.20592 	0.00289767
1.20597 	0.00289229
1.20616 	0.00289295
1.20646 	0.0029024
1.20682 	0.00291915
1.20721 	0.00293951
1.20758 	0.00295716
1.20787 	0.00296553
1.20803 	0.00296387
1.20805 	0.00295808
1.20798 	0.00295308
1.2079 	0.00294828
1.20786 	0.00294284
1.20782 	0.00293736
1.20776 	0.00293219
1.20774 	0.00292655
1.20779 	0.00292122
1.20782 	0.00291572
1.20775 	0.00291089
1.20758 	0.00291013
1.20738 	0.00291182
1.2072 	0.00291131
1.20714 	0.00290635
1.20724 	0.00290226
1.20743 	0.0029035
1.20763 	0.00290459
1.20774 	0.00290112
1.20775 	0.0028956
1.20768 	0.00289089
1.20757 	0.00288735
1.20748 	0.00288339
1.20745 	0.00287809
1.20749 	0.00287296
1.20757 	0.00286865
1.20765 	0.00286438
1.20772 	0.00285983
1.20779 	0.00285533
1.20788 	0.00285138
1.20798 	0.00284798
1.20808 	0.00284425
1.20814 	0.0028397
1.20818 	0.00283471
1.20823 	0.00282979
1.2083 	0.00282548
1.20839 	0.00282183
1.20847 	0.00281764
1.20848 	0.00281251
1.20841 	0.00280828
1.20824 	0.00280808
1.20799 	0.00281423
1.20768 	0.00282619
1.20736 	0.00283893
1.2071 	0.00284589
1.20694 	0.00284537
1.20689 	0.00284065
1.20694 	0.00283591
1.20704 	0.00283279
1.20717 	0.00283081
1.20732 	0.00282939
1.20745 	0.00282735
1.20753 	0.00282351
1.20756 	0.00281858
1.20756 	0.00281355
1.2076 	0.00280879
1.20771 	0.0028059
1.20788 	0.00280599
1.20805 	0.00280637
1.20815 	0.00280317
1.20811 	0.00279843
1.20796 	0.00279759
1.20779 	0.0027978
1.20771 	0.00279422
1.20772 	0.00278937
1.20781 	0.00278569
1.20793 	0.00278347
1.20808 	0.00278298
1.20826 	0.00278369
1.20842 	0.00278353
1.20853 	0.00278081
1.20855 	0.0027761
1.20848 	0.00277237
1.2083 	0.00277319
1.20807 	0.00277824
1.20786 	0.00278112
1.20776 	0.00277826
1.20778 	0.00277358
1.2079 	0.00277136
1.20807 	0.00277181
1.20823 	0.00277219
1.20834 	0.00276961
1.20834 	0.0027649
1.2082 	0.00276387
1.20795 	0.00277039
1.20768 	0.00277904
1.20747 	0.00278158
1.2074 	0.002778
1.20744 	0.00277367
1.20758 	0.00277239
1.20776 	0.00277368
1.20792 	0.00277365
1.208 	0.0027703
1.208 	0.00276568
1.20796 	0.00276137
1.20794 	0.0027569
1.20795 	0.00275234
1.20798 	0.00274795
1.208 	0.0027435
1.208 	0.00273897
1.20798 	0.00273455
1.20793 	0.0027305
1.20786 	0.00272687
1.2078 	0.00272311
1.20778 	0.00271872
1.20783 	0.00271474
1.20794 	0.00271248
1.20806 	0.00271072
1.20815 	0.00270791
1.20821 	0.00270428
1.20827 	0.0027005
1.20833 	0.00269673
1.20837 	0.00269268
1.20837 	0.00268834
1.20832 	0.00268446
1.20823 	0.00268175
1.20812 	0.00267976
1.20801 	0.00267747
1.20795 	0.00267406
1.20793 	0.00266982
1.20798 	0.0026659
1.20806 	0.00266297
1.20816 	0.00266069
1.20824 	0.00265755
1.20822 	0.00265337
1.2081 	0.00265232
1.20789 	0.00265625
1.20768 	0.00266003
1.20755 	0.00265921
1.20751 	0.00265528
1.20756 	0.00265158
1.20768 	0.00265025
1.20786 	0.0026519
1.20805 	0.00265491
1.20823 	0.00265691
1.20838 	0.00265691
1.2085 	0.0026552
1.20857 	0.00265206
1.20858 	0.00264796
1.2085 	0.00264506
1.20834 	0.0026457
1.20816 	0.00264747
1.20805 	0.00264562
1.20808 	0.00264163
1.20823 	0.00264185
1.20844 	0.00264629
1.20862 	0.00264821
1.2087 	0.00264538
1.20869 	0.00264136
1.20862 	0.00263805
1.20853 	0.00263578
1.2084 	0.00263506
1.20826 	0.00263479
1.20816 	0.0026325
1.20815 	0.00262855
1.20822 	0.00262558
1.20836 	0.00262543
1.20853 	0.00262688
1.20867 	0.00262673
1.20874 	0.00262373
1.20872 	0.00261985
1.20863 	0.00261771
1.20848 	0.00261808
1.20831 	0.0026194
1.20817 	0.00261909
1.2081 	0.00261615
1.20812 	0.00261228
1.2082 	0.00260967
1.20832 	0.00260852
1.20844 	0.00260756
1.20854 	0.00260569
1.2086 	0.00260262
1.20863 	0.00259887
1.20862 	0.00259505
1.2086 	0.00259132
1.20857 	0.00258768
1.20852 	0.0025843
1.20845 	0.00258141
1.20838 	0.00257858
1.20835 	0.00257504
1.20837 	0.00257138
1.20843 	0.00256823
1.20848 	0.00256497
1.20849 	0.0025613
1.20848 	0.00255763
1.20845 	0.00255409
1.20843 	0.00255052
1.20841 	0.00254687
1.20841 	0.00254321
1.20838 	0.00253971
1.20831 	0.00253703
1.20822 	0.00253486
1.20818 	0.00253162
1.20821 	0.00252817
1.20828 	0.00252563
1.20834 	0.00252265
1.20833 	0.00251906
1.20828 	0.00251615
1.20819 	0.00251406
1.20811 	0.00251165
1.20808 	0.00250826
1.20812 	0.00250503
1.20823 	0.00250355
1.20836 	0.00250346
1.20847 	0.00250258
1.20854 	0.00250002
1.20857 	0.00249672
1.2086 	0.00249335
1.20864 	0.00249015
1.20868 	0.00248709
1.20872 	0.00248386
1.20873 	0.00248046
1.20875 	0.00247706
1.20878 	0.00247379
1.20881 	0.00247056
1.20882 	0.00246717
1.20881 	0.0024638
1.20877 	0.00246071
1.20871 	0.00245804
1.20863 	0.00245602
1.20853 	0.00245463
1.20843 	0.00245316
1.20836 	0.00245086
1.20832 	0.0024478
1.20832 	0.00244445
1.20836 	0.00244135
1.20841 	0.00243862
1.20845 	0.00243566
1.20846 	0.00243235
1.20843 	0.00242921
1.20838 	0.00242637
1.20835 	0.00242337
1.20835 	0.00242009
1.20841 	0.0024176
1.20852 	0.00241704
1.20867 	0.00241807
1.2088 	0.00241847
1.20888 	0.00241639
1.20887 	0.00241314
1.20882 	0.00241057
1.20875 	0.00240822
1.20872 	0.00240524
1.20874 	0.00240209
1.20881 	0.00239993
1.2089 	0.00239854
1.20897 	0.00239632
1.20897 	0.00239314
1.2089 	0.00239101
1.20877 	0.0023917
1.20859 	0.00239517
1.2084 	0.00239958
1.20823 	0.00240212
1.20814 	0.00240089
1.20814 	0.00239772
1.20822 	0.00239616
1.20835 	0.00239626
1.20844 	0.0023949
1.20844 	0.00239177
1.20831 	0.00239206
1.20809 	0.00239874
1.20787 	0.00240638
1.20771 	0.00240839
1.20768 	0.00240548
1.20778 	0.00240453
1.20798 	0.0024097
1.20821 	0.00241735
1.20841 	0.00242279
1.20858 	0.00242538
1.20871 	0.0024258
1.20881 	0.0024247
1.20887 	0.00242251
1.2089 	0.00241956
1.20889 	0.0024165
1.20884 	0.00241378
1.20879 	0.00241128
1.20873 	0.00240886
1.20869 	0.00240617
1.20868 	0.00240312
1.2087 	0.00240012
1.20872 	0.00239718
1.20873 	0.00239416
1.20872 	0.00239113
1.20869 	0.00238831
1.20863 	0.00238618
1.20852 	0.00238549
1.20838 	0.0023865
1.20823 	0.00238844
1.20808 	0.00238998
1.20796 	0.00239034
1.20785 	0.00238961
1.20776 	0.00238824
1.20769 	0.00238645
1.20763 	0.00238414
1.2076 	0.00238133
1.20761 	0.00237836
1.20764 	0.00237569
1.20771 	0.00237357
1.20778 	0.00237185
1.20786 	0.00237026
1.20796 	0.00236916
1.20809 	0.00236996
1.20827 	0.0023737
1.20846 	0.00237821
1.2086 	0.00237983
1.20867 	0.00237788
1.20865 	0.00237503
1.20857 	0.00237366
1.20845 	0.00237386
1.20832 	0.00237444
1.20821 	0.00237396
1.20814 	0.00237202
1.20811 	0.00236933
1.2081 	0.00236646
1.2081 	0.00236357
1.2081 	0.0023607
1.20811 	0.00235784
1.20813 	0.00235504
1.20815 	0.00235235
1.20818 	0.00234968
1.2082 	0.00234688
1.20819 	0.00234406
1.20816 	0.00234146
1.20811 	0.00233906
1.20806 	0.00233684
1.208 	0.00233485
1.20793 	0.00233289
1.20789 	0.00233052
1.20788 	0.00232776
1.2079 	0.00232512
1.20796 	0.00232316
1.20806 	0.0023223
1.20818 	0.00232287
1.20834 	0.00232502
1.2085 	0.00232792
1.20864 	0.00232947
1.20873 	0.0023285
1.20876 	0.00232591
1.20873 	0.00232332
1.20867 	0.0023215
1.20858 	0.00232025
1.20849 	0.00231948
1.20837 	0.00231952
1.20824 	0.00232063
1.2081 	0.00232224
1.20797 	0.00232306
1.20787 	0.00232231
1.20781 	0.00232035
1.20779 	0.00231778
1.2078 	0.00231513
1.20788 	0.00231374
1.20802 	0.00231513
1.20819 	0.0023184
1.20835 	0.00232113
1.20848 	0.00232251
1.20861 	0.00232333
1.20873 	0.00232394
1.20883 	0.00232326
1.20888 	0.00232108
1.20889 	0.00231842
1.20888 	0.00231576
1.20884 	0.00231342
1.20876 	0.00231217
1.20865 	0.00231235
1.20853 	0.0023125
1.20845 	0.00231125
1.20842 	0.00230886
1.20842 	0.00230622
1.20847 	0.00230394
1.20853 	0.00230215
1.2086 	0.00230081
1.20869 	0.00229972
1.20877 	0.00229867
1.20885 	0.00229723
1.20889 	0.00229501
1.20889 	0.0022924
1.20884 	0.00229023
1.20878 	0.00228852
1.20871 	0.0022869
1.20865 	0.00228502
1.20864 	0.00228251
1.20867 	0.00228022
1.20874 	0.00227874
1.20882 	0.00227741
1.20887 	0.00227545
1.20888 	0.00227291
1.20884 	0.00227069
1.20878 	0.00226905
1.20872 	0.00226721
1.20869 	0.00226484
1.20869 	0.00226231
1.2087 	0.00225981
1.2087 	0.0022573
1.20866 	0.00225511
1.20858 	0.00225431
1.20844 	0.00225577
1.20828 	0.00225879
1.20813 	0.00226122
1.20804 	0.00226084
1.20803 	0.00225834
1.20813 	0.00225821
1.20832 	0.00226348
1.20854 	0.00227155
1.20873 	0.00227722
1.20887 	0.00227852
1.20894 	0.00227717
1.20898 	0.00227499
1.209 	0.00227267
1.20904 	0.0022704
1.20906 	0.00226808
1.20906 	0.0022656
1.20902 	0.00226362
1.20892 	0.00226341
1.20878 	0.00226515
1.20864 	0.00226716
1.20853 	0.00226736
1.20847 	0.00226547
1.20849 	0.00226308
1.20857 	0.00226192
1.20868 	0.00226218
1.20879 	0.00226246
1.20887 	0.00226142
1.20891 	0.00225929
1.20891 	0.00225686
1.20888 	0.00225465
1.20881 	0.00225327
1.2087 	0.0022532
1.20858 	0.00225431
1.20844 	0.00225609
1.2083 	0.00225784
1.20819 	0.00225806
1.20815 	0.00225602
1.2082 	0.0022542
1.20834 	0.00225558
1.20851 	0.0022597
1.20868 	0.00226371
1.20881 	0.00226523
1.20889 	0.00226411
1.20891 	0.00226183
1.2089 	0.00225944
1.2089 	0.00225706
1.20891 	0.0022547
1.20894 	0.00225255
1.20898 	0.00225053
1.20901 	0.00224838
1.20902 	0.00224604
1.20901 	0.00224371
1.20898 	0.00224167
1.2089 	0.00224049
1.2088 	0.00224055
1.20868 	0.00224121
1.20859 	0.00224097
1.20854 	0.00223919
1.20854 	0.00223686
1.20858 	0.00223488
1.20863 	0.00223304
1.20866 	0.00223098
1.20868 	0.00222872
1.20868 	0.00222641
1.20867 	0.00222411
1.20865 	0.00222192
1.2086 	0.00222016
1.20851 	0.00221943
1.2084 	0.00222
1.20828 	0.00222084
1.20819 	0.00222045
1.20815 	0.00221862
1.20814 	0.00221634
1.20816 	0.0022141
1.20817 	0.00221187
1.20819 	0.00220969
1.20824 	0.00220802
1.20834 	0.00220789
1.20847 	0.00220977
1.20862 	0.00221245
1.20875 	0.00221407
1.20884 	0.00221366
1.20888 	0.00221176
1.20888 	0.00220952
1.20885 	0.00220748
1.2088 	0.00220566
1.20877 	0.00220377
1.20875 	0.00220158
1.20877 	0.0021994
1.20879 	0.00219732
1.20881 	0.00219519
1.20882 	0.00219299
1.2088 	0.00219082
1.20877 	0.00218893
1.20871 	0.00218755
1.20862 	0.00218699
1.20851 	0.00218746
1.2084 	0.002188
1.20833 	0.00218705
1.20831 	0.00218494
1.20834 	0.00218293
1.20839 	0.00218124
1.20843 	0.00217954
1.20848 	0.00217788
1.20854 	0.00217648
1.20861 	0.00217539
1.20867 	0.00217418
1.20871 	0.00217237
1.2087 	0.00217022
1.20865 	0.00216863
1.20858 	0.00216759
1.20852 	0.00216631
1.20848 	0.00216467
1.20844 	0.00216292
1.2084 	0.00216109
1.20838 	0.00215902
1.20841 	0.00215704
1.20848 	0.00215614
1.20859 	0.00215686
1.20872 	0.00215859
1.20885 	0.00216046
1.20898 	0.00216204
1.20909 	0.00216262
1.20915 	0.00216144
1.20915 	0.00215933
1.20909 	0.00215804
1.20899 	0.00215819
1.20888 	0.00215896
1.20877 	0.00215958
1.20867 	0.00215988
1.20858 	0.00215994
1.20849 	0.00215952
1.20844 	0.00215806
1.20844 	0.00215597
1.2085 	0.00215474
1.20859 	0.00215452
1.20867 	0.002154
1.20873 	0.00215255
1.20875 	0.00215059
1.20875 	0.00214853
1.20872 	0.0021466
1.20867 	0.00214514
1.20859 	0.00214451
1.2085 	0.00214441
1.20842 	0.0021439
1.20836 	0.00214262
1.20833 	0.00214085
1.20831 	0.00213887
1.20831 	0.00213684
1.20832 	0.00213482
1.20834 	0.00213295
1.2084 	0.00213154
1.20848 	0.00213113
1.20858 	0.00213178
1.20869 	0.00213212
1.20874 	0.00213084
1.20874 	0.00212883
1.20869 	0.00212737
1.20863 	0.00212619
1.20859 	0.00212448
1.20861 	0.00212254
1.20869 	0.0021219
1.20881 	0.00212355
1.20896 	0.0021267
1.20909 	0.00212913
1.20919 	0.00212909
1.20921 	0.0021272
1.20915 	0.00212585
1.20904 	0.00212684
1.2089 	0.00212985
1.20875 	0.00213274
1.20864 	0.00213373
1.20857 	0.00213303
1.20851 	0.00213169
1.20845 	0.00213057
1.20836 	0.00213054
1.20824 	0.00213191
1.20812 	0.0021334
1.20803 	0.0021334
1.20798 	0.0021319
1.20798 	0.00212993
1.20801 	0.00212816
1.20806 	0.00212665
1.2081 	0.00212516
1.20813 	0.00212342
1.20813 	0.00212146
1.2081 	0.00211967
1.20808 	0.00211789
1.20809 	0.002116
1.20818 	0.00211576
1.20832 	0.00211853
1.20847 	0.00212215
1.20859 	0.00212356
1.20865 	0.0021225
1.20866 	0.00212058
1.20865 	0.00211869
1.20864 	0.00211678
1.20863 	0.00211487
1.20861 	0.00211303
1.20857 	0.00211148
1.20851 	0.00211038
1.20844 	0.00210972
1.20837 	0.00210918
1.2083 	0.00210818
1.20827 	0.00210659
1.20826 	0.00210469
1.20827 	0.00210284
1.20829 	0.00210101
1.20829 	0.00209912
1.20826 	0.0020974
1.20823 	0.00209585
1.2082 	0.00209415
1.20818 	0.00209233
1.20817 	0.00209047
1.20817 	0.0020886
1.20817 	0.00208673
1.20817 	0.00208487
1.20819 	0.00208307
1.20822 	0.00208141
1.20827 	0.00208005
1.20833 	0.00207914
1.2084 	0.00207852
1.20847 	0.00207771
1.20851 	0.00207627
1.20851 	0.00207443
1.20848 	0.0020728
1.20844 	0.0020714
1.20841 	0.00206976
1.20841 	0.00206793
1.20842 	0.00206614
1.20843 	0.00206432
1.20843 	0.0020625
1.20842 	0.00206069
1.20843 	0.00205887
1.20844 	0.0020571
1.20844 	0.00205529
1.20842 	0.00205366
1.20837 	0.00205244
1.20832 	0.00205118
1.20829 	0.0020496
1.20828 	0.00204782
1.20829 	0.00204605
1.20831 	0.00204436
1.20834 	0.00204269
1.20836 	0.00204103
1.20837 	0.00203932
1.20838 	0.00203755
1.20837 	0.00203582
1.20834 	0.00203427
1.20831 	0.00203267
1.20831 	0.00203091
1.20835 	0.00202949
1.2084 	0.00202845
1.20845 	0.00202719
1.20847 	0.00202556
1.20848 	0.00202382
1.20849 	0.00202211
1.20851 	0.00202049
1.20854 	0.00201888
1.20855 	0.00201716
1.20854 	0.00201546
1.2085 	0.00201398
1.20846 	0.00201272
1.20841 	0.00201162
1.20835 	0.00201068
1.20829 	0.00200992
1.20823 	0.00200924
1.20817 	0.00200836
1.20813 	0.00200707
1.20811 	0.00200546
1.20811 	0.00200374
1.20812 	0.0020021
1.20815 	0.00200063
1.2082 	0.00199945
1.20826 	0.00199856
1.20831 	0.00199761
1.20835 	0.00199622
1.20835 	0.00199453
1.20832 	0.00199302
1.20828 	0.00199177
1.20824 	0.00199049
1.20821 	0.00198903
1.20819 	0.0019875
1.20816 	0.00198601
1.20813 	0.00198459
1.2081 	0.00198314
1.20808 	0.00198157
1.20806 	0.00197996
1.20804 	0.00197843
1.20799 	0.00197727
1.20794 	0.00197645
1.2079 	0.0019752
1.20791 	0.00197358
1.20798 	0.00197334
1.2081 	0.00197515
1.20822 	0.00197723
1.20832 	0.00197785
1.20837 	0.00197702
1.20839 	0.00197546
1.20837 	0.00197393
1.2083 	0.00197336
1.2082 	0.0019744
1.20808 	0.0019764
1.20798 	0.00197735
1.20793 	0.00197633
1.20794 	0.00197474
1.20801 	0.00197419
1.2081 	0.00197465
1.20819 	0.00197486
1.20824 	0.00197395
1.20824 	0.00197233
1.2082 	0.00197117
1.20813 	0.00197088
1.20806 	0.00197056
1.20801 	0.00196953
1.20799 	0.00196799
1.208 	0.0019664
1.20803 	0.00196496
1.20805 	0.00196345
1.20804 	0.00196185
1.20801 	0.00196052
1.20796 	0.00195947
1.20792 	0.00195827
1.20791 	0.00195676
1.20791 	0.00195517
1.20794 	0.00195376
1.20798 	0.00195259
1.20802 	0.00195145
1.20805 	0.00195006
1.20805 	0.00194847
1.20802 	0.00194714
1.20797 	0.00194613
1.20793 	0.00194496
1.20791 	0.00194344
1.20792 	0.00194188
1.20794 	0.00194038
1.20795 	0.00193886
1.20795 	0.00193729
1.20795 	0.00193573
1.20796 	0.00193419
1.20799 	0.0019328
1.20802 	0.00193146
1.20803 	0.00192993
1.208 	0.00192853
1.20794 	0.00192803
1.20785 	0.00192856
1.20776 	0.00192914
1.20769 	0.00192884
1.20765 	0.00192764
1.20765 	0.00192611
1.20767 	0.0019247
1.20772 	0.00192384
1.2078 	0.00192392
1.20789 	0.00192468
1.20798 	0.00192495
1.20802 	0.00192391
1.20801 	0.0019224
1.20796 	0.00192149
1.2079 	0.00192101
1.20785 	0.0019202
1.20782 	0.00191884
1.20783 	0.00191732
1.20784 	0.00191587
1.20786 	0.00191444
1.20788 	0.00191307
1.20793 	0.00191203
1.20799 	0.00191158
1.20806 	0.00191124
1.2081 	0.00191024
1.2081 	0.00190874
1.20805 	0.00190784
1.20797 	0.00190798
1.2079 	0.00190798
1.20786 	0.00190693
1.20786 	0.00190545
1.20791 	0.00190456
1.20797 	0.001904
1.20801 	0.00190294
1.20802 	0.00190146
1.208 	0.00190011
1.20796 	0.00189899
1.20792 	0.00189786
1.2079 	0.0018965
1.2079 	0.00189503
1.20791 	0.00189359
1.20792 	0.00189212
1.20789 	0.00189084
1.20782 	0.0018907
1.20773 	0.00189122
1.20768 	0.00189059
1.20767 	0.00188914
1.2077 	0.00188796
1.20775 	0.00188719
1.20781 	0.00188655
1.20786 	0.00188585
1.20791 	0.00188491
1.20793 	0.00188363
1.20793 	0.00188218
1.20792 	0.00188079
1.20791 	0.00187939
1.20792 	0.00187798
1.20797 	0.00187722
1.20805 	0.00187772
1.20815 	0.00187898
1.20824 	0.00187946
1.20828 	0.00187838
1.20825 	0.00187719
1.20815 	0.001878
1.20804 	0.00188029
1.20794 	0.00188138
1.20789 	0.00188051
1.2079 	0.00187908
1.20793 	0.00187793
1.20796 	0.00187672
1.20797 	0.00187531
1.20795 	0.00187391
1.20794 	0.00187257
1.20791 	0.00187129
1.20788 	0.00187019
1.20784 	0.00186927
1.2078 	0.00186817
1.20779 	0.00186678
1.20781 	0.00186548
1.20785 	0.00186444
1.20789 	0.00186342
1.20792 	0.00186228
1.20794 	0.00186099
1.20794 	0.00185959
1.20791 	0.0018584
1.20786 	0.00185776
1.2078 	0.00185725
1.20776 	0.00185631
1.20775 	0.00185499
1.20775 	0.00185361
1.20778 	0.00185243
1.20783 	0.00185155
1.20788 	0.00185092
1.20793 	0.00185034
1.20798 	0.00184947
1.208 	0.00184822
1.208 	0.00184684
1.20798 	0.00184558
1.20794 	0.00184465
1.20788 	0.00184404
1.20783 	0.00184339
1.20779 	0.00184249
1.20775 	0.00184147
1.20771 	0.00184056
1.20766 	0.00183999
1.2076 	0.00183969
1.20754 	0.00183916
1.20751 	0.00183808
1.20751 	0.00183672
1.20753 	0.00183547
1.20756 	0.00183439
1.20759 	0.00183336
1.20762 	0.00183227
1.20765 	0.00183108
1.20766 	0.00182978
1.20766 	0.00182844
1.20765 	0.00182712
1.20764 	0.00182579
1.20766 	0.00182455
1.20772 	0.0018241
1.20781 	0.00182512
1.20792 	0.00182708
1.20802 	0.00182832
1.20807 	0.00182779
1.20806 	0.00182648
1.20798 	0.00182701
1.20784 	0.00183109
1.20767 	0.00183702
1.20754 	0.00184075
1.20747 	0.00184076
1.20747 	0.00183942
1.20752 	0.00183866
1.20757 	0.00183807
1.2076 	0.00183704
1.20761 	0.00183576
1.20763 	0.00183447
1.20766 	0.00183339
1.20771 	0.00183292
1.20778 	0.00183296
1.20785 	0.00183274
1.20788 	0.00183178
1.20788 	0.00183046
1.20783 	0.00182987
1.20774 	0.0018307
1.20764 	0.00183183
1.20759 	0.00183136
1.2076 	0.00183012
1.20769 	0.001831
1.20783 	0.00183453
1.20796 	0.00183805
1.20805 	0.00183899
1.20807 	0.00183781
1.20803 	0.00183706
1.20794 	0.00183787
1.20785 	0.00183903
1.20777 	0.00183942
1.2077 	0.00183915
1.20765 	0.00183872
1.20759 	0.00183842
1.20753 	0.00183804
1.20749 	0.00183705
1.2075 	0.00183576
1.20754 	0.00183491
1.20759 	0.0018343
1.20763 	0.00183334
1.20764 	0.00183209
1.20765 	0.0018308
1.20767 	0.00182966
1.20772 	0.00182905
1.20779 	0.00182898
1.20785 	0.0018288
1.20789 	0.00182794
1.2079 	0.00182665
1.20787 	0.0018256
1.20781 	0.00182514
1.20775 	0.00182505
1.20768 	0.00182478
1.20764 	0.00182399
1.20762 	0.0018228
1.20763 	0.00182152
1.20764 	0.00182029
1.20765 	0.00181906
1.20766 	0.00181779
1.20765 	0.00181654
1.20762 	0.00181551
1.20757 	0.00181494
1.20751 	0.00181458
1.20747 	0.00181383
1.20745 	0.00181263
1.20746 	0.00181138
1.20748 	0.00181018
1.20749 	0.00180897
1.2075 	0.00180777
1.20752 	0.00180659
1.20754 	0.00180539
1.20754 	0.00180415
1.20754 	0.0018029
1.20754 	0.00180165
1.20754 	0.0018004
1.20754 	0.00179915
1.20754 	0.00179791
1.20754 	0.00179667
1.20757 	0.00179556
1.20761 	0.00179494
1.20767 	0.00179461
1.20771 	0.00179381
1.20772 	0.00179258
1.2077 	0.00179147
1.20767 	0.00179049
1.20764 	0.00178938
1.20764 	0.00178815
1.20767 	0.00178705
1.2077 	0.00178617
1.20773 	0.00178527
1.20775 	0.00178412
1.20774 	0.00178295
1.20769 	0.00178235
1.20762 	0.00178246
1.20755 	0.00178267
1.2075 	0.00178229
1.20747 	0.00178127
1.20747 	0.00178006
1.20748 	0.00177886
1.20747 	0.00177765
1.20746 	0.00177654
1.20743 	0.00177546
1.20744 	0.00177427
1.20749 	0.0017739
1.20759 	0.00177517
1.20769 	0.00177713
1.20779 	0.0017783
1.20785 	0.00177826
1.20789 	0.00177742
1.2079 	0.00177626
1.20789 	0.00177508
1.20787 	0.00177402
1.20784 	0.001773
1.20783 	0.00177184
1.20784 	0.00177066
1.20785 	0.00176948
1.20782 	0.00176848
1.20775 	0.00176868
1.20765 	0.00177036
1.20754 	0.00177245
1.20744 	0.00177396
1.20737 	0.00177449
1.20732 	0.00177395
1.20731 	0.00177279
1.20733 	0.00177178
1.20737 	0.00177106
1.20741 	0.00177022
1.20742 	0.0017691
1.20742 	0.00176793
1.2074 	0.00176688
1.20737 	0.00176593
1.20735 	0.00176487
1.20735 	0.0017637
1.20739 	0.00176286
1.20744 	0.00176249
1.2075 	0.00176223
1.20754 	0.00176169
1.20757 	0.00176072
1.20757 	0.00175955
1.20755 	0.00175856
1.20751 	0.00175775
1.20748 	0.00175678
1.20748 	0.00175562
1.2075 	0.00175453
1.20752 	0.00175355
1.20754 	0.00175256
1.20757 	0.00175158
1.2076 	0.00175072
1.20764 	0.00174999
1.20768 	0.00174923
1.2077 	0.00174827
1.20772 	0.00174717
1.20772 	0.00174602
1.2077 	0.00174492
1.20767 	0.00174411
1.20762 	0.00174384
1.20755 	0.00174386
1.2075 	0.00174349
1.20747 	0.00174254
1.20747 	0.0017414
1.20749 	0.00174031
1.2075 	0.00173927
1.20751 	0.00173815
1.2075 	0.00173707
1.20746 	0.0017364
1.2074 	0.00173619
1.20734 	0.001736
1.2073 	0.00173552
1.20727 	0.00173469
1.20726 	0.00173359
1.20727 	0.00173256
1.20733 	0.00173222
1.2074 	0.0017327
1.20748 	0.00173326
1.20755 	0.00173355
1.20762 	0.00173389
1.20769 	0.00173442
1.20776 	0.00173455
1.2078 	0.00173393
1.20781 	0.00173285
1.2078 	0.00173178
1.20777 	0.00173091
1.20774 	0.0017301
1.2077 	0.00172933
1.20765 	0.00172895
1.20759 	0.00172903
1.20754 	0.0017287
1.20752 	0.0017277
1.20753 	0.00172663
1.20756 	0.00172584
1.2076 	0.00172525
1.20764 	0.0017245
1.20765 	0.00172342
1.20763 	0.00172244
1.20759 	0.00172169
1.20757 	0.00172079
1.20756 	0.00171971
1.20756 	0.00171861
1.20755 	0.00171756
1.20751 	0.00171688
1.20745 	0.00171675
1.20739 	0.00171667
1.20735 	0.00171611
1.20733 	0.00171515
1.20733 	0.00171406
1.20734 	0.00171303
1.20737 	0.00171213
1.2074 	0.00171142
1.20744 	0.00171085
1.20748 	0.00171012
1.20749 	0.00170909
1.20748 	0.00170803
1.20746 	0.00170705
1.20745 	0.00170605
1.20744 	0.00170498
1.20746 	0.00170397
1.20749 	0.00170322
1.20752 	0.00170245
1.20753 	0.0017014
1.2075 	0.00170055
1.20745 	0.00170043
1.20738 	0.00170066
1.20733 	0.00170036
1.20731 	0.00169942
1.20733 	0.00169843
1.20738 	0.00169809
1.20745 	0.00169851
1.20753 	0.00169933
1.2076 	0.00169999
1.20766 	0.0016999
1.20769 	0.00169909
1.2077 	0.00169804
1.20769 	0.00169699
1.20768 	0.00169595
1.20767 	0.00169491
1.20767 	0.00169386
1.20767 	0.0016928
1.20767 	0.00169175
1.20768 	0.00169071
1.20769 	0.00168972
1.20772 	0.00168886
1.20775 	0.00168812
1.20778 	0.00168731
1.20779 	0.00168631
1.20779 	0.00168528
1.20776 	0.00168439
1.20772 	0.00168394
1.20765 	0.0016844
1.20755 	0.00168597
1.20746 	0.00168778
1.20738 	0.00168869
1.20732 	0.00168844
1.20731 	0.0016875
1.20731 	0.00168648
1.20733 	0.00168552
1.20734 	0.0016845
1.20733 	0.0016835
1.2073 	0.00168263
1.20727 	0.00168186
1.20725 	0.00168103
1.20724 	0.00168002
1.20726 	0.00167908
1.2073 	0.00167872
1.20737 	0.00167916
1.20745 	0.00167999
1.20753 	0.00168053
1.20758 	0.00168041
1.20761 	0.00167966
1.20761 	0.00167864
1.20759 	0.00167774
1.20756 	0.00167704
1.20753 	0.00167635
1.2075 	0.00167556
1.20748 	0.00167462
1.20748 	0.0016736
1.2075 	0.00167268
1.20752 	0.00167181
1.20753 	0.00167082
1.20753 	0.00166982
1.20751 	0.0016689
1.20748 	0.00166808
1.20744 	0.00166755
1.20739 	0.00166741
1.20734 	0.00166705
1.20734 	0.00166606
1.20738 	0.00166575
1.20748 	0.00166738
1.20759 	0.00167014
1.20769 	0.00167219
1.20776 	0.00167255
1.20778 	0.00167166
1.20775 	0.00167095
1.20767 	0.00167159
1.20758 	0.00167341
1.20748 	0.00167511
1.20741 	0.00167554
1.20738 	0.00167483
1.20738 	0.00167382
1.2074 	0.00167291
1.20741 	0.00167197
1.20741 	0.00167098
1.20737 	0.0016703
1.20732 	0.00167002
1.20728 	0.00166969
1.20725 	0.00166897
1.20724 	0.00166799
1.20726 	0.00166707
1.20729 	0.00166638
1.20732 	0.00166576
1.20735 	0.001665
1.20737 	0.00166415
1.2074 	0.00166334
1.20743 	0.00166264
1.20746 	0.00166195
1.20748 	0.00166106
1.20748 	0.00166008
1.20747 	0.00165915
1.20744 	0.0016584
1.20739 	0.00165802
1.20733 	0.00165807
1.20728 	0.00165801
1.20724 	0.00165739
1.20724 	0.00165642
1.20726 	0.00165556
1.20729 	0.00165499
1.20734 	0.00165457
1.20738 	0.00165412
1.20741 	0.00165351
1.20743 	0.00165264
1.20743 	0.00165167
1.20741 	0.00165083
1.20739 	0.00164995
1.20739 	0.00164898
1.20741 	0.00164813
1.20744 	0.00164745
1.20748 	0.00164693
1.20752 	0.00164642
1.20755 	0.0016457
1.20755 	0.00164474
1.20753 	0.00164395
1.20748 	0.00164381
1.20741 	0.00164415
1.20736 	0.00164396
1.20735 	0.00164304
1.20737 	0.00164229
1.20742 	0.00164187
1.20745 	0.00164127
1.20746 	0.00164035
1.20745 	0.00163947
1.20741 	0.00163884
1.20738 	0.00163823
1.20736 	0.00163741
1.20736 	0.00163646
1.20736 	0.00163552
1.20737 	0.00163458
1.20737 	0.00163363
1.20738 	0.00163272
1.20741 	0.001632
1.20745 	0.00163154
1.20748 	0.00163088
1.20748 	0.00162994
1.20743 	0.00162957
1.20737 	0.00163007
1.2073 	0.00163045
1.20726 	0.00163001
1.20726 	0.00162907
1.20729 	0.00162841
1.20734 	0.00162843
1.20741 	0.00162901
1.20748 	0.00162966
1.20755 	0.00162986
1.20759 	0.00162952
1.20762 	0.00162884
1.20763 	0.00162798
1.20764 	0.00162704
1.20763 	0.00162613
1.20761 	0.00162525
1.2076 	0.0016244
1.20758 	0.00162355
1.20757 	0.00162266
1.20756 	0.00162179
1.20754 	0.00162097
1.20752 	0.00162019
1.2075 	0.00161938
1.20749 	0.00161849
1.20749 	0.00161757
1.2075 	0.00161672
1.20753 	0.00161594
1.20754 	0.00161507
1.20753 	0.00161419
1.20749 	0.00161375
1.20743 	0.00161393
1.20736 	0.00161449
1.20729 	0.00161498
1.20724 	0.00161497
1.2072 	0.0016144
1.20719 	0.00161353
1.20719 	0.00161262
1.2072 	0.00161172
1.20721 	0.00161083
1.20722 	0.00161001
1.20726 	0.00160947
1.20731 	0.00160947
1.20738 	0.00160993
1.20744 	0.00161026
1.20749 	0.00160998
1.20751 	0.00160923
1.20751 	0.00160833
1.20751 	0.00160743
1.20749 	0.00160658
1.20747 	0.00160588
1.20743 	0.00160543
1.20739 	0.00160503
1.20736 	0.00160447
1.20733 	0.00160378
1.20731 	0.001603
1.2073 	0.00160215
1.20729 	0.00160127
1.2073 	0.00160037
1.20731 	0.00159954
1.20733 	0.00159876
1.20735 	0.00159798
1.20736 	0.00159714
1.20736 	0.00159625
1.20734 	0.00159557
1.20728 	0.00159568
1.2072 	0.00159666
1.20713 	0.00159746
1.20709 	0.00159707
1.2071 	0.00159622
1.20716 	0.00159641
1.20725 	0.001598
1.20734 	0.00159989
1.20742 	0.00160081
1.20746 	0.00160046
1.20746 	0.00159958
1.20744 	0.00159881
1.20742 	0.00159807
1.20742 	0.0015972
1.20742 	0.00159635
1.20744 	0.00159556
1.20745 	0.00159471
1.20745 	0.00159384
1.20742 	0.00159311
1.2074 	0.00159248
1.20737 	0.00159181
1.20735 	0.00159103
1.20734 	0.00159018
1.20734 	0.00158932
1.20733 	0.00158846
1.20732 	0.00158761
1.20732 	0.00158675
1.20732 	0.00158589
1.20734 	0.00158517
1.20737 	0.00158461
1.2074 	0.00158401
1.20742 	0.00158324
1.20742 	0.00158238
1.2074 	0.00158165
1.20736 	0.00158127
1.20732 	0.00158108
1.20728 	0.00158064
1.20726 	0.00157984
1.20727 	0.001579
1.2073 	0.00157833
1.20733 	0.00157773
1.20735 	0.00157703
1.20736 	0.00157619
1.20735 	0.00157534
1.20735 	0.00157449
1.20736 	0.00157366
1.20739 	0.00157305
1.20743 	0.00157266
1.20746 	0.00157221
1.20748 	0.00157149
1.20748 	0.00157064
1.20747 	0.00156985
1.20746 	0.00156903
1.20746 	0.00156819
1.20749 	0.00156751
1.20752 	0.00156698
1.20755 	0.00156641
1.20757 	0.00156571
1.20758 	0.00156492
1.20759 	0.00156408
1.20758 	0.00156325
1.20756 	0.0015625
1.20754 	0.0015618
1.20752 	0.00156108
1.20751 	0.0015603
1.2075 	0.00155949
1.20749 	0.00155867
1.20748 	0.00155784
1.20748 	0.00155702
1.20748 	0.00155618
1.20749 	0.00155537
1.2075 	0.00155455
1.20749 	0.00155372
1.20748 	0.00155294
1.20746 	0.00155225
1.20744 	0.00155158
1.20742 	0.00155081
1.20743 	0.00154998
1.20746 	0.00154944
1.20751 	0.0015494
1.20756 	0.00154945
1.2076 	0.00154916
1.20763 	0.00154854
1.20764 	0.00154777
1.20764 	0.00154695
1.20764 	0.00154613
1.20763 	0.00154532
1.20763 	0.00154452
1.20762 	0.00154372
1.20761 	0.00154291
1.20761 	0.00154211
1.2076 	0.0015413
1.20759 	0.00154052
1.20757 	0.00153979
1.20755 	0.00153911
1.20753 	0.00153841
1.20752 	0.0015377
1.20749 	0.00153707
1.20746 	0.00153655
1.20744 	0.00153597
1.20743 	0.00153519
1.20744 	0.00153444
1.20746 	0.00153386
1.20749 	0.00153327
1.20751 	0.00153262
1.20753 	0.00153196
1.20756 	0.00153133
1.20758 	0.00153063
1.20758 	0.00152984
1.20758 	0.00152905
1.20756 	0.00152829
1.20756 	0.0015275
1.20757 	0.00152671
1.20758 	0.00152601
1.20761 	0.00152545
1.20765 	0.00152508
1.20769 	0.00152479
1.20771 	0.00152424
1.20772 	0.00152345
1.20769 	0.00152289
1.20764 	0.00152283
1.20759 	0.001523
1.20754 	0.00152305
1.2075 	0.00152278
1.20747 	0.00152216
1.20747 	0.00152136
1.20749 	0.00152069
1.20752 	0.00152016
1.20755 	0.00151968
1.20758 	0.00151922
1.20762 	0.00151886
1.20766 	0.00151863
1.2077 	0.00151831
1.20772 	0.00151767
1.20772 	0.00151688
1.20769 	0.00151625
1.20767 	0.00151561
1.20767 	0.00151485
1.20767 	0.00151406
1.20767 	0.00151328
1.20766 	0.00151251
1.20765 	0.00151179
1.20763 	0.00151111
1.20761 	0.00151043
1.2076 	0.00150967
1.20761 	0.00150892
1.20763 	0.00150827
1.20764 	0.00150754
1.20764 	0.00150678
1.20762 	0.00150615
1.20759 	0.00150558
1.20757 	0.00150493
1.20756 	0.00150419
1.20756 	0.00150343
1.20756 	0.00150266
1.20756 	0.0015019
1.20758 	0.00150117
1.20759 	0.00150048
1.2076 	0.00149975
1.20759 	0.00149901
1.20756 	0.00149857
1.20752 	0.00149824
1.2075 	0.00149759
1.20751 	0.00149685
1.20754 	0.00149634
1.20757 	0.00149579
1.20756 	0.00149502
1.20753 	0.00149476
1.20746 	0.00149535
1.2074 	0.00149571
1.20738 	0.00149519
1.20739 	0.00149446
1.20742 	0.00149398
1.20744 	0.00149348
1.20746 	0.00149282
1.20747 	0.0014921
1.20748 	0.00149138
1.20748 	0.00149062
1.20747 	0.00148997
1.20744 	0.00148951
1.20742 	0.00148888
1.20742 	0.00148814
1.20746 	0.00148775
1.20751 	0.00148787
1.20757 	0.00148841
1.20764 	0.00148938
1.20772 	0.00149067
1.20779 	0.00149162
1.20783 	0.00149148
1.20783 	0.00149074
1.20777 	0.00149096
1.20769 	0.00149256
1.20761 	0.00149422
1.20755 	0.00149466
1.20752 	0.0014942
1.20751 	0.00149347
1.20751 	0.00149273
1.20753 	0.00149207
1.20755 	0.00149154
1.20758 	0.00149102
1.2076 	0.00149038
1.2076 	0.00148963
1.20758 	0.001489
1.20754 	0.00148873
1.20749 	0.00148877
1.20745 	0.00148867
1.20743 	0.00148815
1.20741 	0.00148744
1.20741 	0.00148673
1.20739 	0.00148609
1.20737 	0.00148548
1.20735 	0.00148481
1.20735 	0.00148407
1.20737 	0.0014834
1.2074 	0.001483
1.20744 	0.00148296
1.20749 	0.00148302
1.20753 	0.00148275
1.20754 	0.00148204
1.20751 	0.00148152
1.20747 	0.00148158
1.20742 	0.00148165
1.20739 	0.00148123
1.20738 	0.00148054
1.20738 	0.0014798
1.20737 	0.00147907
1.20737 	0.00147834
1.20738 	0.00147762
1.2074 	0.00147699
1.20742 	0.00147648
1.20745 	0.00147605
1.20749 	0.00147569
1.20753 	0.00147551
1.20758 	0.00147557
1.20762 	0.00147564
1.20766 	0.0014754
1.20768 	0.00147483
1.20769 	0.00147413
1.20769 	0.0014734
1.20768 	0.00147272
1.20766 	0.0014721
1.20764 	0.00147156
1.20761 	0.00147105
1.20759 	0.00147058
1.20756 	0.00147016
1.20753 	0.00146978
1.2075 	0.00146928
1.20749 	0.00146858
1.20751 	0.00146793
1.20753 	0.00146741
1.20755 	0.00146677
1.20754 	0.00146607
1.20751 	0.00146562
1.20747 	0.00146544
1.20743 	0.00146524
1.2074 	0.00146483
1.20739 	0.0014642
1.20739 	0.00146349
1.20742 	0.001463
1.20746 	0.00146286
1.2075 	0.00146279
1.20753 	0.00146241
1.20754 	0.00146173
1.20753 	0.00146108
1.2075 	0.00146062
1.20748 	0.00146015
1.20746 	0.00145951
1.20746 	0.00145881
1.20747 	0.00145811
1.20747 	0.00145742
1.20748 	0.00145672
1.20747 	0.00145602
1.20746 	0.00145536
1.20745 	0.00145469
1.20745 	0.00145399
1.20746 	0.00145334
1.20748 	0.00145278
1.2075 	0.00145219
1.20751 	0.00145152
1.20751 	0.00145082
1.2075 	0.00145014
1.20748 	0.00144964
1.20743 	0.00144984
1.20735 	0.00145143
1.20725 	0.00145394
1.20717 	0.00145548
1.20713 	0.00145531
1.20714 	0.00145464
1.20718 	0.00145459
1.20724 	0.00145516
1.20731 	0.00145584
1.20736 	0.00145628
1.20741 	0.00145632
1.20744 	0.00145593
1.20745 	0.00145526
1.20743 	0.00145462
1.20741 	0.0014542
1.20738 	0.00145383
1.20735 	0.00145332
1.20734 	0.00145271
1.20733 	0.00145205
1.20732 	0.00145136
1.20732 	0.00145067
1.20732 	0.00144997
1.20732 	0.00144928
1.20732 	0.0014486
1.2073 	0.001448
1.20727 	0.0014476
1.20724 	0.00144733
1.20721 	0.00144698
1.20718 	0.00144648
1.20717 	0.00144584
1.20718 	0.00144516
1.20719 	0.00144454
1.2072 	0.00144391
1.20721 	0.00144324
1.20722 	0.00144257
1.20723 	0.00144193
1.20724 	0.00144136
1.20727 	0.00144084
1.20729 	0.00144031
1.20731 	0.00143976
1.20733 	0.00143928
1.20736 	0.00143899
1.20741 	0.00143894
1.20745 	0.00143884
1.20747 	0.00143839
1.20748 	0.00143772
1.20746 	0.00143713
1.20743 	0.00143676
1.2074 	0.00143647
1.20738 	0.00143599
1.20737 	0.00143532
1.20739 	0.00143473
1.20741 	0.00143422
1.20742 	0.0014336
1.20741 	0.00143295
1.20738 	0.0014327
1.20733 	0.00143299
1.20727 	0.00143351
1.20721 	0.00143382
1.20717 	0.00143368
1.20716 	0.00143313
1.20716 	0.00143246
1.20718 	0.00143197
1.20721 	0.00143161
1.20724 	0.00143117
1.20726 	0.00143061
1.20727 	0.00143
1.20728 	0.00142939
1.20729 	0.00142877
1.2073 	0.00142812
1.2073 	0.00142745
1.2073 	0.00142679
1.20732 	0.00142618
1.20734 	0.00142572
1.20737 	0.00142532
1.20739 	0.00142478
1.20739 	0.00142412
1.20737 	0.00142361
1.20733 	0.0014234
1.20729 	0.00142322
1.20727 	0.00142276
1.20726 	0.00142212
1.20726 	0.00142146
1.20726 	0.0014208
1.20725 	0.00142018
1.20724 	0.00141958
1.20723 	0.00141895
1.20723 	0.00141829
1.20723 	0.00141764
1.20722 	0.00141699
1.20721 	0.00141638
1.20719 	0.00141587
1.20716 	0.00141566
1.20711 	0.00141578
1.20707 	0.00141576
1.20705 	0.00141526
1.20705 	0.00141462
1.20707 	0.0014141
1.20709 	0.00141362
1.20711 	0.0014131
1.20713 	0.00141261
1.20716 	0.00141225
1.2072 	0.00141208
1.20724 	0.00141202
1.20727 	0.00141182
1.20729 	0.00141133
1.20729 	0.00141068
1.20727 	0.00141018
1.20725 	0.00140978
1.20723 	0.00140919
1.20725 	0.0014086
1.20728 	0.00140826
1.20731 	0.00140793
1.20732 	0.0014074
1.20732 	0.00140676
1.20731 	0.00140619
1.20728 	0.00140578
1.20725 	0.00140547
1.20723 	0.00140512
1.2072 	0.00140465
1.20719 	0.0014041
1.20717 	0.00140352
1.20717 	0.0014029
1.20717 	0.00140227
1.20719 	0.00140175
1.20722 	0.0014015
1.20726 	0.00140151
1.20731 	0.0014015
1.20733 	0.00140112
1.20733 	0.00140049
1.20731 	0.00140009
1.20726 	0.00140016
1.20721 	0.00140047
1.20716 	0.00140069
1.20712 	0.00140061
1.2071 	0.00140022
1.20709 	0.00139962
1.20709 	0.001399
1.20712 	0.00139857
1.20715 	0.00139844
1.2072 	0.00139856
1.20725 	0.00139871
1.20729 	0.00139862
1.20731 	0.00139817
1.20731 	0.00139755
1.20731 	0.00139694
1.2073 	0.00139635
1.20729 	0.00139574
1.20729 	0.00139511
1.20729 	0.00139448
1.20729 	0.00139386
1.20728 	0.00139326
1.20726 	0.00139273
1.20724 	0.00139231
1.20721 	0.00139203
1.20717 	0.00139182
1.20715 	0.00139143
1.20714 	0.00139081
1.20717 	0.0013904
1.20721 	0.00139038
1.20725 	0.0013903
1.20727 	0.00138982
1.20726 	0.00138922
1.20722 	0.00138908
1.20717 	0.00138954
1.20712 	0.00138994
1.20709 	0.00138965
1.20709 	0.00138903
1.20711 	0.00138862
1.20714 	0.00138833
1.20716 	0.00138788
1.20717 	0.00138727
1.20716 	0.00138668
1.20715 	0.00138612
1.20715 	0.0013855
1.20716 	0.00138497
1.20719 	0.00138467
1.20722 	0.00138436
1.20723 	0.00138383
1.20723 	0.00138321
1.20722 	0.00138266
1.20721 	0.00138212
1.2072 	0.00138153
1.2072 	0.00138092
1.20721 	0.00138036
1.20723 	0.00137986
1.20725 	0.00137942
1.20727 	0.00137894
1.20728 	0.00137834
1.20725 	0.00137796
1.20719 	0.00137856
1.20712 	0.00137999
1.20704 	0.00138156
1.20697 	0.00138272
1.20692 	0.00138298
1.20691 	0.00138247
1.20692 	0.00138197
1.20696 	0.00138197
1.20702 	0.00138232
1.20706 	0.00138255
1.2071 	0.00138239
1.20712 	0.00138188
1.20712 	0.00138128
1.20712 	0.00138068
1.20713 	0.0013801
1.20715 	0.00137964
1.20717 	0.00137924
1.20719 	0.00137878
1.20721 	0.00137823
1.2072 	0.00137763
1.20719 	0.00137709
1.20717 	0.00137663
1.20715 	0.00137615
1.20714 	0.00137566
1.20711 	0.00137522
1.20709 	0.00137487
1.20706 	0.00137448
1.20706 	0.0013739
1.20708 	0.00137349
1.20714 	0.00137401
1.20721 	0.00137555
1.20729 	0.00137705
1.20734 	0.00137745
1.20736 	0.00137697
1.20735 	0.00137641
1.20732 	0.00137604
1.2073 	0.00137571
1.20727 	0.0013753
1.20726 	0.00137478
1.20725 	0.0013742
1.20725 	0.0013736
1.20726 	0.00137302
1.20727 	0.00137243
1.20727 	0.00137184
1.20725 	0.00137129
1.20723 	0.00137087
1.2072 	0.00137059
1.20717 	0.00137036
1.20714 	0.00137012
1.20711 	0.00136984
1.20709 	0.0013695
1.20707 	0.00136904
1.20706 	0.00136845
1.20708 	0.00136796
1.20711 	0.00136777
1.20715 	0.00136781
1.2072 	0.00136785
1.20723 	0.00136769
1.20725 	0.00136728
1.20726 	0.0013667
1.20724 	0.00136617
1.20722 	0.0013658
1.20719 	0.00136545
1.20717 	0.001365
1.20716 	0.00136445
1.20716 	0.00136387
1.20715 	0.0013633
1.20714 	0.00136276
1.20713 	0.0013622
1.20714 	0.00136162
1.20715 	0.00136116
1.20718 	0.00136076
1.20719 	0.00136023
1.20718 	0.00135968
1.20715 	0.00135936
1.20712 	0.00135912
1.20711 	0.00135862
1.20712 	0.00135808
1.20715 	0.00135794
1.2072 	0.0013581
1.20724 	0.00135808
1.20726 	0.00135763
1.20725 	0.00135708
1.20722 	0.00135686
1.20718 	0.00135688
1.20714 	0.00135671
1.20713 	0.00135623
1.20713 	0.00135566
1.20715 	0.0013552
1.20718 	0.00135505
1.20723 	0.00135528
1.20728 	0.00135561
1.20731 	0.00135555
1.20733 	0.00135503
1.20731 	0.00135454
1.20727 	0.00135452
1.20722 	0.00135495
1.20717 	0.00135534
1.20713 	0.00135521
1.20712 	0.00135467
1.20713 	0.00135414
1.20715 	0.00135367
1.20716 	0.00135315
1.20716 	0.00135258
1.20715 	0.00135204
1.20714 	0.00135159
1.20712 	0.0013512
1.20709 	0.0013508
1.20708 	0.00135035
1.20706 	0.00134983
1.20706 	0.00134928
1.20706 	0.00134871
1.20706 	0.00134814
1.20706 	0.00134758
1.20705 	0.00134704
1.20704 	0.00134651
1.20703 	0.00134596
1.20704 	0.00134541
1.20706 	0.00134497
1.20709 	0.00134475
1.20713 	0.00134479
1.20717 	0.00134498
1.20722 	0.00134509
1.20725 	0.00134496
1.20727 	0.00134456
1.20728 	0.00134402
1.20727 	0.00134347
1.20726 	0.00134295
1.20725 	0.00134244
1.20724 	0.00134195
1.20722 	0.00134157
1.20718 	0.00134142
1.20714 	0.00134147
1.2071 	0.00134144
1.20708 	0.00134111
1.20708 	0.00134056
1.20709 	0.00134006
1.20711 	0.00133973
1.20714 	0.00133947
1.20716 	0.00133906
1.20717 	0.00133851
1.20716 	0.00133797
1.20715 	0.00133745
1.20715 	0.0013369
1.20715 	0.00133635
1.20715 	0.0013358
1.20713 	0.00133532
1.2071 	0.00133511
1.20706 	0.00133529
1.20701 	0.00133571
1.20696 	0.00133581
1.20695 	0.00133537
1.20696 	0.00133487
1.20699 	0.00133471
1.20703 	0.00133473
1.20706 	0.00133454
1.20707 	0.00133405
1.20706 	0.00133355
1.20703 	0.00133333
1.20699 	0.00133333
1.20696 	0.00133321
1.20694 	0.00133279
1.20695 	0.00133225
1.20697 	0.00133191
1.20701 	0.00133186
1.20704 	0.00133186
1.20707 	0.00133162
1.20708 	0.00133111
1.20707 	0.00133064
1.20703 	0.00133062
1.20698 	0.00133104
1.20694 	0.00133121
1.20692 	0.00133073
1.20695 	0.00133048
1.20701 	0.00133127
1.20708 	0.00133251
1.20714 	0.00133322
1.20717 	0.00133307
1.20718 	0.00133253
1.20716 	0.00133205
1.20715 	0.00133161
1.20713 	0.00133115
1.20712 	0.00133066
1.20711 	0.00133018
1.20709 	0.00132974
1.20707 	0.00132932
1.20706 	0.00132886
1.20705 	0.00132833
1.20704 	0.0013278
1.20703 	0.00132732
1.20701 	0.00132702
1.20697 	0.00132693
1.20694 	0.00132683
1.20692 	0.00132647
1.20691 	0.00132594
1.20693 	0.00132555
1.20697 	0.00132552
1.20701 	0.00132564
1.20705 	0.0013256
1.20707 	0.00132529
1.20709 	0.00132481
1.20709 	0.00132429
1.2071 	0.00132376
1.20709 	0.00132322
1.20709 	0.0013227
1.20708 	0.0013222
1.20707 	0.00132168
1.20707 	0.00132115
1.20708 	0.00132065
1.2071 	0.00132023
1.20712 	0.00131978
1.20712 	0.00131925
1.20711 	0.00131878
1.20708 	0.0013185
1.20704 	0.00131855
1.20699 	0.00131887
1.20695 	0.00131917
1.20691 	0.00131906
1.2069 	0.00131857
1.20691 	0.00131809
1.20694 	0.00131774
1.20695 	0.00131734
1.20696 	0.00131685
1.20697 	0.00131634
1.20698 	0.00131586
1.207 	0.00131549
1.20703 	0.00131522
1.20706 	0.00131501
1.20709 	0.00131482
1.20712 	0.00131457
1.20713 	0.00131414
1.20713 	0.00131362
1.20711 	0.00131319
1.20709 	0.00131284
1.20708 	0.0013124
1.20708 	0.00131188
1.20709 	0.0013114
1.20711 	0.00131102
1.20713 	0.00131065
1.20714 	0.00131021
1.20715 	0.00130972
1.20716 	0.00130924
1.20717 	0.00130877
1.20718 	0.00130828
1.20718 	0.00130776
1.20715 	0.00130751
1.2071 	0.00130795
1.20703 	0.00130933
1.20695 	0.00131133
1.20687 	0.00131331
1.2068 	0.00131475
1.20674 	0.00131541
1.2067 	0.00131541
1.20668 	0.00131501
1.20668 	0.0013145
1.20668 	0.00131398
1.20669 	0.0013135
1.20671 	0.00131315
1.20675 	0.00131314
1.2068 	0.00131353
1.20685 	0.00131403
1.2069 	0.0013143
1.20693 	0.0013143
1.20697 	0.00131419
1.207 	0.00131407
1.20703 	0.00131389
1.20705 	0.00131355
1.20706 	0.00131306
1.20705 	0.00131261
1.20701 	0.00131273
1.20694 	0.00131383
1.20687 	0.00131525
1.20682 	0.00131579
1.2068 	0.00131539
1.20681 	0.00131497
1.20685 	0.00131495
1.20689 	0.001315
1.20692 	0.00131482
1.20694 	0.00131442
1.20694 	0.00131391
1.20694 	0.0013134
1.20693 	0.00131291
1.20692 	0.00131243
1.20691 	0.00131194
1.2069 	0.00131147
1.20688 	0.00131108
1.20686 	0.00131084
1.20683 	0.00131062
1.20681 	0.00131022
1.20681 	0.00130971
1.20682 	0.00130922
1.20682 	0.00130871
1.20682 	0.0013082
1.20681 	0.0013077
1.20681 	0.00130719
1.20682 	0.00130671
1.20683 	0.00130629
1.20685 	0.00130592
1.20687 	0.00130558
1.2069 	0.0013053
1.20692 	0.00130504
1.20695 	0.00130474
1.20696 	0.00130432
1.20697 	0.00130383
1.20697 	0.00130332
1.20696 	0.00130284
1.20694 	0.00130239
1.20693 	0.00130198
1.20691 	0.00130161
1.20689 	0.00130125
1.20687 	0.00130088
1.20685 	0.0013005
1.20683 	0.00130018
1.2068 	0.00130001
1.20677 	0.00130004
1.20672 	0.00130017
1.20669 	0.0013002
1.20666 	0.0012999
1.20666 	0.0012994
1.20669 	0.00129911
1.20673 	0.00129916
1.20677 	0.00129934
1.20681 	0.00129937
1.20683 	0.00129914
1.20684 	0.0012987
1.20685 	0.0012982
1.20684 	0.00129773
1.20682 	0.00129734
1.2068 	0.00129698
1.20679 	0.00129657
1.20678 	0.00129611
1.20677 	0.00129563
1.20676 	0.00129516
1.20674 	0.00129476
1.20673 	0.00129439
1.20672 	0.00129393
1.20672 	0.00129344
1.20674 	0.00129318
1.20679 	0.00129336
1.20684 	0.00129385
1.20688 	0.00129421
1.20692 	0.00129416
1.20694 	0.00129379
1.20694 	0.0012933
1.20694 	0.00129281
1.20694 	0.00129231
1.20695 	0.00129184
1.20696 	0.00129138
1.20696 	0.00129088
1.20694 	0.0012905
1.20691 	0.00129041
1.20687 	0.00129051
1.20684 	0.00129045
1.20682 	0.00129008
1.20682 	0.00128959
1.20684 	0.00128923
1.20686 	0.00128888
1.20687 	0.00128841
1.20686 	0.00128796
1.20684 	0.00128762
1.20682 	0.00128721
1.20682 	0.00128672
1.20682 	0.00128624
1.20683 	0.00128576
1.20682 	0.00128527
1.20681 	0.00128486
1.20679 	0.00128457
1.20676 	0.00128435
1.20673 	0.00128418
1.2067 	0.001284
1.20668 	0.00128367
1.20668 	0.00128318
1.2067 	0.00128285
1.20674 	0.00128285
1.20677 	0.00128289
1.2068 	0.00128271
1.20682 	0.00128239
1.20684 	0.00128202
1.20685 	0.00128162
1.20686 	0.00128115
1.20686 	0.00128068
1.20684 	0.00128031
1.20681 	0.00128008
1.20679 	0.00127982
1.20677 	0.00127942
1.20677 	0.00127895
1.20677 	0.00127847
1.20677 	0.00127799
1.20675 	0.00127762
1.20672 	0.00127739
1.2067 	0.00127712
1.20669 	0.00127668
1.2067 	0.00127621
1.20671 	0.00127583
1.20673 	0.00127545
1.20674 	0.001275
1.20673 	0.00127453
1.20672 	0.00127413
1.2067 	0.00127375
1.20669 	0.00127331
1.20669 	0.00127284
1.20669 	0.00127237
1.2067 	0.00127193
1.20672 	0.00127153
1.20673 	0.00127116
1.20675 	0.00127079
1.20676 	0.0012704
1.20677 	0.00126997
1.20677 	0.00126949
1.20675 	0.00126918
1.20671 	0.00126934
1.20666 	0.00126982
1.20662 	0.00126997
1.20661 	0.00126957
1.20662 	0.0012692
1.20666 	0.00126937
1.20672 	0.00127007
1.20677 	0.00127079
1.20682 	0.00127098
1.20683 	0.00127065
1.20683 	0.00127018
1.20682 	0.00126979
1.2068 	0.0012694
1.2068 	0.00126893
1.20681 	0.00126848
1.20681 	0.00126802
1.20681 	0.00126756
1.20679 	0.00126723
1.20676 	0.00126711
1.20673 	0.00126694
1.20672 	0.00126651
1.20673 	0.0012661
1.20676 	0.00126591
1.20679 	0.00126579
1.20681 	0.00126554
1.20683 	0.00126516
1.20684 	0.00126472
1.20684 	0.00126425
1.20683 	0.00126379
1.20683 	0.00126335
1.20681 	0.00126294
1.2068 	0.00126255
1.20678 	0.00126221
1.20677 	0.00126185
1.20676 	0.00126142
1.20676 	0.00126096
1.20677 	0.00126053
1.20678 	0.00126011
1.20678 	0.00125966
1.20679 	0.0012592
1.20679 	0.00125875
1.2068 	0.00125832
1.20681 	0.00125792
1.20682 	0.00125749
1.20682 	0.00125703
1.20682 	0.00125661
1.2068 	0.00125627
1.20678 	0.00125596
1.20677 	0.00125553
1.20678 	0.0012551
1.2068 	0.00125482
1.20683 	0.00125468
1.20686 	0.00125458
1.20689 	0.00125441
1.2069 	0.00125411
1.20692 	0.00125369
1.20692 	0.00125323
1.20691 	0.00125281
1.20689 	0.00125245
1.20687 	0.00125217
1.20684 	0.00125198
1.20681 	0.00125187
1.20678 	0.00125183
1.20675 	0.00125173
1.20673 	0.00125141
1.20673 	0.00125096
1.20674 	0.00125058
1.20677 	0.00125032
1.20679 	0.00125009
1.20681 	0.00124982
1.20683 	0.00124956
1.20686 	0.00124934
1.20688 	0.00124904
1.20689 	0.00124863
1.20689 	0.00124818
1.20689 	0.00124773
1.2069 	0.00124729
1.20691 	0.00124686
1.20691 	0.00124641
1.20691 	0.00124596
1.20689 	0.00124558
1.20688 	0.00124524
1.20687 	0.00124483
1.20687 	0.00124437
1.20687 	0.00124393
1.20686 	0.00124349
1.20684 	0.00124321
1.20681 	0.00124326
1.20677 	0.00124349
1.20674 	0.00124337
1.20673 	0.00124293
1.20675 	0.00124262
1.20678 	0.00124253
1.20681 	0.00124249
1.20684 	0.00124238
1.20687 	0.00124217
1.20688 	0.00124185
1.20689 	0.00124142
1.20689 	0.00124098
1.20687 	0.00124065
1.20684 	0.0012405
1.20681 	0.00124051
1.20678 	0.00124048
1.20675 	0.00124028
1.20674 	0.00123992
1.20673 	0.0012395
1.20673 	0.00123906
1.20673 	0.00123862
1.20673 	0.00123818
1.20674 	0.00123779
1.20676 	0.00123744
1.20678 	0.00123715
1.2068 	0.00123696
1.20683 	0.0012368
1.20685 	0.00123651
1.20685 	0.00123608
1.20685 	0.00123566
1.20683 	0.00123534
1.2068 	0.00123515
1.20677 	0.00123514
1.20674 	0.00123517
1.20671 	0.00123505
1.20669 	0.0012347
1.20669 	0.00123426
1.2067 	0.00123385
1.20672 	0.00123354
1.20674 	0.0012333
1.20676 	0.00123307
1.20678 	0.00123283
1.20681 	0.00123262
1.20683 	0.00123242
1.20685 	0.00123218
1.20687 	0.00123185
1.20688 	0.00123143
1.20688 	0.00123099
1.20687 	0.00123056
1.20688 	0.00123013
1.20689 	0.0012298
1.20692 	0.00122957
1.20694 	0.00122928
1.20694 	0.00122887
1.20694 	0.00122844
1.20693 	0.00122805
1.20691 	0.00122771
1.2069 	0.00122738
1.20688 	0.00122702
1.20687 	0.00122664
1.20686 	0.00122631
1.20684 	0.00122604
1.20682 	0.00122571
1.20682 	0.00122527
1.20683 	0.00122487
1.20684 	0.00122448
1.20684 	0.00122406
1.20684 	0.00122363
1.20684 	0.0012232
1.20684 	0.00122278
1.20686 	0.00122254
1.2069 	0.00122263
1.20694 	0.00122289
1.20697 	0.00122287
1.20698 	0.00122249
1.20697 	0.00122212
1.20694 	0.00122199
1.20691 	0.00122195
1.20689 	0.00122182
1.20687 	0.00122155
1.20685 	0.0012212
1.20684 	0.00122084
1.20683 	0.00122046
1.20682 	0.00122004
1.20684 	0.00121967
1.20686 	0.00121951
1.20689 	0.00121949
1.20692 	0.00121936
1.20694 	0.00121904
1.20694 	0.00121861
1.20693 	0.0012182
1.20693 	0.00121778
1.20693 	0.00121736
1.20694 	0.00121698
1.20696 	0.00121661
1.20696 	0.0012162
1.20696 	0.00121577
1.20696 	0.00121536
1.20694 	0.00121499
1.20692 	0.00121474
1.2069 	0.00121462
1.20687 	0.0012145
1.20685 	0.0012143
1.20683 	0.00121403
1.20681 	0.00121373
1.20679 	0.00121344
1.20677 	0.0012132
1.20675 	0.00121295
1.20674 	0.00121259
1.20674 	0.00121217
1.20676 	0.00121185
1.20678 	0.00121176
1.20682 	0.00121188
1.20686 	0.00121208
1.20689 	0.00121218
1.20692 	0.00121205
1.20693 	0.0012117
1.20693 	0.00121128
1.20692 	0.00121095
1.20689 	0.00121089
1.20684 	0.00121124
1.20679 	0.00121198
1.20674 	0.00121261
1.20671 	0.00121269
1.20669 	0.00121233
1.20671 	0.00121197
1.20674 	0.00121194
1.20678 	0.00121212
1.20681 	0.00121218
1.20683 	0.00121196
1.20684 	0.00121158
1.20685 	0.00121117
1.20685 	0.00121077
1.20686 	0.00121042
1.20688 	0.0012101
1.20689 	0.00120976
1.2069 	0.00120937
1.2069 	0.00120895
1.2069 	0.00120854
1.20689 	0.00120815
1.20688 	0.00120783
1.20685 	0.00120763
1.20682 	0.0012077
1.20677 	0.00120809
1.20673 	0.00120861
1.20669 	0.0012088
1.20667 	0.00120854
1.20667 	0.00120813
1.2067 	0.00120797
1.20674 	0.00120815
1.20678 	0.00120842
1.20681 	0.00120851
1.20684 	0.00120843
1.20687 	0.00120829
1.20689 	0.00120814
1.20691 	0.00120786
1.20691 	0.00120745
1.2069 	0.00120713
1.20687 	0.00120702
1.20684 	0.00120695
1.20682 	0.0012068
1.2068 	0.00120656
1.20678 	0.00120623
1.20677 	0.00120584
1.20677 	0.00120545
1.20675 	0.00120512
1.20673 	0.001205
1.20669 	0.00120507
1.20666 	0.00120507
1.20664 	0.00120483
1.20664 	0.00120443
1.20664 	0.00120405
1.20666 	0.00120378
1.20669 	0.00120363
1.20672 	0.00120353
1.20674 	0.0012034
1.20676 	0.00120314
1.20677 	0.00120276
1.20676 	0.00120237
1.20674 	0.00120212
1.20672 	0.00120188
1.20671 	0.00120149
1.20672 	0.00120113
1.20674 	0.00120088
1.20676 	0.00120066
1.20678 	0.00120039
1.2068 	0.00120008
1.20681 	0.00119974
1.20682 	0.00119938
1.20683 	0.00119904
1.20685 	0.00119875
1.20687 	0.00119854
1.2069 	0.00119837
1.20692 	0.00119815
1.20693 	0.0011978
1.20693 	0.00119739
1.20692 	0.00119702
1.20691 	0.00119668
1.2069 	0.00119633
1.20688 	0.00119599
1.20687 	0.00119573
1.20683 	0.00119575
1.20679 	0.00119617
1.20674 	0.0011966
1.20671 	0.00119665
1.2067 	0.00119633
1.2067 	0.00119594
1.20673 	0.00119574
1.20676 	0.00119576
1.20679 	0.00119592
1.20683 	0.00119604
1.20685 	0.00119591
1.20687 	0.00119557
1.20687 	0.00119517
1.20688 	0.00119478
1.20689 	0.00119442
1.2069 	0.00119408
1.20691 	0.00119372
1.20691 	0.00119332
1.20691 	0.00119293
1.20689 	0.00119261
1.20687 	0.0011924
1.20685 	0.00119228
1.20682 	0.00119216
1.2068 	0.00119191
1.2068 	0.00119151
1.20682 	0.00119125
1.20686 	0.00119148
1.2069 	0.00119207
1.20695 	0.00119245
1.20697 	0.00119231
1.20697 	0.00119191
1.20696 	0.00119165
1.20693 	0.00119159
1.2069 	0.00119153
1.20688 	0.00119135
1.20686 	0.00119102
1.20686 	0.00119063
1.20686 	0.00119023
1.20684 	0.00118991
1.20682 	0.00118982
1.20678 	0.00118987
1.20676 	0.00118976
1.20674 	0.00118944
1.20675 	0.00118904
1.20676 	0.00118871
1.20678 	0.00118846
1.20679 	0.00118822
1.20681 	0.00118792
1.20682 	0.00118756
1.20682 	0.00118716
1.20681 	0.0011868
1.2068 	0.00118643
1.2068 	0.00118604
1.20681 	0.00118568
1.20682 	0.00118529
1.2068 	0.00118498
1.20678 	0.0011848
1.20676 	0.00118451
1.20677 	0.00118412
1.20679 	0.00118393
1.20682 	0.0011841
1.20686 	0.00118434
1.20689 	0.0011843
1.20691 	0.00118404
1.20692 	0.00118372
1.20694 	0.00118343
1.20696 	0.00118317
1.20697 	0.0011829
1.20699 	0.00118259
1.207 	0.00118228
1.20702 	0.001182
1.20703 	0.00118171
1.20704 	0.00118137
1.20704 	0.00118099
1.20704 	0.00118062
1.20702 	0.00118031
1.20701 	0.00117999
1.20701 	0.00117961
1.20701 	0.00117922
1.20701 	0.00117884
1.20699 	0.00117863
1.20695 	0.0011789
1.2069 	0.00117951
1.20686 	0.00117991
1.20683 	0.00117981
1.20683 	0.00117943
1.20684 	0.00117912
1.20686 	0.00117895
1.20689 	0.0011788
1.2069 	0.00117854
1.20691 	0.00117819
1.20692 	0.00117782
1.20692 	0.00117744
1.20693 	0.00117708
1.20694 	0.00117672
1.20695 	0.00117638
1.20696 	0.00117606
1.20697 	0.00117573
1.20698 	0.00117539
1.20699 	0.00117504
1.207 	0.00117467
1.207 	0.00117428
1.207 	0.0011739
1.207 	0.00117352
1.20701 	0.00117316
1.20702 	0.00117281
1.20702 	0.00117244
1.20702 	0.00117207
1.207 	0.00117184
1.20697 	0.00117182
1.20694 	0.00117188
1.2069 	0.00117204
1.20686 	0.00117231
1.20683 	0.00117251
1.2068 	0.00117237
1.2068 	0.001172
1.20681 	0.00117165
1.20682 	0.00117134
1.20683 	0.00117099
1.20683 	0.00117061
1.20682 	0.00117026
1.20681 	0.00116991
1.20681 	0.00116954
1.20682 	0.00116918
1.20683 	0.00116888
1.20685 	0.00116861
1.20686 	0.00116828
1.20686 	0.0011679
1.20686 	0.00116753
1.20685 	0.00116717
1.20685 	0.00116679
1.20685 	0.00116642
1.20686 	0.00116609
1.20687 	0.00116575
1.20687 	0.00116538
1.20686 	0.00116509
1.20684 	0.00116487
1.20683 	0.00116452
1.20684 	0.0011642
1.20686 	0.00116409
1.20689 	0.0011641
1.20692 	0.00116406
1.20694 	0.0011639
1.20696 	0.00116364
1.20697 	0.00116328
1.20696 	0.00116292
1.20694 	0.00116271
1.20691 	0.00116267
1.20689 	0.00116264
1.20687 	0.00116244
1.20685 	0.00116212
1.20685 	0.00116175
1.20685 	0.00116138
1.20684 	0.00116102
1.20683 	0.00116068
1.20682 	0.00116037
1.20681 	0.00116006
1.2068 	0.00115974
1.20679 	0.00115942
1.20678 	0.00115906
1.20678 	0.00115869
1.20679 	0.00115835
1.2068 	0.00115802
1.20681 	0.00115767
1.20681 	0.00115731
1.20682 	0.00115696
1.20682 	0.00115659
1.20682 	0.00115624
1.2068 	0.001156
1.20677 	0.00115591
1.20675 	0.00115582
1.20673 	0.00115556
1.20674 	0.00115519
1.20675 	0.00115498
1.20679 	0.00115502
1.20682 	0.00115519
1.20685 	0.00115524
1.20687 	0.00115509
1.20689 	0.00115479
1.20689 	0.00115446
1.2069 	0.00115411
1.2069 	0.00115374
1.20689 	0.00115344
1.20686 	0.00115333
1.20684 	0.0011532
1.20683 	0.00115287
1.20685 	0.00115258
1.20688 	0.00115265
1.20692 	0.00115291
1.20695 	0.001153
1.20697 	0.00115274
1.20696 	0.0011524
1.20692 	0.00115253
1.20687 	0.00115326
1.20682 	0.00115402
1.20678 	0.0011543
1.20676 	0.00115412
1.20676 	0.00115375
1.20679 	0.00115364
1.20683 	0.00115392
1.20687 	0.00115417
1.20689 	0.00115401
1.20689 	0.00115364
1.20687 	0.00115343
1.20684 	0.00115334
1.20682 	0.00115317
1.2068 	0.00115292
1.20679 	0.00115263
1.20678 	0.0011523
1.20678 	0.00115194
1.20679 	0.00115163
1.20682 	0.00115154
1.20685 	0.00115169
1.20689 	0.00115188
1.20692 	0.0011519
1.20694 	0.00115171
1.20695 	0.00115138
1.20694 	0.00115103
1.20693 	0.00115077
1.20691 	0.00115054
1.2069 	0.00115026
1.20689 	0.0011499
1.2069 	0.00114956
1.20691 	0.00114928
1.20693 	0.00114903
1.20694 	0.00114872
1.20694 	0.00114837
1.20693 	0.00114802
1.20692 	0.00114774
1.2069 	0.0011476
1.20687 	0.00114766
1.20683 	0.00114781
1.2068 	0.00114784
1.20678 	0.00114769
1.20677 	0.00114745
1.20675 	0.00114716
1.20675 	0.00114682
1.20675 	0.00114646
1.20675 	0.00114612
1.20676 	0.00114579
1.20677 	0.00114548
1.20678 	0.00114518
1.2068 	0.00114493
1.20682 	0.00114475
1.20684 	0.00114459
1.20686 	0.00114437
1.20686 	0.00114403
1.20686 	0.00114369
1.20684 	0.0011435
1.20681 	0.00114341
1.2068 	0.00114317
1.2068 	0.00114282
1.20681 	0.00114253
1.20683 	0.00114235
1.20685 	0.00114215
1.20686 	0.00114187
1.20687 	0.00114153
1.20687 	0.00114118
1.20686 	0.00114084
1.20684 	0.00114061
1.20682 	0.00114055
1.20679 	0.0011405
1.20677 	0.00114031
1.20676 	0.00113999
1.20676 	0.00113963
1.20677 	0.00113929
1.20678 	0.00113898
1.20679 	0.00113875
1.20682 	0.00113862
1.20684 	0.00113849
1.20685 	0.00113822
1.20685 	0.00113787
1.20684 	0.00113755
1.20683 	0.0011373
1.20681 	0.00113713
1.20679 	0.00113702
1.20677 	0.00113681
1.20676 	0.00113647
1.20678 	0.00113618
1.2068 	0.00113602
1.20682 	0.00113583
1.20682 	0.00113552
1.20683 	0.00113517
1.20682 	0.00113483
1.20682 	0.00113449
1.20681 	0.00113415
1.2068 	0.00113385
1.20678 	0.00113367
1.20676 	0.0011336
1.20673 	0.00113348
1.20672 	0.00113317
1.20673 	0.00113285
1.20676 	0.0011328
1.2068 	0.00113322
1.20685 	0.00113388
1.20688 	0.00113415
1.20689 	0.00113385
1.20688 	0.00113364
1.20684 	0.00113379
1.20681 	0.00113397
1.20678 	0.00113389
1.20678 	0.00113357
1.20678 	0.00113326
1.2068 	0.00113307
1.20682 	0.00113293
1.20684 	0.00113271
1.20685 	0.00113239
1.20684 	0.00113205
1.20683 	0.00113183
1.2068 	0.0011317
1.20678 	0.00113156
1.20677 	0.00113133
1.20676 	0.00113102
1.20675 	0.0011307
1.20674 	0.00113037
1.20674 	0.00113002
1.20675 	0.0011297
1.20677 	0.00112949
1.20679 	0.0011295
1.20683 	0.00112966
1.20686 	0.00112976
1.20688 	0.00112968
1.2069 	0.00112943
1.2069 	0.00112908
1.20689 	0.00112876
1.20688 	0.00112846
1.20687 	0.00112817
1.20687 	0.00112785
1.20686 	0.00112752
1.20686 	0.00112719
1.20685 	0.00112685
1.20685 	0.00112651
1.20686 	0.0011262
1.20688 	0.00112597
1.20689 	0.00112574
1.2069 	0.00112543
1.2069 	0.00112509
1.20689 	0.00112481
1.20688 	0.00112451
1.20687 	0.00112417
1.20688 	0.00112385
1.20688 	0.00112352
1.20688 	0.00112318
1.20687 	0.0011229
1.20685 	0.00112274
1.20683 	0.00112269
1.2068 	0.0011227
1.20677 	0.00112272
1.20675 	0.00112266
1.20673 	0.00112244
1.20673 	0.0011221
1.20675 	0.00112192
1.20678 	0.0011221
1.20682 	0.0011224
1.20685 	0.00112242
1.20686 	0.00112212
1.20685 	0.0011218
1.20684 	0.00112152
1.20683 	0.0011212
1.20684 	0.00112086
1.20684 	0.00112053
1.20684 	0.0011202
1.20684 	0.00111986
1.20684 	0.00111953
1.20683 	0.00111921
1.20683 	0.00111888
1.20684 	0.00111857
1.20686 	0.00111844
1.20688 	0.00111844
1.20691 	0.00111834
1.20692 	0.00111807
1.20692 	0.00111774
1.20692 	0.0011174
1.20692 	0.00111709
1.2069 	0.00111684
1.20688 	0.00111668
1.20686 	0.00111651
1.20685 	0.00111621
1.20686 	0.00111588
1.20688 	0.00111566
1.20689 	0.00111548
1.20691 	0.00111525
1.20692 	0.00111494
1.20691 	0.0011146
1.20691 	0.00111429
1.2069 	0.00111398
1.20689 	0.00111367
1.20689 	0.00111335
1.20688 	0.00111305
1.20687 	0.0011128
1.20685 	0.00111254
1.20685 	0.00111222
1.20685 	0.0011119
1.20686 	0.0011116
1.20687 	0.00111129
1.20687 	0.00111097
1.20688 	0.00111064
1.20688 	0.00111031
1.20687 	0.00110998
1.20687 	0.00110969
1.20685 	0.00110945
1.20684 	0.00110922
1.20683 	0.00110892
1.20683 	0.00110859
1.20683 	0.00110827
1.20683 	0.00110794
1.20683 	0.00110761
1.20682 	0.00110732
1.20681 	0.00110708
1.20679 	0.00110689
1.20678 	0.00110666
1.20677 	0.00110638
1.20676 	0.00110608
1.20676 	0.00110575
1.20676 	0.00110544
1.20678 	0.0011052
1.2068 	0.00110511
1.20683 	0.00110518
1.20686 	0.00110535
1.20689 	0.0011055
1.20692 	0.00110549
1.20694 	0.00110527
1.20694 	0.00110495
1.20694 	0.00110463
1.20693 	0.00110432
1.20693 	0.001104
1.20693 	0.00110367
1.20693 	0.00110335
1.20692 	0.00110304
1.2069 	0.0011029
1.20686 	0.00110325
1.20681 	0.00110425
1.20675 	0.00110556
1.2067 	0.00110638
1.20667 	0.00110639
1.20667 	0.00110607
1.2067 	0.00110598
1.20673 	0.00110618
1.20676 	0.0011064
1.20679 	0.00110642
1.20681 	0.00110626
1.20683 	0.00110603
1.20684 	0.00110581
1.20686 	0.00110567
1.20689 	0.00110565
1.20692 	0.00110578
1.20695 	0.00110602
1.20699 	0.00110623
1.20702 	0.00110626
1.20703 	0.00110605
1.20703 	0.00110573
1.20702 	0.00110556
1.20698 	0.00110591
1.20692 	0.00110685
1.20687 	0.00110796
1.20682 	0.00110881
1.20677 	0.00110942
1.20673 	0.00110988
1.20669 	0.00111013
1.20667 	0.00111007
1.20666 	0.00110979
1.20666 	0.00110946
1.20667 	0.00110916
1.20668 	0.00110888
1.20669 	0.00110859
1.2067 	0.00110831
1.20671 	0.00110805
1.20672 	0.00110782
1.20674 	0.00110757
1.20674 	0.00110727
1.20675 	0.00110696
1.20675 	0.00110665
1.20676 	0.00110639
1.20678 	0.00110621
1.2068 	0.00110605
1.20682 	0.00110582
1.20682 	0.00110551
1.20681 	0.00110521
1.20679 	0.00110503
1.20677 	0.00110489
1.20676 	0.00110463
1.20677 	0.00110431
1.20678 	0.00110408
1.2068 	0.00110395
1.20682 	0.00110379
1.20683 	0.00110349
1.20682 	0.0011032
1.2068 	0.00110305
1.20677 	0.00110302
1.20675 	0.0011029
1.20674 	0.00110263
1.20675 	0.00110231
1.20676 	0.00110205
1.20677 	0.00110178
1.20678 	0.0011015
1.20678 	0.00110119
1.20679 	0.00110088
1.20679 	0.00110056
1.20679 	0.00110025
1.20681 	0.00110003
1.20683 	0.00109994
1.20685 	0.00109991
1.20688 	0.00109987
1.2069 	0.00109981
1.20692 	0.00109968
1.20693 	0.00109944
1.20694 	0.00109912
1.20692 	0.00109886
1.2069 	0.00109876
1.20687 	0.00109881
1.20685 	0.00109887
1.20682 	0.00109878
1.20681 	0.0010985
1.20682 	0.00109819
1.20683 	0.00109796
1.20685 	0.00109776
1.20685 	0.00109746
1.20684 	0.00109722
1.20681 	0.00109737
1.20677 	0.00109772
1.20675 	0.00109771
1.20674 	0.00109739
1.20676 	0.00109729
1.2068 	0.00109754
1.20683 	0.00109778
1.20686 	0.00109774
1.20687 	0.00109751
1.20687 	0.00109719
1.20687 	0.00109691
1.20685 	0.00109671
1.20683 	0.00109655
1.20681 	0.00109636
1.2068 	0.00109611
1.20679 	0.00109583
1.20679 	0.00109555
1.20678 	0.00109528
1.20676 	0.00109503
1.20676 	0.00109475
1.20676 	0.00109444
1.20678 	0.00109432
1.20682 	0.0010947
1.20686 	0.00109521
1.20689 	0.0010953
1.2069 	0.00109505
1.2069 	0.00109474
1.20689 	0.00109446
1.20688 	0.00109421
1.20687 	0.00109398
1.20685 	0.00109379
1.20683 	0.00109364
1.20681 	0.00109344
1.2068 	0.00109318
1.2068 	0.00109287
1.2068 	0.00109256
1.20681 	0.00109226
1.20681 	0.00109197
1.20682 	0.0010917
1.20683 	0.00109143
1.20684 	0.00109113
1.20684 	0.00109082
1.20683 	0.00109052
1.20683 	0.00109022
1.20682 	0.00108992
1.20682 	0.00108961
1.20682 	0.00108931
1.20681 	0.00108902
1.2068 	0.00108873
1.2068 	0.00108842
1.20681 	0.00108813
1.20682 	0.00108788
1.20683 	0.00108769
1.20686 	0.00108761
1.20688 	0.00108763
1.20691 	0.00108756
1.20692 	0.00108729
1.20691 	0.00108701
1.20689 	0.00108693
1.20686 	0.00108699
1.20683 	0.00108699
1.20681 	0.0010869
1.20679 	0.00108684
1.20676 	0.00108695
1.20672 	0.00108718
1.2067 	0.00108714
1.2067 	0.00108683
1.20672 	0.00108678
1.20676 	0.00108707
1.20679 	0.00108727
1.20681 	0.00108717
1.20682 	0.00108689
1.20682 	0.00108659
1.20681 	0.0010863
1.2068 	0.00108602
1.2068 	0.00108572
1.2068 	0.00108542
1.20679 	0.00108513
1.20678 	0.00108494
1.20675 	0.00108489
1.20673 	0.0010848
1.20672 	0.00108451
1.20674 	0.00108431
1.20677 	0.00108445
1.20681 	0.00108478
1.20684 	0.00108493
1.20686 	0.00108481
1.20687 	0.00108454
1.20687 	0.00108424
1.20687 	0.00108394
1.20687 	0.00108363
1.20687 	0.00108333
1.20686 	0.00108305
1.20686 	0.00108275
1.20686 	0.00108247
1.20688 	0.0010823
1.2069 	0.00108218
1.20691 	0.00108194
1.20691 	0.00108165
1.20688 	0.00108157
1.20685 	0.00108178
1.20682 	0.00108191
1.2068 	0.00108177
1.2068 	0.00108147
1.2068 	0.00108118
1.2068 	0.00108088
1.2068 	0.00108058
1.20679 	0.00108031
1.20679 	0.00108002
1.20679 	0.00107974
1.20681 	0.00107956
1.20683 	0.00107949
1.20685 	0.00107939
1.20686 	0.00107915
1.20687 	0.00107885
1.20686 	0.00107855
1.20687 	0.00107826
1.20688 	0.00107809
1.20691 	0.00107809
1.20693 	0.00107811
1.20696 	0.00107801
1.20697 	0.00107781
1.20698 	0.00107753
1.20697 	0.00107723
1.20696 	0.00107706
1.20692 	0.00107726
1.20688 	0.0010779
1.20683 	0.00107862
1.20679 	0.00107901
1.20677 	0.00107904
1.20675 	0.00107885
1.20675 	0.00107857
1.20675 	0.00107827
1.20676 	0.00107804
1.20678 	0.00107801
1.20682 	0.00107824
1.20685 	0.0010786
1.20689 	0.00107874
1.2069 	0.00107853
1.20689 	0.0010783
1.20685 	0.00107861
1.20681 	0.00107928
1.20677 	0.00107965
1.20675 	0.00107957
1.20674 	0.0010793
1.20674 	0.00107901
1.20674 	0.00107871
1.20674 	0.00107842
1.20675 	0.00107813
1.20676 	0.00107787
1.20677 	0.00107767
1.20679 	0.00107756
1.20681 	0.00107749
1.20684 	0.0010774
1.20685 	0.00107724
1.20686 	0.00107699
1.20686 	0.0010767
1.20686 	0.00107642
1.20685 	0.00107614
1.20685 	0.00107585
1.20685 	0.00107556
1.20684 	0.00107527
1.20684 	0.00107499
1.20683 	0.0010747
1.20683 	0.0010744
1.20684 	0.00107413
1.20686 	0.00107394
1.20687 	0.0010738
1.20689 	0.00107362
1.20689 	0.00107333
1.20688 	0.00107309
1.20686 	0.00107309
1.20683 	0.00107326
1.2068 	0.00107331
1.20679 	0.00107309
1.20679 	0.0010728
1.2068 	0.00107261
1.20682 	0.00107247
1.20684 	0.00107232
1.20685 	0.00107211
1.20686 	0.00107185
1.20686 	0.00107156
1.20685 	0.00107129
1.20684 	0.00107111
1.20682 	0.00107104
1.20679 	0.00107099
1.20677 	0.00107091
1.20676 	0.00107074
1.20675 	0.00107049
1.20675 	0.0010702
1.20675 	0.00106993
1.20676 	0.00106966
1.20676 	0.00106938
1.20676 	0.00106909
1.20675 	0.00106884
1.20674 	0.00106861
1.20673 	0.00106836
1.20672 	0.00106809
1.20672 	0.0010678
1.20673 	0.00106754
1.20675 	0.00106738
1.20677 	0.00106741
1.2068 	0.00106754
1.20683 	0.00106756
1.20684 	0.00106736
1.20684 	0.00106707
1.20683 	0.00106681
1.20683 	0.00106653
1.20683 	0.00106624
1.20683 	0.00106596
1.20683 	0.00106567
1.20682 	0.0010654
1.20681 	0.00106518
1.20679 	0.001065
1.20678 	0.00106482
1.20677 	0.00106457
1.20677 	0.00106428
1.20678 	0.00106406
1.2068 	0.00106391
1.20682 	0.00106375
1.20683 	0.00106351
1.20683 	0.00106323
1.20683 	0.00106295
1.20683 	0.00106266
1.20683 	0.00106238
1.20684 	0.00106212
1.20685 	0.00106191
1.20687 	0.00106174
1.20688 	0.00106157
1.2069 	0.00106136
1.20691 	0.00106113
1.20692 	0.00106088
1.20692 	0.00106061
1.20692 	0.00106033
1.20691 	0.0010601
1.20689 	0.00106001
1.20686 	0.00106005
1.20684 	0.0010601
1.20682 	0.00105999
1.20681 	0.00105975
1.20681 	0.00105946
1.20681 	0.00105918
1.2068 	0.00105892
1.20678 	0.00105879
1.20675 	0.00105892
1.20672 	0.00105923
1.20669 	0.00105931
1.20668 	0.00105906
1.20669 	0.00105886
1.20672 	0.00105896
1.20676 	0.00105935
1.2068 	0.00106
1.20685 	0.00106088
1.2069 	0.00106186
1.20695 	0.00106261
1.20698 	0.00106277
1.20699 	0.0010625
1.20696 	0.00106247
1.20693 	0.00106278
1.2069 	0.00106287
1.20689 	0.00106266
1.20688 	0.00106238
1.20689 	0.00106209
1.20688 	0.00106183
1.20686 	0.00106168
1.20684 	0.00106172
1.2068 	0.00106198
1.20676 	0.00106251
1.20671 	0.0010632
1.20668 	0.00106363
1.20666 	0.00106353
1.20666 	0.00106326
1.20669 	0.00106337
1.20673 	0.00106395
1.20678 	0.00106462
1.20682 	0.00106497
1.20684 	0.00106496
1.20685 	0.00106474
1.20685 	0.00106445
1.20684 	0.00106422
1.20683 	0.001064
1.20682 	0.00106372
1.20683 	0.00106346
1.20684 	0.00106327
1.20686 	0.00106313
1.20688 	0.00106298
1.20689 	0.0010628
1.2069 	0.00106255
1.2069 	0.00106227
1.20689 	0.00106202
1.20688 	0.00106179
1.20688 	0.00106153
1.20688 	0.00106124
1.20688 	0.00106098
1.20689 	0.00106071
1.20689 	0.00106043
1.20688 	0.00106016
1.20687 	0.00105993
1.20686 	0.00105972
1.20685 	0.00105947
1.20685 	0.00105919
1.20687 	0.001059
1.20689 	0.00105894
1.20691 	0.00105896
1.20694 	0.00105907
1.20698 	0.00105926
1.20701 	0.00105941
1.20703 	0.00105938
1.20704 	0.00105916
1.20704 	0.00105889
1.20702 	0.00105871
1.207 	0.00105861
1.20698 	0.00105853
1.20696 	0.00105843
1.20695 	0.00105822
1.20694 	0.00105796
1.20694 	0.00105769
1.20693 	0.00105743
1.20693 	0.00105717
1.20692 	0.00105691
1.20691 	0.00105667
1.2069 	0.00105645
1.20689 	0.00105623
1.20688 	0.00105602
1.20687 	0.0010558
1.20685 	0.00105559
1.20684 	0.0010554
1.20683 	0.00105523
1.20681 	0.00105507
1.20679 	0.0010549
1.20679 	0.00105466
1.20679 	0.0010544
1.20682 	0.00105441
1.20686 	0.00105479
1.2069 	0.00105534
1.20693 	0.00105573
1.20696 	0.00105581
1.20698 	0.00105563
1.20698 	0.00105536
1.20697 	0.00105509
1.20697 	0.00105483
1.20696 	0.00105457
1.20695 	0.00105433
1.20694 	0.00105412
1.20693 	0.0010539
1.20693 	0.00105364
1.20692 	0.00105337
1.20692 	0.00105312
1.2069 	0.001053
1.20687 	0.00105307
1.20684 	0.00105329
1.20681 	0.00105348
1.20678 	0.00105349
1.20677 	0.00105331
1.20676 	0.00105305
1.20676 	0.00105278
1.20677 	0.00105252
1.20678 	0.00105229
1.20679 	0.00105207
1.2068 	0.00105186
1.20682 	0.00105169
1.20684 	0.00105158
1.20686 	0.00105155
1.20688 	0.00105151
1.2069 	0.00105143
1.20692 	0.00105132
1.20694 	0.00105125
1.20696 	0.00105122
1.20698 	0.00105112
1.20699 	0.00105088
1.20698 	0.00105064
1.20695 	0.00105082
1.20689 	0.00105205
1.20682 	0.00105435
1.20674 	0.0010568
1.20668 	0.00105833
1.20665 	0.00105865
1.20664 	0.00105839
1.20666 	0.00105832
1.2067 	0.00105877
1.20675 	0.00105954
1.20679 	0.00106016
1.20682 	0.00106034
1.20684 	0.00106017
1.20684 	0.0010599
1.20684 	0.00105963
1.20684 	0.00105936
1.20684 	0.00105909
1.20685 	0.00105886
1.20686 	0.00105866
1.20688 	0.00105846
1.20689 	0.00105823
1.20689 	0.00105799
1.2069 	0.00105774
1.2069 	0.00105746
1.20689 	0.0010572
1.20689 	0.00105696
1.20688 	0.00105674
1.20686 	0.00105657
1.20684 	0.00105648
1.20682 	0.0010564
1.20681 	0.00105624
1.2068 	0.00105598
1.20681 	0.00105572
1.20682 	0.00105554
1.20684 	0.00105543
1.20686 	0.00105535
1.20688 	0.00105523
1.20689 	0.00105502
1.20689 	0.00105475
1.20687 	0.00105455
1.20686 	0.00105438
1.20685 	0.00105415
1.20685 	0.00105388
1.20686 	0.00105362
1.20686 	0.00105337
1.20686 	0.0010531
1.20686 	0.00105284
1.20685 	0.00105261
1.20684 	0.00105238
1.20684 	0.00105211
1.20685 	0.00105188
1.20687 	0.00105179
1.20689 	0.00105185
1.20692 	0.00105191
1.20694 	0.00105185
1.20695 	0.00105163
1.20695 	0.00105136
1.20693 	0.00105121
1.20691 	0.00105121
1.20688 	0.00105129
1.20685 	0.00105141
1.20682 	0.00105152
1.2068 	0.00105161
1.20677 	0.0010516
1.20676 	0.00105146
1.20675 	0.00105123
1.20675 	0.00105096
1.20675 	0.0010507
1.20676 	0.00105048
1.20678 	0.00105037
1.20681 	0.00105043
1.20684 	0.00105061
1.20687 	0.00105077
1.20689 	0.00105085
1.20692 	0.00105083
1.20694 	0.00105074
1.20695 	0.0010506
1.20696 	0.00105041
1.20697 	0.00105019
1.20698 	0.00104992
1.20696 	0.0010497
1.20694 	0.0010497
1.20691 	0.00104993
1.20688 	0.00105012
1.20686 	0.00105001
1.20686 	0.00104974
1.20687 	0.00104957
1.20689 	0.00104949
1.20691 	0.00104937
1.20692 	0.00104916
1.20693 	0.00104891
1.20693 	0.00104865
1.20693 	0.00104839
1.20692 	0.00104814
1.20692 	0.00104789
1.20691 	0.00104763
1.20691 	0.00104736
1.20691 	0.0010471
1.20692 	0.00104684
1.20692 	0.00104659
1.20692 	0.00104632
1.20691 	0.00104608
1.2069 	0.00104591
1.20688 	0.00104582
1.20686 	0.0010457
1.20685 	0.00104549
1.20685 	0.00104522
1.20686 	0.00104497
1.20687 	0.00104473
1.20687 	0.00104448
1.20688 	0.00104428
1.2069 	0.00104424
1.20694 	0.00104451
1.20698 	0.00104515
1.20703 	0.00104586
1.20706 	0.00104612
1.20707 	0.00104591
1.20705 	0.00104576
1.20702 	0.00104604
1.20698 	0.00104651
1.20695 	0.00104682
1.20692 	0.00104687
1.20691 	0.00104669
1.20691 	0.00104643
1.20692 	0.00104622
1.20693 	0.00104607
1.20695 	0.00104594
1.20697 	0.0010458
1.20698 	0.00104563
1.20699 	0.00104542
1.207 	0.00104517
1.207 	0.00104491
1.20699 	0.00104465
1.20699 	0.00104441
1.20698 	0.00104419
1.20697 	0.00104399
1.20695 	0.0010439
1.20692 	0.00104388
1.20691 	0.00104372
1.20691 	0.00104347
1.20694 	0.00104349
1.20697 	0.00104381
1.207 	0.00104404
1.20702 	0.00104396
1.20703 	0.0010437
1.20702 	0.00104349
1.207 	0.00104331
1.20699 	0.0010431
1.20698 	0.00104287
1.20698 	0.00104264
1.20697 	0.00104241
1.20697 	0.00104215
1.20697 	0.00104192
1.20699 	0.00104178
1.20701 	0.00104167
1.20702 	0.00104147
1.20702 	0.00104121
1.207 	0.00104109
1.20697 	0.00104111
1.20696 	0.00104101
1.20695 	0.00104075
1.20697 	0.00104059
1.20699 	0.00104058
1.20701 	0.00104052
1.20702 	0.00104031
1.20702 	0.00104006
1.207 	0.00103994
1.20698 	0.00103996
1.20695 	0.00104004
1.20692 	0.00104014
1.20689 	0.00104027
1.20687 	0.00104033
1.20685 	0.00104024
1.20684 	0.00104001
1.20685 	0.00103978
1.20687 	0.00103978
1.2069 	0.00104003
1.20694 	0.0010403
1.20696 	0.00104035
1.20698 	0.00104019
1.20698 	0.00103994
1.20698 	0.00103969
1.20697 	0.00103945
1.20697 	0.0010392
1.20697 	0.00103894
1.20698 	0.00103871
1.20699 	0.00103849
1.20699 	0.00103824
1.20698 	0.00103801
1.20697 	0.00103784
1.20695 	0.00103771
1.20694 	0.00103753
1.20693 	0.0010373
1.20693 	0.00103704
1.20693 	0.00103679
1.20693 	0.00103653
1.20693 	0.00103628
1.20693 	0.00103603
1.20694 	0.00103579
1.20695 	0.0010356
1.20697 	0.0010355
1.20699 	0.00103547
1.20701 	0.00103539
1.20702 	0.00103516
1.20701 	0.00103494
1.20699 	0.00103493
1.20696 	0.0010351
1.20693 	0.00103529
1.2069 	0.0010354
1.20688 	0.00103532
1.20687 	0.00103508
1.20688 	0.00103485
1.2069 	0.00103474
1.20692 	0.00103477
1.20695 	0.00103483
1.20697 	0.00103483
1.20699 	0.00103479
1.20701 	0.00103469
1.20702 	0.00103451
1.20703 	0.00103428
1.20703 	0.00103403
1.20703 	0.00103378
1.20703 	0.00103352
1.20703 	0.00103327
1.20704 	0.00103304
1.20704 	0.00103279
1.20704 	0.00103254
1.20703 	0.00103235
1.20701 	0.00103228
1.20699 	0.00103221
1.20698 	0.00103201
1.20698 	0.00103176
1.20699 	0.00103154
1.20699 	0.0010313
1.20699 	0.00103105
1.20699 	0.0010308
1.20699 	0.00103055
1.20699 	0.0010303
1.207 	0.00103008
1.20701 	0.00102985
1.20701 	0.00102961
1.20702 	0.00102936
1.20702 	0.00102911
1.20701 	0.00102886
1.20701 	0.00102861
1.20701 	0.00102836
1.20701 	0.00102811
1.20702 	0.00102786
1.20701 	0.00102762
1.207 	0.00102743
1.20698 	0.00102731
1.20696 	0.00102724
1.20695 	0.00102715
1.20694 	0.00102695
1.20694 	0.0010267
1.20695 	0.0010265
1.20696 	0.00102635
1.20697 	0.00102618
1.20698 	0.00102595
1.20698 	0.0010257
1.20698 	0.00102546
1.20699 	0.00102521
1.20699 	0.00102496
1.20699 	0.00102472
1.207 	0.00102448
1.207 	0.00102424
1.20701 	0.00102401
1.20701 	0.00102378
1.20702 	0.00102355
1.20702 	0.00102331
1.20702 	0.00102307
1.20701 	0.00102289
1.20699 	0.00102277
1.20698 	0.0010226
1.20697 	0.00102236
1.20697 	0.00102212
1.20697 	0.00102188
1.20696 	0.00102168
1.20695 	0.00102148
1.20694 	0.00102123
1.20695 	0.00102102
1.20697 	0.0010209
1.20699 	0.00102082
1.207 	0.00102069
1.20701 	0.00102048
1.20701 	0.00102024
1.207 	0.00102004
1.20699 	0.0010199
1.20697 	0.00101973
1.20697 	0.0010195
1.20697 	0.00101926
1.20698 	0.00101909
1.207 	0.00101903
1.20703 	0.00101907
1.20705 	0.00101908
1.20706 	0.00101892
1.20706 	0.00101868
1.20706 	0.00101846
1.20705 	0.00101823
1.20705 	0.00101799
1.20707 	0.00101782
1.20709 	0.00101777
1.20711 	0.00101775
1.20713 	0.00101764
1.20713 	0.00101744
1.20714 	0.0010172
1.20713 	0.00101695
1.20713 	0.00101673
1.20711 	0.00101656
1.20709 	0.00101651
1.20707 	0.0010167
1.20703 	0.00101713
1.20699 	0.00101753
1.20697 	0.0010176
1.20696 	0.00101742
1.20696 	0.00101717
1.20696 	0.00101694
1.20696 	0.00101671
1.20697 	0.00101648
1.20698 	0.0010163
1.207 	0.00101617
1.20701 	0.00101605
1.20702 	0.00101584
1.20702 	0.00101561
1.207 	0.00101549
1.20698 	0.00101538
1.20697 	0.00101522
1.20696 	0.00101502
1.20696 	0.0010148
1.20695 	0.00101456
1.20695 	0.00101432
1.20695 	0.00101408
1.20695 	0.00101384
1.20695 	0.00101359
1.20694 	0.00101336
1.20694 	0.00101312
1.20694 	0.00101288
1.20695 	0.00101265
1.20695 	0.00101244
1.20697 	0.00101227
1.20698 	0.00101214
1.207 	0.00101211
1.20703 	0.00101217
1.20705 	0.0010122
1.20706 	0.00101206
1.20706 	0.00101182
1.20705 	0.00101168
1.20703 	0.00101168
1.20701 	0.00101165
1.20699 	0.00101153
1.20698 	0.00101137
1.20697 	0.00101121
1.20695 	0.00101112
1.20693 	0.00101114
1.2069 	0.00101123
1.20687 	0.00101129
1.20686 	0.00101113
1.20687 	0.00101091
1.2069 	0.00101103
1.20694 	0.00101158
1.20698 	0.00101216
1.20701 	0.00101239
1.20702 	0.00101228
1.20703 	0.00101204
1.20702 	0.00101182
1.20701 	0.00101162
1.207 	0.00101142
1.207 	0.00101118
1.20701 	0.00101098
1.20703 	0.00101088
1.20704 	0.00101074
1.20704 	0.00101051
1.20704 	0.00101029
1.20702 	0.00101013
1.20701 	0.00101002
1.20699 	0.00100989
1.20698 	0.0010097
1.20698 	0.00100946
1.20699 	0.00100925
1.207 	0.00100907
1.20701 	0.00100887
1.20701 	0.00100864
1.20701 	0.0010084
1.20701 	0.00100817
1.207 	0.00100794
1.207 	0.00100772
1.20699 	0.00100749
1.20699 	0.00100727
1.20699 	0.00100703
1.20698 	0.0010068
1.20698 	0.00100656
1.20698 	0.00100632
1.20698 	0.00100608
1.20698 	0.00100585
1.20698 	0.00100562
1.20698 	0.00100539
1.20697 	0.00100517
1.20696 	0.001005
1.20694 	0.0010049
1.20693 	0.0010048
1.20692 	0.0010046
1.20692 	0.00100437
1.20693 	0.00100421
1.20695 	0.0010042
1.20698 	0.00100433
1.20701 	0.0010046
1.20704 	0.00100486
1.20707 	0.001005
1.20709 	0.00100498
1.2071 	0.00100479
1.2071 	0.00100456
1.20708 	0.00100451
1.20705 	0.00100467
1.20702 	0.00100482
1.207 	0.00100481
1.20699 	0.00100464
1.20699 	0.00100441
1.20699 	0.00100418
1.20699 	0.00100395
1.20699 	0.00100371
1.20699 	0.0010035
1.20697 	0.00100333
1.20696 	0.00100324
1.20694 	0.00100318
1.20692 	0.00100306
1.20692 	0.00100286
1.20692 	0.00100262
1.20692 	0.00100241
1.20693 	0.00100223
1.20695 	0.00100207
1.20696 	0.00100196
1.20698 	0.00100188
1.20699 	0.00100178
1.207 	0.00100158
1.20701 	0.00100135
1.207 	0.00100112
1.20701 	0.00100089
1.20701 	0.00100068
1.20702 	0.00100048
1.20703 	0.00100026
1.20702 	0.00100003
1.20701 	0.000999869
1.20699 	0.000999784
1.20697 	0.00099974
1.20696 	0.000999661
1.20695 	0.000999501
1.20694 	0.000999281
1.20694 	0.000999049
1.20695 	0.000998833
1.20696 	0.000998642
1.20697 	0.000998479
1.20698 	0.000998353
1.207 	0.000998294
1.20702 	0.000998305
1.20704 	0.000998295
1.20706 	0.000998166
1.20706 	0.00099794
1.20705 	0.000997761
1.20703 	0.000997805
1.207 	0.000998046
1.20697 	0.000998144
1.20696 	0.000997953
1.20697 	0.00099777
1.207 	0.000997788
1.20702 	0.00099789
1.20704 	0.000997885
1.20705 	0.000997712
1.20705 	0.000997483
1.20704 	0.000997332
1.20702 	0.000997293
1.207 	0.000997335
1.20697 	0.000997428
1.20695 	0.000997513
1.20693 	0.000997478
1.20692 	0.000997283
1.20692 	0.000997068
1.20694 	0.000996986
1.20696 	0.000997021
1.20698 	0.000997024
1.207 	0.000996866
1.20699 	0.000996643
1.20697 	0.000996567
1.20696 	0.00099652
1.20694 	0.000996352
1.20694 	0.000996124
1.20695 	0.000995911
1.20696 	0.000995745
1.20697 	0.000995589
1.20698 	0.000995392
1.20698 	0.000995166
1.20698 	0.000994937
1.20699 	0.000994725
1.207 	0.000994591
1.20702 	0.000994518
1.20703 	0.000994375
1.20704 	0.000994151
1.20703 	0.000993931
1.20703 	0.000993709
1.20703 	0.000993481
1.20703 	0.000993253
1.20702 	0.000993031
1.20702 	0.000992838
1.20701 	0.000992644
1.20701 	0.000992416
1.20702 	0.000992285
1.20705 	0.00099236
1.20708 	0.000992608
1.20711 	0.000992842
1.20713 	0.000992832
1.20714 	0.000992623
1.20713 	0.000992417
1.20712 	0.00099227
1.2071 	0.000992114
1.2071 	0.000991907
1.2071 	0.00099168
1.2071 	0.000991454
1.20709 	0.000991237
1.20708 	0.000991108
1.20706 	0.000991053
1.20705 	0.000990924
1.20704 	0.000990704
1.20705 	0.000990493
1.20706 	0.000990303
1.20706 	0.000990085
1.20706 	0.000989861
1.20706 	0.000989638
1.20706 	0.000989418
1.20707 	0.000989279
1.20709 	0.000989262
1.20712 	0.000989261
1.20713 	0.00098918
1.20714 	0.000989028
1.20715 	0.000988823
1.20715 	0.000988601
1.20714 	0.000988458
1.20712 	0.000988416
1.2071 	0.000988326
1.20709 	0.000988116
1.2071 	0.000987915
1.20712 	0.000987797
1.20713 	0.000987682
1.20714 	0.000987516
1.20715 	0.000987314
1.20715 	0.000987109
1.20716 	0.000986916
1.20717 	0.000986725
1.20717 	0.000986509
1.20717 	0.00098629
1.20716 	0.000986134
1.20714 	0.000986092
1.20712 	0.000986115
1.2071 	0.000986066
1.20709 	0.000985892
1.20709 	0.000985669
1.20709 	0.000985449
1.20709 	0.000985226
1.20709 	0.000985003
1.20709 	0.000984781
1.2071 	0.000984577
1.20711 	0.000984397
1.20712 	0.00098421
1.20712 	0.000984001
1.20713 	0.00098378
1.20713 	0.000983558
1.20713 	0.000983335
1.20713 	0.000983116
1.20714 	0.000982917
1.20715 	0.00098274
1.20715 	0.000982544
1.20715 	0.000982322
1.20714 	0.000982158
1.20712 	0.00098209
1.20711 	0.000982012
1.2071 	0.000981848
1.20709 	0.000981633
1.20709 	0.000981412
1.20709 	0.000981191
1.20708 	0.000980993
1.20707 	0.000980857
1.20705 	0.000980775
1.20704 	0.000980684
1.20703 	0.000980553
1.20702 	0.000980381
1.20701 	0.000980164
1.20702 	0.000979985
1.20704 	0.000979982
1.20707 	0.000980115
1.20709 	0.000980216
1.20711 	0.000980191
1.20713 	0.00098007
1.20714 	0.000979916
1.20715 	0.000979757
1.20716 	0.000979576
1.20716 	0.000979362
1.20716 	0.000979147
1.20715 	0.000978965
1.20714 	0.000978814
1.20713 	0.000978673
1.20711 	0.000978523
1.2071 	0.000978361
1.20709 	0.000978184
1.20709 	0.000977987
1.20708 	0.000977776
1.20708 	0.000977559
1.20708 	0.00097734
1.20709 	0.000977134
1.2071 	0.000976964
1.20711 	0.000976847
1.20713 	0.000976758
1.20714 	0.00097663
1.20715 	0.000976445
1.20715 	0.000976232
1.20715 	0.000976014
1.20715 	0.000975802
1.20714 	0.000975616
1.20713 	0.000975487
1.20711 	0.00097541
1.20709 	0.00097534
1.20708 	0.000975244
1.20707 	0.000975104
1.20706 	0.000974931
1.20705 	0.000974751
1.20704 	0.000974579
1.20703 	0.000974393
1.20703 	0.000974177
1.20704 	0.000973977
1.20705 	0.000973845
1.20707 	0.000973805
1.20709 	0.000973826
1.20711 	0.000973841
1.20713 	0.000973774
1.20714 	0.000973606
1.20714 	0.00097339
1.20713 	0.000973196
1.20712 	0.000973059
1.2071 	0.000972971
1.20708 	0.000972929
1.20706 	0.000972936
1.20704 	0.000972945
1.20703 	0.00097286
1.20702 	0.00097266
1.20703 	0.000972479
1.20705 	0.000972519
1.20708 	0.000972849
1.20712 	0.000973312
1.20715 	0.000973673
1.20718 	0.000973825
1.2072 	0.000973778
1.20721 	0.000973599
1.2072 	0.000973385
1.20719 	0.000973263
1.20717 	0.00097333
1.20714 	0.000973571
1.20711 	0.000973849
1.20708 	0.000974012
1.20706 	0.000974022
1.20704 	0.000973929
1.20703 	0.000973781
1.20702 	0.000973594
1.20702 	0.000973383
1.20702 	0.000973168
1.20703 	0.00097296
1.20703 	0.000972767
1.20704 	0.000972589
1.20705 	0.000972411
1.20706 	0.000972213
1.20706 	0.000971998
1.20705 	0.000971791
1.20705 	0.0009716
1.20704 	0.000971411
1.20703 	0.000971212
1.20703 	0.000971004
1.20703 	0.000970793
1.20702 	0.000970587
1.20701 	0.000970408
1.207 	0.00097032
1.20698 	0.000970374
1.20695 	0.000970459
1.20694 	0.000970352
1.20694 	0.000970163
1.20697 	0.000970432
1.20702 	0.000971202
1.20706 	0.000971843
1.20708 	0.000971936
1.20709 	0.000971729
1.20708 	0.000971566
1.20707 	0.000971402
1.20707 	0.000971191
1.20709 	0.000971149
1.20712 	0.000971352
1.20715 	0.000971552
1.20716 	0.000971489
1.20716 	0.000971278
1.20714 	0.000971346
1.2071 	0.000971822
1.20706 	0.00097226
1.20704 	0.000972297
1.20704 	0.000972094
1.20705 	0.000971915
1.20706 	0.000971776
1.20707 	0.0009716
1.20707 	0.000971388
1.20706 	0.000971183
1.20706 	0.000970993
1.20705 	0.000970803
1.20704 	0.000970611
1.20704 	0.000970431
1.20703 	0.000970281
1.20701 	0.000970141
1.20701 	0.000969954
1.20701 	0.000969744
1.20702 	0.000969588
1.20703 	0.000969501
1.20705 	0.000969412
1.20706 	0.000969245
1.20706 	0.000969033
1.20705 	0.000968838
1.20705 	0.000968663
1.20704 	0.000968479
1.20704 	0.000968269
1.20704 	0.000968077
1.20706 	0.000967953
1.20707 	0.000967873
1.20709 	0.000967775
1.2071 	0.00096762
1.2071 	0.000967415
1.20709 	0.000967217
1.20708 	0.000967089
1.20707 	0.000967001
1.20705 	0.000966869
1.20705 	0.000966684
1.20704 	0.000966482
1.20704 	0.00096628
1.20703 	0.000966083
1.20703 	0.000965885
1.20703 	0.000965678
1.20703 	0.000965472
1.20704 	0.000965317
1.20706 	0.000965245
1.20708 	0.00096522
1.20709 	0.000965181
1.20711 	0.000965065
1.20711 	0.000964865
1.2071 	0.000964684
1.20709 	0.000964632
1.20707 	0.000964652
1.20705 	0.000964612
1.20703 	0.000964493
1.20702 	0.000964328
1.20702 	0.000964133
1.20702 	0.000963925
1.20702 	0.000963716
1.20702 	0.000963507
1.20702 	0.0009633
1.20701 	0.000963096
1.20701 	0.000962887
1.20702 	0.000962689
1.20703 	0.000962525
1.20704 	0.000962363
1.20704 	0.000962165
1.20704 	0.000961961
1.20703 	0.000961787
1.20702 	0.000961612
1.20702 	0.000961411
1.20702 	0.000961203
1.20702 	0.000960997
1.20702 	0.000960789
1.20702 	0.000960583
1.20701 	0.000960397
1.207 	0.000960262
1.20699 	0.000960175
1.20697 	0.000960056
1.20697 	0.000959873
1.20697 	0.000959667
1.20697 	0.000959459
1.20697 	0.000959253
1.20697 	0.000959048
1.20698 	0.000958866
1.20699 	0.000958774
1.20701 	0.000958821
1.20704 	0.000958901
1.20705 	0.000958865
1.20706 	0.000958709
1.20707 	0.000958508
1.20707 	0.000958302
1.20707 	0.000958098
1.20706 	0.000957896
1.20706 	0.000957699
1.20705 	0.000957521
1.20704 	0.000957411
1.20702 	0.000957386
1.207 	0.000957366
1.20698 	0.000957277
1.20698 	0.000957115
1.20697 	0.000956919
1.20697 	0.000956715
1.20697 	0.000956511
1.20697 	0.000956307
1.20698 	0.000956137
1.20699 	0.00095603
1.20701 	0.000955936
1.20702 	0.000955814
1.20703 	0.000955669
1.20704 	0.000955517
1.20705 	0.000955345
1.20705 	0.000955141
1.20704 	0.000954973
1.20703 	0.000954861
1.20702 	0.000954709
1.20701 	0.000954507
1.20702 	0.000954309
1.20702 	0.000954118
1.20703 	0.000953921
1.20703 	0.000953733
1.20704 	0.000953589
1.20706 	0.0009535
1.20707 	0.000953442
1.20709 	0.000953366
1.2071 	0.000953237
1.20711 	0.000953064
1.20712 	0.00095288
1.20712 	0.00095269
1.20712 	0.000952487
1.20712 	0.000952309
1.2071 	0.000952243
1.20708 	0.000952244
1.20706 	0.000952154
1.20706 	0.000951959
1.20707 	0.00095178
1.20708 	0.00095166
1.20709 	0.000951515
1.20709 	0.00095132
1.20709 	0.000951117
1.20709 	0.000950915
1.2071 	0.000950759
1.20712 	0.000950747
1.20715 	0.000950836
1.20717 	0.000950846
1.20718 	0.000950706
1.20718 	0.000950503
1.20717 	0.000950334
1.20715 	0.000950259
1.20713 	0.000950307
1.20711 	0.000950452
1.20708 	0.00095062
1.20706 	0.000950694
1.20704 	0.000950623
1.20703 	0.000950459
1.20703 	0.000950262
1.20703 	0.00095006
1.20703 	0.000949862
1.20704 	0.000949677
1.20705 	0.00094952
1.20706 	0.000949398
1.20707 	0.000949281
1.20708 	0.00094912
1.20708 	0.000948919
1.20707 	0.000948754
1.20706 	0.000948674
1.20704 	0.000948629
1.20703 	0.000948526
1.20702 	0.000948344
1.20703 	0.000948148
1.20704 	0.000948009
1.20705 	0.000947924
1.20707 	0.000947826
1.20707 	0.000947658
1.20707 	0.000947458
1.20706 	0.000947302
1.20705 	0.000947144
1.20705 	0.000946944
1.20706 	0.000946785
1.20707 	0.000946675
1.20709 	0.000946539
1.20709 	0.00094636
1.2071 	0.000946168
1.2071 	0.000945994
1.20712 	0.000945877
1.20713 	0.000945776
1.20714 	0.000945606
1.20713 	0.000945408
1.20713 	0.000945254
1.20711 	0.000945124
1.2071 	0.000944974
1.2071 	0.000944787
1.2071 	0.000944592
1.20711 	0.000944475
1.20713 	0.000944465
1.20715 	0.00094442
1.20716 	0.000944239
1.20715 	0.000944093
1.20712 	0.000944143
1.2071 	0.000944224
1.20708 	0.000944181
1.20707 	0.000944053
1.20706 	0.000943904
1.20705 	0.000943769
1.20704 	0.000943683
1.20702 	0.000943668
1.207 	0.000943663
1.20699 	0.000943552
1.20699 	0.000943354
1.207 	0.000943236
1.20702 	0.000943242
1.20704 	0.000943225
1.20705 	0.00094308
1.20705 	0.000942882
1.20704 	0.000942724
1.20703 	0.000942579
1.20702 	0.000942396
1.20703 	0.000942204
1.20704 	0.000942088
1.20706 	0.000942081
1.20708 	0.000942148
1.2071 	0.000942209
1.20712 	0.000942157
1.20712 	0.000941981
1.20712 	0.000941791
1.20711 	0.000941622
1.20711 	0.000941428
1.20712 	0.000941249
1.20713 	0.000941131
1.20714 	0.000941027
1.20715 	0.000940885
1.20716 	0.000940698
1.20715 	0.000940508
1.20714 	0.000940392
1.20712 	0.00094037
1.20711 	0.000940338
1.20709 	0.000940202
1.2071 	0.000940006
1.20711 	0.000939916
1.20714 	0.000940095
1.20717 	0.000940523
1.20721 	0.000940976
1.20723 	0.000941175
1.20724 	0.000941054
1.20724 	0.000940885
1.20721 	0.00094098
1.20718 	0.000941315
1.20715 	0.000941657
1.20712 	0.000941845
1.2071 	0.000941847
1.20709 	0.000941713
1.20709 	0.000941521
1.2071 	0.000941335
1.20711 	0.000941197
1.20712 	0.000941119
1.20714 	0.000941074
1.20715 	0.00094099
1.20716 	0.000940819
1.20716 	0.00094063
1.20714 	0.000940497
1.20713 	0.000940375
1.20712 	0.000940209
1.20712 	0.000940017
1.20712 	0.000939822
1.20712 	0.000939628
1.20712 	0.000939434
1.20712 	0.000939238
1.20712 	0.000939046
1.20712 	0.000938857
1.20713 	0.000938666
1.20713 	0.000938478
1.20714 	0.000938321
1.20715 	0.000938232
1.20717 	0.000938158
1.20718 	0.000938009
1.20718 	0.000937814
1.20717 	0.00093763
1.20717 	0.000937444
1.20717 	0.00093725
1.20717 	0.000937056
1.20717 	0.000936862
1.20717 	0.000936668
1.20717 	0.000936475
1.20717 	0.000936294
1.20718 	0.00093614
1.20719 	0.000936007
1.2072 	0.000935865
1.20721 	0.000935684
1.2072 	0.000935496
1.20719 	0.000935377
1.20718 	0.000935341
1.20716 	0.000935321
1.20714 	0.000935231
1.20714 	0.000935062
1.20714 	0.000934869
1.20714 	0.000934682
1.20714 	0.000934497
1.20715 	0.000934306
1.20714 	0.000934116
1.20714 	0.000933938
1.20713 	0.000933756
1.20713 	0.000933564
1.20714 	0.000933398
1.20715 	0.000933278
1.20716 	0.000933152
1.20717 	0.000932971
1.20716 	0.0009328
1.20715 	0.000932747
1.20713 	0.000932736
1.20712 	0.000932608
1.20712 	0.000932417
1.20713 	0.0009323
1.20715 	0.000932236
1.20716 	0.000932127
1.20716 	0.000931956
1.20716 	0.000931764
1.20716 	0.000931581
1.20715 	0.000931415
1.20714 	0.000931269
1.20714 	0.000931117
1.20713 	0.000930932
1.20714 	0.000930749
1.20715 	0.000930627
1.20716 	0.000930592
1.20718 	0.000930606
1.2072 	0.000930594
1.20722 	0.000930502
1.20722 	0.000930336
1.20722 	0.000930146
1.20721 	0.000930016
1.20719 	0.000929968
1.20718 	0.00092987
1.20718 	0.000929686
1.20718 	0.00092951
1.20719 	0.000929354
1.2072 	0.000929172
1.20719 	0.000928989
1.20718 	0.000928859
1.20717 	0.00092877
1.20716 	0.000928633
1.20716 	0.000928446
1.20718 	0.000928476
1.20721 	0.000928849
1.20724 	0.00092913
1.20725 	0.000929026
1.20725 	0.000928857
1.20723 	0.00092877
1.20723 	0.000928619
1.20723 	0.000928433
1.20724 	0.00092833
1.20726 	0.00092833
1.20728 	0.00092835
1.2073 	0.000928283
1.2073 	0.000928115
1.2073 	0.000927933
1.20729 	0.000927827
1.20727 	0.000927835
1.20724 	0.000927952
1.20722 	0.000928093
1.2072 	0.000928138
1.20718 	0.000928066
1.20717 	0.000927924
1.20717 	0.000927742
1.20717 	0.000927561
1.20718 	0.000927447
1.2072 	0.000927403
1.20722 	0.000927343
1.20723 	0.000927218
1.20723 	0.000927051
1.20724 	0.00092687
1.20724 	0.000926685
1.20724 	0.000926498
1.20724 	0.000926313
1.20723 	0.00092617
1.20721 	0.00092611
1.2072 	0.000926063
1.20719 	0.000925913
1.2072 	0.00092574
1.20721 	0.000925713
1.20723 	0.000925776
1.20725 	0.000925742
1.20726 	0.000925575
1.20725 	0.000925403
1.20724 	0.000925317
1.20722 	0.000925256
1.20721 	0.000925124
1.20721 	0.000924938
1.20722 	0.000924776
1.20723 	0.000924678
1.20725 	0.000924614
1.20726 	0.000924541
1.20727 	0.000924426
1.20728 	0.000924255
1.20728 	0.00092407
1.20727 	0.000923908
1.20726 	0.000923748
1.20726 	0.000923581
1.20725 	0.000923427
1.20724 	0.000923324
1.20722 	0.00092329
1.2072 	0.000923256
1.20719 	0.000923134
1.20719 	0.000922949
1.2072 	0.000922794
1.20721 	0.000922708
1.20723 	0.000922638
1.20724 	0.000922522
1.20724 	0.000922351
1.20724 	0.000922167
1.20723 	0.00092202
1.20722 	0.000921904
1.20721 	0.000921785
1.2072 	0.000921664
1.20719 	0.000921549
1.20718 	0.000921434
1.20716 	0.000921316
1.20715 	0.000921194
1.20714 	0.000921052
1.20714 	0.000920883
1.20714 	0.000920699
1.20714 	0.000920515
1.20714 	0.000920337
1.20715 	0.000920168
1.20716 	0.00092002
1.20717 	0.000919925
1.20719 	0.000919917
1.20721 	0.000919987
1.20723 	0.000920023
1.20724 	0.000919915
1.20724 	0.000919731
1.20723 	0.000919662
1.2072 	0.000919766
1.20718 	0.000919869
1.20717 	0.000919783
1.20717 	0.000919603
1.20719 	0.000919683
1.20723 	0.000920206
1.20727 	0.000920848
1.2073 	0.000921129
1.20731 	0.000921001
1.20729 	0.000920888
1.20727 	0.000921142
1.20723 	0.000921593
1.20721 	0.000921765
1.2072 	0.000921604
1.20721 	0.000921506
1.20723 	0.000921581
1.20725 	0.000921572
1.20726 	0.0009214
1.20725 	0.000921266
1.20723 	0.000921232
1.20722 	0.000921111
1.20722 	0.000920931
1.20724 	0.000920868
1.20726 	0.000920879
