1.87863 	0
1.87117 	0.00745823
1.86314 	0.00911439
1.85512 	0.0102898
1.84705 	0.0113414
1.83858 	0.0125523
1.82964 	0.0138709
1.82095 	0.0148285
1.81381 	0.0148983
1.80939 	0.0140403
1.80799 	0.0127766
1.80905 	0.0117119
1.81157 	0.0110631
1.81448 	0.0106474
1.81688 	0.0101993
1.81812 	0.00962053
1.81787 	0.0090404
1.81627 	0.00867162
1.81398 	0.00851698
1.81188 	0.00834729
1.81061 	0.00804167
1.81017 	0.00767957
1.81017 	0.00733809
1.81016 	0.00702569
1.81002 	0.00674019
1.80996 	0.00647609
1.81026 	0.00623908
1.81112 	0.00607291
1.81257 	0.00603611
1.8146 	0.00617438
1.8172 	0.00651483
1.82034 	0.00704661
1.82389 	0.00769799
1.82763 	0.00835139
1.83127 	0.00888757
1.83451 	0.00922468
1.83709 	0.00933778
1.83886 	0.00925861
1.83973 	0.00906
1.83973 	0.00883059
1.83895 	0.00864739
1.83756 	0.00855314
1.83575 	0.00854598
1.83373 	0.00858976
1.83169 	0.00864119
1.82975 	0.00867201
1.82796 	0.00867183
1.82637 	0.00863719
1.82505 	0.00856081
1.82418 	0.00843334
1.82397 	0.0082688
1.82463 	0.00813453
1.82615 	0.00812333
1.82836 	0.00827266
1.83097 	0.00853032
1.83367 	0.00880169
1.83622 	0.00901322
1.83846 	0.00913471
1.8403 	0.00916598
1.84173 	0.00912371
1.84279 	0.00903548
1.8436 	0.00892574
1.8442 	0.00880329
1.84444 	0.00866804
1.84409 	0.00854087
1.84298 	0.0084842
1.84112 	0.00855968
1.83876 	0.0087567
1.83622 	0.00899578
1.83382 	0.00918495
1.8319 	0.00925579
1.83078 	0.00919504
1.83067 	0.00906892
1.8316 	0.00899387
1.83344 	0.00906286
1.83596 	0.009291
1.83887 	0.00962063
1.8419 	0.00996584
1.84479 	0.0102544
1.84737 	0.0104489
1.84955 	0.0105483
1.85137 	0.0105758
1.85289 	0.0105581
1.85422 	0.0105154
1.85542 	0.010461
1.85658 	0.0104035
1.85773 	0.0103471
1.85886 	0.010291
1.85994 	0.0102316
1.86094 	0.0101665
1.86186 	0.010096
1.86271 	0.0100216
1.86348 	0.00994336
1.86413 	0.00985863
1.86458 	0.00976466
1.86474 	0.00966365
1.86453 	0.00956567
1.86396 	0.00948501
1.86304 	0.0094331
1.86185 	0.00941463
1.86042 	0.00942871
1.85883 	0.00947116
1.85712 	0.00953335
1.85539 	0.00959896
1.85376 	0.00964525
1.85238 	0.00965258
1.85137 	0.00961566
1.85076 	0.00954527
1.85056 	0.00945962
1.85067 	0.00937397
1.85104 	0.00929623
1.85157 	0.00922848
1.85224 	0.00917104
1.85305 	0.00912562
1.85401 	0.00909655
1.85514 	0.00908932
1.85646 	0.00910624
1.85788 	0.00914069
1.85931 	0.00917576
1.86061 	0.00919087
1.86165 	0.00917343
1.86236 	0.00912575
1.86277 	0.00906045
1.86297 	0.00898937
1.8631 	0.00891806
1.86326 	0.00884851
1.86352 	0.00878249
1.8639 	0.00872165
1.86436 	0.00866639
1.8649 	0.00861639
1.86552 	0.00857262
1.86625 	0.00853833
1.86711 	0.00851749
1.86809 	0.00851042
1.86912 	0.00851015
1.8701 	0.00850361
1.87089 	0.0084782
1.87137 	0.00843041
1.87149 	0.00837034
1.87128 	0.00831289
1.87088 	0.00826334
1.87041 	0.00821839
1.86993 	0.00817499
1.86945 	0.00813211
1.86898 	0.00808966
1.8685 	0.00804821
1.868 	0.00800898
1.86746 	0.00797309
1.86689 	0.00794013
1.86632 	0.00790735
1.86581 	0.0078715
1.86537 	0.00783176
1.86499 	0.00778989
1.86461 	0.00774825
1.86421 	0.00770835
1.8638 	0.00767005
1.8634 	0.00763117
1.8631 	0.00758886
1.86295 	0.00754249
1.86299 	0.00749534
1.86324 	0.00745271
1.86365 	0.00741808
1.86417 	0.00739035
1.86471 	0.00736489
1.86521 	0.00733762
1.86567 	0.0073077
1.8661 	0.00727641
1.86651 	0.00724445
1.86687 	0.00721055
1.86713 	0.00717285
1.86726 	0.00713185
1.86727 	0.0070903
1.86732 	0.00704934
1.86753 	0.00701171
1.86793 	0.00698344
1.86851 	0.00696722
1.86918 	0.00696006
1.86987 	0.00695553
1.87051 	0.00694606
1.87101 	0.00692559
1.87129 	0.00689305
1.8713 	0.00685508
1.87102 	0.00682316
1.87053 	0.00680387
1.86994 	0.00679264
1.86936 	0.00678068
1.86885 	0.00676377
1.8684 	0.00674251
1.868 	0.0067188
1.86762 	0.00669402
1.86726 	0.0066685
1.86694 	0.00664155
1.86669 	0.00661202
1.86654 	0.00657951
1.86654 	0.00654568
1.8667 	0.00651431
1.86704 	0.00648986
1.86753 	0.00647552
1.86814 	0.00647242
1.86887 	0.00648038
1.86968 	0.00649898
1.87056 	0.00652656
1.87147 	0.00655772
1.87234 	0.00658354
1.87311 	0.00659594
1.87371 	0.00659181
1.87414 	0.0065735
1.87439 	0.00654662
1.87452 	0.00651657
1.87461 	0.00648614
1.87474 	0.00645648
1.87492 	0.0064287
1.87519 	0.00640381
1.87552 	0.00638239
1.8759 	0.00636438
1.87633 	0.00634888
1.87676 	0.0063342
1.87716 	0.00631822
1.87752 	0.0062992
1.87779 	0.00627635
1.87795 	0.00625013
1.878 	0.00622212
1.87794 	0.0061945
1.87777 	0.00616908
1.87751 	0.006147
1.87717 	0.00612927
1.87675 	0.00611648
1.87628 	0.00610772
1.8758 	0.00609993
1.87536 	0.00608925
1.87501 	0.0060732
1.87476 	0.00605192
1.87464 	0.00602727
1.87462 	0.00600149
1.87471 	0.00597655
1.87489 	0.00595415
1.87516 	0.00593504
1.87547 	0.00591821
1.87578 	0.00590129
1.87604 	0.00588231
1.87622 	0.00586091
1.87635 	0.00583801
1.87644 	0.00581462
1.87652 	0.00579134
1.87662 	0.00576847
1.87673 	0.00574608
1.87685 	0.00572392
1.87695 	0.00570176
1.87705 	0.00567968
1.87717 	0.00565806
1.87731 	0.00563739
1.87749 	0.00561779
1.87767 	0.00559836
1.87779 	0.0055777
1.87782 	0.00555583
1.87771 	0.00553519
1.87748 	0.00551843
1.87718 	0.00550505
1.87688 	0.00549198
1.87661 	0.00547715
1.87639 	0.00546068
1.87619 	0.00544359
1.87598 	0.00542671
1.87577 	0.00541016
1.87558 	0.00539319
1.87543 	0.00537488
1.87536 	0.00535522
1.87537 	0.00533521
1.87546 	0.00531605
1.8756 	0.00529822
1.87577 	0.00528139
1.87594 	0.00526481
1.8761 	0.00524774
1.87621 	0.00522971
1.87625 	0.0052108
1.87618 	0.00519226
1.87599 	0.00517702
1.87565 	0.00516959
1.87515 	0.00517504
1.8745 	0.00519729
1.87372 	0.00523723
1.87284 	0.00529223
1.8719 	0.00535731
1.87093 	0.00542673
1.86995 	0.0054951
1.86899 	0.0055583
1.86808 	0.00561438
1.8672 	0.00566345
1.86636 	0.00570651
1.86554 	0.00574443
1.86476 	0.0057776
1.86401 	0.0058063
1.86329 	0.00583101
1.86261 	0.0058519
1.86196 	0.00586749
1.8614 	0.00587447
1.86097 	0.00587036
1.86071 	0.00585648
1.86062 	0.00583758
1.86067 	0.00581829
1.8608 	0.00580046
1.86095 	0.00578312
1.86104 	0.00576478
1.86105 	0.00574579
1.86097 	0.00572744
1.86086 	0.00570966
1.86079 	0.00569157
1.86076 	0.00567314
1.86077 	0.00565475
1.86079 	0.00563652
1.86079 	0.00561837
1.86077 	0.00560037
1.86072 	0.00558268
1.86064 	0.00556542
1.86054 	0.00554878
1.8604 	0.00553299
1.86022 	0.00551835
1.86001 	0.00550491
1.85978 	0.00549233
1.85955 	0.00547996
1.85933 	0.00546736
1.85912 	0.00545459
1.85889 	0.00544222
1.85864 	0.00543127
1.85834 	0.00542299
1.85797 	0.00541857
1.85755 	0.00541848
1.85709 	0.00542207
1.8566 	0.00542743
1.85612 	0.00543179
1.8557 	0.005432
1.85537 	0.0054258
1.85516 	0.00541342
1.85509 	0.00539764
1.85514 	0.00538178
1.8553 	0.00536788
1.85552 	0.00535656
1.85579 	0.00534771
1.8561 	0.00534104
1.85644 	0.00533617
1.8568 	0.00533252
1.85717 	0.00532935
1.85753 	0.00532595
1.85787 	0.00532183
1.85821 	0.00531671
1.85852 	0.00531049
1.85881 	0.00530312
1.85908 	0.00529463
1.85932 	0.00528508
1.85954 	0.00527456
1.85974 	0.00526317
1.85991 	0.00525111
1.86007 	0.00523866
1.86022 	0.00522607
1.86037 	0.00521349
1.86052 	0.00520085
1.86065 	0.00518795
1.86077 	0.00517479
1.86089 	0.00516172
1.86103 	0.00514944
1.86123 	0.00513897
1.86149 	0.00513139
1.86182 	0.00512756
1.8622 	0.00512796
1.86264 	0.00513268
1.86313 	0.00514149
1.86365 	0.00515388
1.8642 	0.00516889
1.86475 	0.00518482
1.86529 	0.00519915
1.86579 	0.00520893
1.86621 	0.00521193
1.86653 	0.0052077
1.86674 	0.00519778
1.86683 	0.00518476
1.86684 	0.00517096
1.86679 	0.00515746
1.86672 	0.00514429
1.86664 	0.00513119
1.86658 	0.00511803
1.86653 	0.00510485
1.86648 	0.0050917
1.86643 	0.00507862
1.86638 	0.00506563
1.86633 	0.00505274
1.86627 	0.00503997
1.86621 	0.00502736
1.86613 	0.005015
1.86603 	0.00500309
1.8659 	0.00499192
1.86574 	0.00498171
1.86556 	0.00497225
1.86538 	0.00496292
1.8652 	0.00495326
1.86505 	0.00494327
1.86489 	0.00493325
1.86473 	0.00492334
1.86458 	0.00491319
1.86447 	0.00490215
1.86442 	0.00489015
1.86444 	0.00487798
1.86452 	0.00486649
1.86464 	0.00485604
1.86479 	0.00484638
1.86495 	0.00483693
1.86509 	0.00482713
1.86522 	0.00481676
1.86531 	0.00480593
1.8654 	0.00479487
1.86547 	0.00478368
1.86552 	0.0047723
1.86553 	0.00476072
1.86548 	0.00474946
1.86535 	0.00473979
1.86513 	0.00473324
1.86484 	0.00473075
1.86449 	0.00473219
1.86411 	0.00473654
1.8637 	0.00474246
1.86329 	0.0047488
1.86289 	0.00475479
1.86249 	0.00475998
1.86211 	0.00476409
1.86175 	0.00476663
1.86142 	0.00476684
1.86114 	0.00476401
1.86091 	0.00475816
1.86074 	0.00475012
1.8606 	0.00474101
1.86047 	0.00473185
1.8603 	0.00472383
1.86006 	0.00471898
1.85973 	0.00472012
1.8593 	0.00472858
1.85882 	0.00474144
1.85836 	0.00475349
1.85794 	0.0047612
1.85758 	0.00476368
1.85729 	0.00476202
1.85703 	0.00475789
1.8568 	0.00475255
1.85659 	0.00474659
1.85639 	0.00474028
1.85619 	0.00473383
1.85598 	0.00472758
1.85577 	0.00472188
1.85554 	0.00471694
1.8553 	0.00471252
1.85506 	0.00470774
1.85486 	0.00470154
1.85471 	0.00469356
1.85461 	0.00468431
1.85453 	0.00467458
1.85445 	0.00466494
1.85435 	0.00465587
1.85422 	0.00464744
1.8541 	0.00463889
1.85402 	0.00462944
1.85401 	0.00461935
1.85408 	0.0046098
1.85421 	0.00460181
1.8544 	0.00459562
1.85461 	0.0045907
1.85483 	0.00458609
1.85504 	0.00458092
1.85522 	0.00457468
1.85537 	0.00456733
1.85549 	0.00455911
1.85558 	0.00455032
1.85565 	0.00454112
1.85569 	0.00453162
1.85569 	0.00452201
1.85563 	0.00451274
1.85552 	0.00450459
1.85535 	0.00449832
1.85514 	0.00449403
1.8549 	0.00449076
1.85468 	0.00448699
1.85448 	0.00448172
1.85433 	0.00447496
1.85421 	0.00446736
1.85409 	0.00445969
1.85395 	0.00445272
1.85377 	0.00444721
1.85355 	0.00444343
1.85331 	0.00444074
1.85307 	0.00443771
1.85288 	0.00443299
1.85274 	0.00442617
1.85265 	0.00441787
1.85262 	0.00440898
1.85262 	0.00440001
1.85261 	0.00439108
1.85259 	0.00438222
1.85256 	0.0043735
1.85252 	0.00436487
1.85248 	0.00435623
1.85245 	0.00434755
1.85243 	0.00433889
1.8524 	0.00433029
1.85236 	0.00432184
1.8523 	0.00431364
1.85222 	0.00430581
1.85212 	0.00429846
1.85201 	0.00429144
1.85191 	0.00428411
1.85185 	0.00427602
1.85185 	0.0042676
1.8519 	0.00425949
1.85197 	0.00425175
1.85205 	0.00424407
1.85212 	0.00423633
1.85219 	0.00422866
1.85228 	0.00422133
1.85239 	0.00421469
1.85253 	0.00420898
1.8527 	0.00420409
1.85287 	0.00419946
1.85303 	0.00419434
1.85316 	0.0041882
1.85324 	0.00418107
1.8533 	0.00417337
1.85333 	0.00416549
1.85336 	0.00415766
1.85341 	0.0041501
1.8535 	0.00414317
1.85362 	0.00413698
1.85375 	0.00413105
1.85386 	0.00412465
1.85392 	0.00411741
1.85393 	0.00410967
1.85389 	0.00410216
1.8538 	0.00409538
1.85369 	0.00408931
1.85356 	0.00408367
1.85343 	0.0040781
1.85331 	0.00407222
1.85322 	0.00406576
1.85316 	0.0040587
1.85312 	0.00405131
1.8531 	0.00404388
1.85306 	0.00403657
1.85298 	0.00402994
1.85284 	0.00402508
1.85263 	0.00402298
1.85238 	0.00402337
1.85213 	0.0040242
1.85191 	0.00402291
1.85175 	0.00401849
1.85168 	0.00401187
1.85168 	0.00400458
1.85175 	0.00399801
1.8519 	0.00399329
1.8521 	0.00399105
1.85234 	0.00399106
1.85259 	0.00399217
1.85284 	0.00399282
1.85306 	0.00399168
1.85323 	0.00398809
1.85333 	0.00398228
1.85336 	0.00397528
1.85332 	0.00396846
1.85321 	0.00396283
1.85306 	0.00395849
1.8529 	0.00395465
1.85276 	0.00395029
1.85265 	0.0039448
1.85259 	0.00393836
1.85257 	0.00393151
1.85256 	0.0039246
1.85256 	0.00391773
1.85254 	0.00391092
1.8525 	0.00390428
1.85246 	0.00389767
1.85245 	0.00389091
1.85248 	0.00388427
1.85256 	0.00387836
1.85268 	0.00387346
1.85282 	0.00386927
1.85296 	0.00386516
1.85308 	0.00386053
1.85318 	0.00385512
1.85325 	0.00384908
1.85329 	0.00384274
1.85333 	0.00383632
1.85336 	0.00382992
1.8534 	0.00382357
1.85344 	0.00381727
1.85347 	0.00381095
1.8535 	0.00380457
1.85351 	0.00379813
1.85349 	0.00379173
1.85346 	0.00378543
1.85343 	0.00377918
1.85342 	0.00377286
1.85343 	0.00376656
1.85349 	0.00376076
1.85361 	0.00375615
1.85376 	0.00375307
1.85394 	0.00375084
1.85409 	0.00374778
1.85418 	0.00374267
1.85418 	0.00373646
1.85409 	0.00373131
1.85396 	0.00372748
1.85384 	0.00372333
1.85376 	0.003718
1.85374 	0.00371194
1.85377 	0.00370595
1.85383 	0.00370043
1.85392 	0.00369543
1.85402 	0.00369083
1.85413 	0.00368642
1.85424 	0.00368191
1.85433 	0.00367709
1.85441 	0.00367193
1.85447 	0.00366653
1.85452 	0.00366095
1.85456 	0.00365522
1.85458 	0.00364937
1.85458 	0.00364349
1.85456 	0.00363767
1.85453 	0.00363196
1.85449 	0.00362634
1.85445 	0.0036208
1.8544 	0.00361536
1.85434 	0.00361004
1.85428 	0.00360487
1.85421 	0.00359983
1.85413 	0.00359487
1.85405 	0.00359001
1.85397 	0.00358532
1.85387 	0.00358092
1.85377 	0.00357681
1.85366 	0.00357279
1.85357 	0.00356845
1.8535 	0.00356353
1.85346 	0.00355813
1.85345 	0.00355257
1.85346 	0.00354702
1.85346 	0.00354148
1.85343 	0.00353604
1.85337 	0.00353108
1.85327 	0.00352716
1.85313 	0.00352449
1.85297 	0.00352266
1.8528 	0.00352102
1.85265 	0.003519
1.85251 	0.00351638
1.85238 	0.00351319
1.85227 	0.00350952
1.85218 	0.00350546
1.85209 	0.00350107
1.85202 	0.0034964
1.85197 	0.00349151
1.85192 	0.00348646
1.85189 	0.00348129
1.85187 	0.00347608
1.85184 	0.00347092
1.85179 	0.00346599
1.85171 	0.00346181
1.85157 	0.0034593
1.85137 	0.00345948
1.85113 	0.00346275
1.85086 	0.00346838
1.85058 	0.00347464
1.85031 	0.00347968
1.85008 	0.00348231
1.84989 	0.00348215
1.84976 	0.00347947
1.84968 	0.0034751
1.84966 	0.00347002
1.84966 	0.00346487
1.84969 	0.00345982
1.84972 	0.00345478
1.84973 	0.00344969
1.84972 	0.0034446
1.84969 	0.00343965
1.84964 	0.00343493
1.84958 	0.00343036
1.84952 	0.00342583
1.84946 	0.00342145
1.84937 	0.00341743
1.84928 	0.00341367
1.8492 	0.00340957
1.84916 	0.00340494
1.84913 	0.00340011
1.8491 	0.0033953
1.84905 	0.00339063
1.849 	0.00338623
1.84892 	0.00338218
1.84883 	0.00337853
1.84872 	0.00337531
1.84861 	0.00337246
1.84848 	0.00336991
1.84835 	0.00336758
1.84822 	0.0033654
1.84809 	0.0033631
1.84797 	0.00336023
1.84789 	0.00335634
1.84787 	0.00335162
1.84792 	0.00334713
1.84802 	0.00334396
1.84816 	0.00334218
1.84831 	0.00334089
1.84845 	0.00333907
1.84856 	0.00333621
1.84864 	0.00333249
1.8487 	0.00332833
1.84876 	0.00332407
1.84882 	0.00331999
1.8489 	0.00331638
1.84902 	0.0033136
1.84915 	0.00331185
1.84931 	0.00331103
1.84948 	0.00331069
1.84965 	0.00331015
1.84979 	0.00330876
1.84991 	0.00330614
1.84998 	0.00330243
1.85002 	0.00329809
1.85004 	0.00329354
1.85004 	0.00328898
1.85005 	0.00328446
1.85009 	0.0032802
1.85018 	0.00327689
1.85032 	0.00327516
1.85048 	0.00327488
1.85066 	0.0032751
1.85082 	0.00327468
1.85096 	0.00327297
1.85106 	0.00327002
1.85113 	0.00326632
1.85118 	0.00326232
1.85123 	0.00325832
1.8513 	0.00325456
1.85139 	0.00325132
1.8515 	0.00324887
1.85164 	0.00324737
1.85179 	0.00324671
1.85196 	0.00324653
1.85212 	0.0032463
1.85227 	0.00324551
1.85241 	0.00324397
1.85253 	0.00324174
1.85263 	0.00323896
1.85271 	0.00323576
1.85278 	0.00323215
1.85283 	0.00322818
1.85285 	0.00322393
1.85284 	0.00321965
1.8528 	0.00321563
1.85273 	0.00321221
1.85262 	0.00320978
1.85247 	0.00320874
1.8523 	0.0032094
1.85209 	0.00321193
1.85186 	0.00321612
1.85161 	0.00322134
1.85136 	0.00322674
1.85112 	0.00323164
1.85088 	0.00323582
1.85066 	0.00323938
1.85044 	0.00324253
1.85023 	0.00324519
1.85003 	0.00324669
1.84988 	0.00324608
1.84979 	0.00324327
1.84975 	0.00323922
1.84977 	0.00323507
1.84983 	0.00323136
1.8499 	0.00322812
1.84999 	0.00322504
1.85006 	0.00322172
1.85011 	0.00321792
1.85012 	0.00321379
1.85009 	0.00320984
1.85001 	0.00320655
1.84992 	0.00320377
1.84983 	0.00320085
1.84977 	0.00319735
1.84974 	0.00319337
1.84975 	0.0031893
1.84979 	0.00318545
1.84985 	0.003182
1.84993 	0.00317903
1.85003 	0.00317648
1.85014 	0.0031742
1.85024 	0.00317198
1.85035 	0.00316967
1.85045 	0.00316721
1.85054 	0.00316453
1.85062 	0.00316158
1.85069 	0.00315831
1.85074 	0.00315473
1.85077 	0.00315095
1.8508 	0.00314712
1.85083 	0.00314333
1.85088 	0.00313973
1.85094 	0.00313656
1.85104 	0.00313409
1.85116 	0.00313245
1.85129 	0.00313149
1.85144 	0.00313076
1.85157 	0.0031297
1.85168 	0.00312789
1.85177 	0.00312518
1.85182 	0.00312175
1.85184 	0.00311795
1.85184 	0.0031141
1.85182 	0.00311032
1.8518 	0.00310656
1.85178 	0.00310277
1.85177 	0.00309897
1.85176 	0.00309517
1.85175 	0.00309139
1.85174 	0.00308765
1.85172 	0.00308394
1.8517 	0.00308022
1.8517 	0.00307646
1.8517 	0.00307272
1.85173 	0.00306906
1.85176 	0.0030655
1.8518 	0.00306209
1.85186 	0.00305888
1.85193 	0.00305596
1.85201 	0.00305327
1.85208 	0.00305053
1.85213 	0.0030473
1.85214 	0.00304364
1.8521 	0.0030403
1.85201 	0.00303805
1.85187 	0.00303721
1.85171 	0.0030378
1.85154 	0.00303943
1.85136 	0.00304114
1.85119 	0.00304189
1.85106 	0.00304114
1.85096 	0.003039
1.8509 	0.00303597
1.85087 	0.00303252
1.85086 	0.00302895
1.85085 	0.00302536
1.85085 	0.00302177
1.85086 	0.0030182
1.85087 	0.00301465
1.85088 	0.00301113
1.8509 	0.00300761
1.8509 	0.00300406
1.85089 	0.00300056
1.85085 	0.00299728
1.85078 	0.00299448
1.85069 	0.00299236
1.85058 	0.00299097
1.85045 	0.00299023
1.85031 	0.00299004
1.85016 	0.00299024
1.85001 	0.00299047
1.84987 	0.00299026
1.84975 	0.00298928
1.84965 	0.00298755
1.84956 	0.00298534
1.84948 	0.00298301
1.84939 	0.00298096
1.84928 	0.00297957
1.84914 	0.00297909
1.84899 	0.00297942
1.84883 	0.00298029
1.84867 	0.00298155
1.84849 	0.00298307
1.84832 	0.00298452
1.84816 	0.00298539
1.84802 	0.00298529
1.84791 	0.00298412
1.84782 	0.00298198
1.84776 	0.00297914
1.84773 	0.00297591
1.84772 	0.00297256
1.84771 	0.00296918
1.8477 	0.00296583
1.84768 	0.00296252
1.84765 	0.00295928
1.84762 	0.00295606
1.84761 	0.00295276
1.84762 	0.00294944
1.84766 	0.00294645
1.84774 	0.00294418
1.84784 	0.00294266
1.84796 	0.00294156
1.84807 	0.00294035
1.84816 	0.00293864
1.84824 	0.0029362
1.84827 	0.00293314
1.84827 	0.00292986
1.84824 	0.0029268
1.84818 	0.00292409
1.84812 	0.00292143
1.84807 	0.00291852
1.84805 	0.00291535
1.84806 	0.00291211
1.84807 	0.00290892
1.84809 	0.00290575
1.8481 	0.00290254
1.84808 	0.00289936
1.84804 	0.00289639
1.84799 	0.00289364
1.84794 	0.00289092
1.8479 	0.00288801
1.84789 	0.00288487
1.8479 	0.00288173
1.84794 	0.00287884
1.84799 	0.00287622
1.84806 	0.00287373
1.84812 	0.00287119
1.84817 	0.00286853
1.84821 	0.00286573
1.84824 	0.00286278
1.84826 	0.00285972
1.84827 	0.00285661
1.84826 	0.00285351
1.84825 	0.00285044
1.84824 	0.00284737
1.84823 	0.00284428
1.84824 	0.00284121
1.84826 	0.00283819
1.84827 	0.00283517
1.84828 	0.00283213
1.84828 	0.00282907
1.84828 	0.00282603
1.84828 	0.00282299
1.8483 	0.00282
1.84834 	0.00281724
1.8484 	0.00281496
1.84849 	0.00281333
1.8486 	0.00281235
1.84871 	0.00281182
1.84883 	0.00281137
1.84895 	0.00281063
1.84904 	0.00280927
1.84912 	0.00280721
1.84916 	0.00280463
1.84919 	0.00280179
1.84921 	0.00279887
1.84922 	0.00279594
1.84924 	0.00279303
1.84926 	0.00279016
1.84928 	0.0027873
1.8493 	0.00278441
1.84931 	0.00278149
1.8493 	0.00277857
1.84927 	0.00277582
1.84921 	0.00277353
1.84912 	0.00277209
1.849 	0.00277169
1.84887 	0.00277203
1.84873 	0.00277233
1.84862 	0.00277188
1.84853 	0.00277048
1.84846 	0.00276833
1.84842 	0.00276572
1.8484 	0.00276296
1.84837 	0.00276024
1.84832 	0.00275783
1.84823 	0.00275623
1.84811 	0.00275599
1.84796 	0.00275725
1.8478 	0.00275948
1.84763 	0.00276168
1.84748 	0.00276282
1.84736 	0.00276247
1.84728 	0.00276083
1.84723 	0.00275843
1.84721 	0.00275573
1.84719 	0.00275293
1.84718 	0.00275012
1.84717 	0.00274732
1.84716 	0.00274455
1.84713 	0.00274186
1.8471 	0.00273927
1.84706 	0.0027368
1.84701 	0.0027344
1.84696 	0.002732
1.84692 	0.00272959
1.84687 	0.00272721
1.84682 	0.00272496
1.84676 	0.00272289
1.84669 	0.00272098
1.84662 	0.00271911
1.84655 	0.00271714
1.8465 	0.002715
1.84645 	0.00271264
1.84642 	0.00271003
1.84642 	0.0027073
1.84645 	0.00270467
1.84649 	0.00270226
1.84654 	0.00270002
1.84659 	0.00269791
1.84666 	0.00269593
1.84672 	0.00269411
1.84679 	0.00269232
