-1.66676 	0
-1.66613 	0.000638113
-1.66618 	0.000371758
-1.66613 	0.000267786
-1.66586 	0.00033921
-1.66563 	0.000357685
-1.66552 	0.000322919
-1.66563 	0.000300116
-1.66602 	0.000475479
-1.66659 	0.000709251
-1.66715 	0.000853485
-1.66751 	0.000856106
-1.66764 	0.000798223
-1.66764 	0.000739031
-1.66749 	0.000705208
-1.66727 	0.000694924
-1.66705 	0.000688164
-1.66688 	0.000671262
-1.66686 	0.000635179
-1.667 	0.000619045
-1.66723 	0.000632465
-1.66739 	0.000623936
-1.66749 	0.000604053
-1.66754 	0.000580103
-1.66762 	0.000562912
-1.66779 	0.000565302
-1.66798 	0.000578432
-1.6682 	0.000596726
-1.66842 	0.000617287
-1.66862 	0.000630476
-1.66878 	0.000630179
-1.66889 	0.000619822
-1.669 	0.000609768
-1.66909 	0.000598528
-1.66914 	0.000583695
-1.66915 	0.000567289
-1.6691 	0.000553898
-1.66901 	0.000546006
-1.66891 	0.000541638
-1.66881 	0.000537459
-1.66873 	0.000530532
-1.66866 	0.000521571
-1.66865 	0.000509582
-1.66865 	0.000497899
-1.66868 	0.000487547
-1.66873 	0.000479484
-1.66881 	0.000475516
-1.66889 	0.000472852
-1.669 	0.000476445
-1.66915 	0.000488032
-1.6693 	0.000501581
-1.66945 	0.000514937
-1.66959 	0.000524313
-1.66968 	0.000522741
-1.66971 	0.000513885
-1.66968 	0.000505358
-1.66963 	0.000499637
-1.66957 	0.000494484
-1.66951 	0.000489946
-1.66945 	0.000485487
-1.66941 	0.00047868
-1.66939 	0.00047139
-1.66934 	0.000466313
-1.66925 	0.000468437
-1.66912 	0.000478424
-1.66897 	0.00049427
-1.66886 	0.000499692
-1.6688 	0.000495464
-1.6688 	0.000488238
-1.66885 	0.000483372
-1.66895 	0.000487387
-1.6691 	0.000502845
-1.66926 	0.000521318
-1.66941 	0.000537683
-1.66954 	0.000545528
-1.66963 	0.000545003
-1.66968 	0.0005401
-1.66969 	0.000533386
-1.66968 	0.000526657
-1.66965 	0.000521015
-1.66961 	0.000516027
-1.66959 	0.000510167
-1.66959 	0.000503983
-1.6696 	0.000498015
-1.66963 	0.000492923
-1.66966 	0.000488379
-1.6697 	0.000483916
-1.66972 	0.000478953
-1.66972 	0.000473546
-1.66971 	0.000468301
-1.66972 	0.000463131
-1.66972 	0.000458096
-1.66973 	0.000453165
-1.66972 	0.00044832
-1.66971 	0.000443973
-1.66967 	0.000440428
-1.66964 	0.00043758
-1.66961 	0.000434064
-1.66959 	0.000429952
-1.66958 	0.000425743
-1.66958 	0.000421517
-1.66958 	0.000417364
-1.66959 	0.000413435
-1.66961 	0.000410143
-1.66966 	0.000408643
-1.66972 	0.000409369
-1.66979 	0.000411388
-1.66986 	0.000414128
-1.66994 	0.000416969
-1.67 	0.000418239
-1.67005 	0.000417435
-1.67009 	0.000416021
-1.67014 	0.000414401
-1.67018 	0.00041307
-1.67022 	0.000411858
-1.67027 	0.000410539
-1.6703 	0.000408695
-1.67033 	0.000405748
-1.67033 	0.000402424
-1.67032 	0.000399181
-1.67028 	0.000397873
-1.67024 	0.000396619
-1.67021 	0.000395003
-1.6702 	0.000391976
-1.67021 	0.000389132
-1.67024 	0.000387273
-1.67027 	0.000385357
-1.67029 	0.000382837
-1.6703 	0.000380006
-1.67031 	0.000377233
-1.67033 	0.000374543
-1.67034 	0.000371815
-1.67034 	0.000369093
-1.67034 	0.000366328
-1.67033 	0.000363882
-1.6703 	0.000362211
-1.67026 	0.000362245
-1.6702 	0.000363687
-1.67015 	0.000365664
-1.6701 	0.000365421
-1.67008 	0.000363576
-1.67007 	0.000361126
-1.67007 	0.000358595
-1.67008 	0.000356116
-1.67008 	0.000353661
-1.67008 	0.000351236
-1.67008 	0.000348845
-1.67009 	0.000346496
-1.67009 	0.000344224
-1.67011 	0.00034221
-1.67013 	0.000340491
-1.67014 	0.000338525
-1.67015 	0.000336357
-1.67014 	0.000334181
-1.67014 	0.000332092
-1.67013 	0.000329962
-1.67014 	0.000327967
-1.67017 	0.000326632
-1.6702 	0.000326602
-1.67024 	0.000327326
-1.67029 	0.000327971
-1.67032 	0.000327238
-1.67034 	0.000325862
-1.67035 	0.000324027
-1.67035 	0.000322083
-1.67036 	0.000320225
-1.67037 	0.000318397
-1.67037 	0.000316505
-1.67036 	0.000314648
-1.67035 	0.000313016
-1.67033 	0.000311997
-1.67032 	0.000310327
-1.67034 	0.000308956
-1.67037 	0.000308711
-1.67041 	0.000309268
-1.67044 	0.000309677
-1.67047 	0.000309168
-1.67048 	0.000307736
-1.67048 	0.000306013
-1.67046 	0.000304992
-1.67043 	0.000304865
-1.67039 	0.00030562
-1.67036 	0.000305977
-1.67033 	0.00030527
-1.67033 	0.000303688
-1.67033 	0.000302057
-1.67033 	0.000300458
-1.67034 	0.000298951
-1.67035 	0.000297418
-1.67035 	0.00029585
-1.67034 	0.000294325
-1.67034 	0.00029279
-1.67034 	0.000291273
-1.67035 	0.000289948
-1.67037 	0.000288914
-1.67039 	0.00028817
-1.67041 	0.000287313
-1.67042 	0.000286136
-1.67042 	0.00028472
-1.67043 	0.000283318
-1.67043 	0.000281972
-1.67043 	0.000280579
-1.67043 	0.000279229
-1.67041 	0.000278271
-1.67039 	0.000278208
-1.67035 	0.000278814
-1.67032 	0.00027966
-1.67029 	0.000279736
-1.67027 	0.000279028
-1.67027 	0.00027772
-1.67027 	0.000276402
-1.67026 	0.000275144
-1.67026 	0.000273897
-1.67025 	0.000272633
-1.67025 	0.000271418
-1.67024 	0.00027047
-1.67022 	0.000269645
-1.6702 	0.000269093
-1.67018 	0.000268804
-1.67015 	0.000268929
-1.67012 	0.000269344
-1.67009 	0.000269694
-1.67007 	0.0002695
-1.67005 	0.000268879
-1.67004 	0.00026815
-1.67002 	0.000267413
-1.67001 	0.000266534
-1.67 	0.000265534
-1.67 	0.000264372
-1.67001 	0.000263481
-1.67003 	0.000262783
-1.67004 	0.000262306
-1.67006 	0.000261932
-1.67009 	0.000261737
-1.6701 	0.00026125
-1.67012 	0.000260586
-1.67013 	0.000259683
-1.67013 	0.000258599
-1.67013 	0.000257579
-1.67011 	0.000256897
-1.67009 	0.000256696
-1.67007 	0.000256326
-1.67006 	0.000255692
-1.67005 	0.000254751
-1.67005 	0.000253734
-1.67004 	0.000252748
-1.67003 	0.000251815
-1.67003 	0.000250916
-1.67002 	0.000250012
-1.67002 	0.00024903
-1.67001 	0.000248042
-1.67001 	0.000247101
-1.67 	0.000246564
-1.66998 	0.000246318
-1.66995 	0.000246701
-1.66992 	0.000247392
-1.6699 	0.000247538
-1.66988 	0.000247017
-1.66987 	0.000246327
-1.66986 	0.00024577
-1.66984 	0.00024547
-1.66982 	0.00024528
-1.6698 	0.000245267
-1.66978 	0.000245089
-1.66977 	0.000244653
-1.66975 	0.00024402
-1.66974 	0.000243432
-1.66973 	0.000242653
-1.66973 	0.000241763
-1.66973 	0.0002409
-1.66972 	0.000240114
-1.66971 	0.000239513
-1.66969 	0.000239222
-1.66967 	0.000239217
-1.66965 	0.000239674
-1.66961 	0.000240807
-1.66958 	0.000242603
-1.66954 	0.000244424
-1.66951 	0.000246109
-1.66948 	0.00024729
-1.66945 	0.000248024
-1.66942 	0.000248485
-1.6694 	0.000248498
-1.66938 	0.000248116
-1.66938 	0.000247424
-1.66937 	0.00024667
-1.66936 	0.000245831
-1.66936 	0.000244977
-1.66937 	0.000244164
-1.66937 	0.000243361
-1.66938 	0.000242562
-1.66938 	0.000241746
-1.66938 	0.000240922
-1.66938 	0.000240104
-1.66939 	0.000239307
-1.6694 	0.000238754
-1.66942 	0.000238839
-1.66945 	0.000239633
-1.66947 	0.000240292
-1.66949 	0.000240347
-1.6695 	0.00023979
-1.6695 	0.000238995
-1.66949 	0.000238348
-1.66948 	0.000237961
-1.66947 	0.0002373
-1.66948 	0.000236553
-1.66948 	0.000235866
-1.66949 	0.000235207
-1.66949 	0.000234468
-1.66949 	0.000233715
-1.66949 	0.000233067
-1.66948 	0.000232447
-1.66947 	0.000231773
-1.66947 	0.000231099
-1.66946 	0.000230403
-1.66945 	0.000229792
-1.66945 	0.000229164
-1.66944 	0.000228483
-1.66944 	0.000227765
-1.66945 	0.000227082
-1.66945 	0.000226411
-1.66945 	0.000225727
-1.66946 	0.000225035
-1.66945 	0.000224359
-1.66944 	0.000223922
-1.66943 	0.000223586
-1.66942 	0.000223218
-1.66941 	0.000222637
-1.66941 	0.00022196
-1.66942 	0.000221393
-1.66943 	0.000221129
-1.66945 	0.000221307
-1.66947 	0.000221801
-1.6695 	0.000222252
-1.66952 	0.000222421
-1.66953 	0.000222257
-1.66954 	0.000221805
-1.66955 	0.000221258
-1.66955 	0.000220645
-1.66956 	0.000220113
-1.66956 	0.000219528
-1.66957 	0.000218901
-1.66957 	0.000218325
-1.66958 	0.000217901
-1.66959 	0.000217574
-1.6696 	0.000217242
-1.66962 	0.000216977
-1.66963 	0.000216812
-1.66965 	0.000216807
-1.66967 	0.000216969
-1.66968 	0.000216968
-1.6697 	0.000216898
-1.66971 	0.000216742
-1.66972 	0.000216513
-1.66974 	0.000216241
-1.66975 	0.00021594
-1.66975 	0.000215422
-1.66976 	0.000214913
-1.66977 	0.000214438
-1.66978 	0.000214085
-1.66979 	0.000214077
-1.66981 	0.000214434
-1.66983 	0.000214654
-1.66985 	0.000214709
-1.66986 	0.000214642
-1.66988 	0.000214349
-1.66989 	0.000214011
-1.66989 	0.000213476
-1.66989 	0.000212897
-1.66989 	0.000212326
-1.66989 	0.000211786
-1.66988 	0.000211301
-1.66987 	0.000210869
-1.66986 	0.000210432
-1.66986 	0.000209962
-1.66986 	0.000209409
-1.66986 	0.000208896
-1.66987 	0.000208405
-1.66987 	0.000207915
-1.66987 	0.000207394
-1.66988 	0.000206852
-1.66988 	0.00020631
-1.66987 	0.000205774
-1.66987 	0.000205243
-1.66987 	0.000204718
-1.66987 	0.000204228
-1.66986 	0.000203767
-1.66985 	0.000203396
-1.66984 	0.000203253
-1.66983 	0.000203068
-1.66982 	0.000202799
-1.66981 	0.000202456
-1.6698 	0.00020206
-1.6698 	0.000201676
-1.66979 	0.000201311
-1.66978 	0.000200922
-1.66977 	0.000200608
-1.66977 	0.000200234
-1.66976 	0.000199766
-1.66976 	0.00019928
-1.66976 	0.000198793
-1.66976 	0.00019832
-1.66975 	0.000197838
-1.66975 	0.000197388
-1.66974 	0.000197008
-1.66973 	0.00019675
-1.66972 	0.000196543
-1.66971 	0.000196328
-1.6697 	0.000196028
-1.66969 	0.000195833
-1.66968 	0.000195866
-1.66966 	0.000196079
-1.66964 	0.000196896
-1.66962 	0.000198013
-1.66959 	0.000199127
-1.66957 	0.00019965
-1.66955 	0.000200031
-1.66953 	0.000200285
-1.66952 	0.000200293
-1.66951 	0.000200207
-1.6695 	0.000200123
-1.66948 	0.000200015
-1.66947 	0.000199843
-1.66946 	0.000199536
-1.66946 	0.000199166
-1.66946 	0.000198714
-1.66945 	0.000198259
-1.66945 	0.000197828
-1.66944 	0.00019759
-1.66942 	0.000197839
-1.6694 	0.00019857
-1.66938 	0.00019945
-1.66936 	0.000200357
-1.66934 	0.000200787
-1.66932 	0.000200723
-1.66932 	0.00020031
-1.66932 	0.000199855
-1.66932 	0.000199398
-1.66931 	0.000198991
-1.6693 	0.00019875
-1.66929 	0.000198611
-1.66928 	0.000198528
-1.66927 	0.000198484
-1.66926 	0.000198449
-1.66924 	0.000198434
-1.66923 	0.000198563
-1.66921 	0.000198839
-1.6692 	0.000198962
-1.66918 	0.000198832
-1.66918 	0.000198515
-1.66917 	0.000198133
-1.66917 	0.000197792
-1.66916 	0.000197619
-1.66914 	0.000197667
-1.66913 	0.000197802
-1.66912 	0.000197686
-1.66911 	0.000197343
-1.66911 	0.000196914
-1.66912 	0.000196565
-1.66912 	0.000196149
-1.66912 	0.000195727
-1.66911 	0.000195321
-1.66911 	0.000195009
-1.6691 	0.000194871
-1.66908 	0.000194946
-1.66907 	0.000195194
-1.66905 	0.000195439
-1.66904 	0.000195617
-1.66902 	0.000195834
-1.669 	0.00019607
-1.66898 	0.000196542
-1.66897 	0.000197123
-1.66895 	0.000197724
-1.66892 	0.000198392
-1.6689 	0.000198913
-1.66889 	0.000199063
-1.66888 	0.000198824
-1.66888 	0.000198427
-1.66888 	0.000198012
-1.66888 	0.000197607
-1.66888 	0.000197197
-1.66888 	0.000196802
-1.66887 	0.00019651
-1.66886 	0.000196219
-1.66886 	0.000195851
-1.66886 	0.000195447
-1.66887 	0.0001951
-1.66887 	0.000194851
-1.66888 	0.000194735
-1.66889 	0.000194551
-1.6689 	0.000194247
-1.6689 	0.000193852
-1.66889 	0.000193535
-1.66889 	0.000193216
-1.66888 	0.000192851
-1.66888 	0.000192467
-1.66889 	0.000192096
-1.66889 	0.000191724
-1.66889 	0.000191339
-1.66889 	0.000190958
-1.66889 	0.000190577
-1.66889 	0.000190198
-1.66889 	0.000189825
-1.66888 	0.000189448
-1.66888 	0.000189073
-1.66889 	0.000188707
-1.66889 	0.000188415
-1.6689 	0.000188144
-1.6689 	0.000187831
-1.66891 	0.000187475
-1.6689 	0.000187108
-1.6689 	0.000186743
-1.6689 	0.000186379
-1.66891 	0.000186043
-1.66891 	0.000185748
-1.66892 	0.000185441
-1.66892 	0.000185118
-1.66892 	0.00018476
-1.66892 	0.000184435
-1.66891 	0.000184138
-1.66891 	0.000183826
-1.66891 	0.000183484
-1.66891 	0.000183137
-1.66891 	0.00018281
-1.66891 	0.000182467
-1.66891 	0.00018212
-1.66891 	0.000181797
-1.6689 	0.000181524
-1.6689 	0.000181399
-1.66888 	0.000181484
-1.66887 	0.000181698
-1.66886 	0.000181707
-1.66885 	0.000181598
-1.66884 	0.000181385
-1.66884 	0.000181079
-1.66884 	0.000180744
-1.66884 	0.000180427
-1.66884 	0.000180142
-1.66885 	0.000179858
-1.66885 	0.000179578
-1.66885 	0.000179247
-1.66885 	0.00017897
-1.66884 	0.000178776
-1.66883 	0.000178629
-1.66883 	0.000178472
-1.66882 	0.000178216
-1.66882 	0.000177893
-1.66883 	0.000177764
-1.66884 	0.00017796
-1.66886 	0.000178266
-1.66887 	0.000178388
-1.66888 	0.000178362
-1.66889 	0.000178314
-1.6689 	0.000178084
-1.6689 	0.000177768
-1.6689 	0.00017747
-1.66889 	0.000177245
-1.66888 	0.000177038
-1.66887 	0.000177038
-1.66886 	0.000177187
-1.66885 	0.000177374
-1.66883 	0.000177562
-1.66882 	0.000177528
-1.66882 	0.000177336
-1.66882 	0.000177022
-1.66882 	0.00017679
-1.66883 	0.000176685
-1.66884 	0.000176601
-1.66885 	0.000176458
-1.66885 	0.000176262
-1.66886 	0.000176019
-1.66886 	0.000175754
-1.66887 	0.000175507
-1.66887 	0.000175385
-1.66889 	0.000175409
-1.6689 	0.000175484
-1.66891 	0.000175577
-1.66892 	0.000175608
-1.66893 	0.000175474
-1.66893 	0.000175234
-1.66893 	0.000174953
-1.66894 	0.000174664
-1.66894 	0.000174396
-1.66895 	0.000174185
-1.66895 	0.000174005
-1.66896 	0.00017379
-1.66896 	0.000173613
-1.66897 	0.000173387
-1.66897 	0.000173107
-1.66897 	0.000172819
-1.66897 	0.000172544
-1.66897 	0.000172256
-1.66897 	0.000171966
-1.66897 	0.000171705
-1.66897 	0.000171527
-1.66898 	0.000171481
-1.66899 	0.00017146
-1.669 	0.000171396
-1.66901 	0.000171309
-1.66901 	0.000171071
-1.66901 	0.000170827
-1.669 	0.000170924
-1.66899 	0.000171222
-1.66898 	0.000171211
-1.66898 	0.000170929
-1.66898 	0.000170715
-1.66899 	0.000170636
-1.669 	0.000170534
-1.669 	0.000170376
-1.66901 	0.000170172
-1.66901 	0.000169908
-1.66901 	0.000169635
-1.66901 	0.00016936
-1.66901 	0.000169089
-1.66901 	0.000168824
-1.66901 	0.000168565
-1.66901 	0.000168294
-1.669 	0.000168024
-1.669 	0.000167765
-1.669 	0.000167525
-1.669 	0.000167285
-1.66899 	0.000167049
-1.66899 	0.000166786
-1.66899 	0.000166532
-1.66899 	0.00016628
-1.66899 	0.000166027
-1.66898 	0.000165762
-1.66899 	0.000165499
-1.66899 	0.000165244
-1.66899 	0.000164985
-1.66899 	0.000164729
-1.66899 	0.000164473
-1.66899 	0.000164217
-1.66899 	0.00016396
-1.669 	0.000163734
-1.669 	0.00016357
-1.66901 	0.000163492
-1.66902 	0.000163448
-1.66902 	0.000163351
-1.66903 	0.000163174
-1.66903 	0.000162962
-1.66903 	0.000162708
-1.66903 	0.000162498
-1.66903 	0.000162298
-1.66902 	0.000162056
-1.66902 	0.000161806
-1.66903 	0.000161607
-1.66903 	0.000161437
-1.66904 	0.000161247
-1.66904 	0.000161031
-1.66904 	0.000160792
-1.66904 	0.000160545
-1.66904 	0.000160304
-1.66904 	0.000160069
-1.66904 	0.000159825
-1.66904 	0.000159584
-1.66904 	0.000159342
-1.66904 	0.0001591
-1.66904 	0.000158872
-1.66903 	0.000158688
-1.66902 	0.000158574
-1.66902 	0.000158455
-1.66901 	0.000158326
-1.66901 	0.000158128
-1.66901 	0.000157896
-1.66902 	0.000157736
-1.66902 	0.000157711
-1.66903 	0.000157845
-1.66905 	0.000158091
-1.66906 	0.000158476
-1.66907 	0.000158831
-1.66909 	0.00015901
-1.66909 	0.000158905
-1.6691 	0.000158695
-1.66909 	0.000158459
-1.66909 	0.00015824
-1.66909 	0.000158053
-1.66908 	0.000157899
-1.66908 	0.000157707
-1.66908 	0.000157493
-1.66908 	0.000157279
-1.66907 	0.000157086
-1.66907 	0.000156949
-1.66907 	0.000156728
-1.66907 	0.000156517
-1.66907 	0.000156325
-1.66907 	0.000156099
-1.66907 	0.000155873
-1.66907 	0.000155655
-1.66907 	0.000155437
-1.66907 	0.000155225
-1.66906 	0.000155007
-1.66906 	0.000154794
-1.66906 	0.000154578
-1.66906 	0.000154357
-1.66906 	0.000154141
-1.66906 	0.00015392
-1.66906 	0.000153708
-1.66907 	0.000153572
-1.66907 	0.000153588
-1.66908 	0.000153681
-1.66909 	0.000153808
-1.6691 	0.000153751
-1.6691 	0.000153571
-1.6691 	0.000153358
-1.6691 	0.000153177
-1.6691 	0.000153024
-1.66909 	0.000152837
-1.66909 	0.000152622
-1.66909 	0.000152421
-1.6691 	0.00015225
-1.6691 	0.000152085
-1.66911 	0.000151913
-1.66911 	0.000151723
-1.66911 	0.000151519
-1.66911 	0.00015131
-1.66911 	0.000151115
-1.6691 	0.000150985
-1.6691 	0.000150922
-1.66909 	0.000150885
-1.66908 	0.000150777
-1.66908 	0.00015059
-1.66908 	0.000150383
-1.66908 	0.000150233
-1.66909 	0.000150173
-1.6691 	0.000150217
-1.66911 	0.000150223
-1.66911 	0.000150127
-1.66912 	0.000149962
-1.66912 	0.000149757
-1.66912 	0.000149553
-1.66912 	0.000149351
-1.66912 	0.000149148
-1.66912 	0.000148955
-1.66912 	0.000148792
-1.66913 	0.000148672
-1.66913 	0.000148516
-1.66913 	0.000148341
-1.66913 	0.000148146
-1.66913 	0.000147946
-1.66913 	0.000147765
-1.66913 	0.000147635
-1.66912 	0.000147589
-1.66911 	0.000147613
-1.66911 	0.000147638
-1.6691 	0.000147654
-1.66909 	0.000147692
-1.66908 	0.000147801
-1.66907 	0.000147971
-1.66906 	0.000148115
-1.66905 	0.000148323
-1.66904 	0.000148506
-1.66903 	0.000148634
-1.66902 	0.00014876
-1.66901 	0.000148865
-1.669 	0.000148912
-1.66899 	0.00014896
-1.66898 	0.000148926
-1.66898 	0.000148801
-1.66898 	0.000148627
-1.66897 	0.00014845
-1.66897 	0.000148284
-1.66897 	0.000148145
-1.66896 	0.00014802
-1.66896 	0.000147892
-1.66896 	0.000147712
-1.66896 	0.000147521
-1.66896 	0.000147341
-1.66896 	0.000147155
-1.66896 	0.000146966
-1.66896 	0.000146796
-1.66895 	0.000146672
-1.66895 	0.000146605
-1.66894 	0.000146569
-1.66893 	0.00014657
-1.66892 	0.000146622
-1.66892 	0.000146697
-1.66891 	0.000146688
-1.66891 	0.00014654
-1.66891 	0.000146356
-1.66891 	0.000146203
-1.66891 	0.000146035
-1.66891 	0.00014587
-1.66892 	0.000145712
-1.66892 	0.000145561
-1.66892 	0.000145397
-1.66892 	0.000145216
-1.66892 	0.000145032
-1.66892 	0.000144851
-1.66892 	0.000144672
-1.66892 	0.000144503
-1.66892 	0.000144323
-1.66892 	0.000144145
-1.66891 	0.000143997
-1.66891 	0.000143849
-1.66891 	0.000143697
-1.66891 	0.000143525
-1.66891 	0.000143346
-1.66891 	0.000143186
-1.66891 	0.000143044
-1.66892 	0.000142888
-1.66892 	0.000142727
-1.66892 	0.000142552
-1.66892 	0.000142374
-1.66892 	0.000142223
-1.66891 	0.000142187
-1.6689 	0.000142206
-1.6689 	0.000142213
-1.66889 	0.000142285
-1.66888 	0.000142297
-1.66887 	0.000142315
-1.66887 	0.000142217
-1.66886 	0.000142065
-1.66886 	0.000141901
-1.66886 	0.000141749
-1.66886 	0.000141631
-1.66885 	0.000141487
-1.66885 	0.000141314
-1.66886 	0.000141167
-1.66886 	0.000141033
-1.66886 	0.0001409
-1.66887 	0.000140753
-1.66887 	0.000140621
-1.66887 	0.0001405
-1.66888 	0.00014038
-1.66888 	0.000140249
-1.66888 	0.000140094
-1.66888 	0.000139924
-1.66888 	0.000139778
-1.66887 	0.000139712
-1.66887 	0.000139656
-1.66886 	0.000139554
-1.66886 	0.000139407
-1.66886 	0.00013924
-1.66886 	0.00013911
-1.66887 	0.000139054
-1.66888 	0.000139062
-1.66888 	0.000139129
-1.66889 	0.000139196
-1.6689 	0.00013921
-1.66891 	0.000139149
-1.66891 	0.000139049
-1.66891 	0.000138935
-1.66892 	0.000138838
-1.66892 	0.000138766
-1.66893 	0.000138707
-1.66893 	0.000138635
-1.66894 	0.000138532
-1.66894 	0.00013842
-1.66894 	0.000138285
-1.66895 	0.000138134
-1.66895 	0.000137983
-1.66895 	0.000137848
-1.66895 	0.000137735
-1.66896 	0.00013762
-1.66896 	0.000137505
-1.66896 	0.000137397
-1.66897 	0.000137331
-1.66898 	0.000137327
-1.66898 	0.000137339
-1.66899 	0.000137355
-1.669 	0.000137344
-1.669 	0.000137257
-1.669 	0.000137108
-1.669 	0.00013695
-1.669 	0.000136805
-1.669 	0.000136654
-1.669 	0.000136507
-1.669 	0.000136363
-1.66899 	0.000136229
-1.66899 	0.000136087
-1.66899 	0.000135942
-1.66899 	0.000135786
-1.66899 	0.000135638
-1.66899 	0.000135501
-1.66899 	0.000135364
-1.669 	0.000135218
-1.669 	0.000135068
-1.66899 	0.000134952
-1.66899 	0.000134848
-1.66899 	0.000134736
-1.66898 	0.000134599
-1.66898 	0.000134447
-1.66898 	0.000134296
-1.66899 	0.000134193
-1.66899 	0.000134121
-1.66899 	0.000134005
-1.669 	0.000133859
-1.669 	0.000133709
-1.669 	0.000133559
-1.66899 	0.000133415
-1.66899 	0.000133328
-1.66898 	0.000133342
-1.66898 	0.000133384
-1.66897 	0.000133392
-1.66897 	0.000133296
-1.66897 	0.000133148
-1.66897 	0.000133014
-1.66897 	0.000132885
-1.66897 	0.000132741
-1.66897 	0.000132597
-1.66897 	0.000132491
-1.66896 	0.000132392
-1.66896 	0.000132309
-1.66895 	0.000132245
-1.66895 	0.00013213
-1.66895 	0.000131989
-1.66895 	0.000131847
-1.66895 	0.000131721
-1.66896 	0.000131586
-1.66896 	0.000131442
-1.66895 	0.000131304
-1.66895 	0.000131212
-1.66895 	0.000131128
-1.66894 	0.000131033
-1.66894 	0.000130927
-1.66894 	0.00013084
-1.66893 	0.000130769
-1.66893 	0.000130717
-1.66892 	0.000130657
-1.66892 	0.000130556
-1.66892 	0.000130423
-1.66892 	0.000130283
-1.66892 	0.000130143
-1.66892 	0.000130007
-1.66891 	0.000129879
-1.66891 	0.000129756
-1.66891 	0.000129633
-1.66891 	0.000129493
-1.66891 	0.000129375
-1.66892 	0.000129308
-1.66892 	0.000129246
-1.66893 	0.000129158
-1.66893 	0.000129045
-1.66893 	0.000128916
-1.66893 	0.000128792
-1.66893 	0.000128662
-1.66893 	0.000128528
-1.66893 	0.000128403
-1.66893 	0.000128289
-1.66893 	0.00012816
-1.66893 	0.000128026
-1.66893 	0.000127891
-1.66893 	0.00012776
-1.66893 	0.000127631
-1.66893 	0.000127501
-1.66893 	0.000127367
-1.66893 	0.000127237
-1.66893 	0.000127116
-1.66892 	0.000127015
-1.66892 	0.00012698
-1.66891 	0.000126974
-1.66891 	0.000126943
-1.6689 	0.000126879
-1.6689 	0.000126756
-1.6689 	0.000126624
-1.6689 	0.000126499
-1.66891 	0.000126389
-1.66891 	0.000126273
-1.66891 	0.000126142
-1.66891 	0.000126024
-1.6689 	0.000125957
-1.6689 	0.000125935
-1.66889 	0.00012595
-1.66889 	0.000125934
-1.66888 	0.000125876
-1.66888 	0.000125762
-1.66888 	0.000125633
-1.66888 	0.000125552
-1.66889 	0.00012552
-1.66889 	0.000125505
-1.6689 	0.000125477
-1.6689 	0.000125412
-1.66891 	0.00012532
-1.66891 	0.000125199
-1.66891 	0.000125078
-1.66891 	0.000124952
-1.66891 	0.000124831
-1.66891 	0.000124707
-1.66891 	0.000124594
-1.66892 	0.000124498
-1.66892 	0.000124402
-1.66892 	0.000124295
-1.66892 	0.000124185
-1.66892 	0.000124067
-1.66893 	0.000123946
-1.66893 	0.000123831
-1.66893 	0.000123726
-1.66893 	0.000123639
-1.66894 	0.000123587
-1.66894 	0.000123576
-1.66895 	0.000123576
-1.66895 	0.000123561
-1.66896 	0.000123503
-1.66896 	0.000123402
-1.66896 	0.00012328
-1.66896 	0.00012316
-1.66896 	0.00012304
-1.66896 	0.000122918
-1.66896 	0.000122796
