-4.48471 	0
-4.47289 	0.0118255
-4.46089 	0.0138062
-4.4488 	0.0155342
-4.43643 	0.0172577
-4.4235 	0.0191292
-4.40998 	0.0210741
-4.39705 	0.0223678
-4.38673 	0.0222586
-4.38067 	0.0208126
-4.37913 	0.0188881
-4.38108 	0.0173524
-4.38499 	0.0164322
-4.38936 	0.0158281
-4.39281 	0.0151335
-4.39444 	0.0142506
-4.39385 	0.0133993
-4.39128 	0.0128911
-4.38783 	0.0126742
-4.38482 	0.0123929
-4.38314 	0.0119074
-4.38265 	0.0113637
-4.38274 	0.0108588
-4.38277 	0.0103965
-4.38265 	0.00997274
-4.38272 	0.00958174
-4.38338 	0.00924322
-4.38487 	0.00903218
-4.38727 	0.00903829
-4.39052 	0.00931643
-4.39458 	0.0098852
-4.3994 	0.0107165
-4.40483 	0.0117213
-4.41053 	0.0127191
-4.41604 	0.0135236
-4.42091 	0.0140145
-4.42474 	0.0141593
-4.4273 	0.0140177
-4.42851 	0.0137064
-4.4284 	0.0133598
-4.42716 	0.0130893
-4.425 	0.0129538
-4.42227 	0.012941
-4.41925 	0.0129993
-4.41622 	0.013064
-4.41335 	0.0130944
-4.41075 	0.0130748
-4.40844 	0.0130053
-4.40658 	0.0128725
-4.40541 	0.0126666
-4.40526 	0.0124166
-4.40639 	0.0122281
-4.40881 	0.0122374
-4.41222 	0.0124835
-4.41617 	0.0128735
-4.42019 	0.0132672
-4.42396 	0.0135649
-4.42726 	0.0137308
-4.42996 	0.0137643
-4.43204 	0.0136912
-4.43359 	0.0135547
-4.43479 	0.0133881
-4.43564 	0.0132013
-4.43591 	0.0129962
-4.43526 	0.0128114
-4.43344 	0.0127469
-4.43054 	0.0128842
-4.42695 	0.0131926
-4.42313 	0.0135488
-4.41958 	0.0138181
-4.4168 	0.0139021
-4.41527 	0.0137933
-4.41526 	0.0136031
-4.41681 	0.0135077
-4.41971 	0.013637
-4.42357 	0.0140004
-4.42799 	0.0145059
-4.43254 	0.0150242
-4.43686 	0.0154508
-4.4407 	0.0157317
-4.44394 	0.0158709
-4.44664 	0.0159069
-4.44893 	0.0158796
-4.45092 	0.0158158
-4.45276 	0.0157365
-4.45454 	0.0156534
-4.4563 	0.0155718
-4.45801 	0.0154893
-4.45963 	0.0153995
-4.46112 	0.0153004
-4.4625 	0.0151941
-4.46378 	0.0150822
-4.46494 	0.0149645
-4.46592 	0.0148367
-4.46658 	0.0146943
-4.46678 	0.0145418
-4.46643 	0.0143952
-4.46554 	0.0142754
-4.46416 	0.0141984
-4.46235 	0.0141711
-4.46022 	0.0141916
-4.45782 	0.0142541
-4.45527 	0.0143442
-4.45269 	0.0144372
-4.4503 	0.0144983
-4.44829 	0.0145001
-4.44684 	0.0144373
-4.44601 	0.0143271
-4.44577 	0.0141971
-4.44601 	0.0140695
-4.44661 	0.0139548
-4.44746 	0.0138557
-4.4485 	0.0137725
-4.44975 	0.0137081
-4.45123 	0.0136689
-4.45298 	0.0136631
-4.45499 	0.0136933
-4.45715 	0.0137475
-4.4593 	0.0138008
-4.46124 	0.0138214
-4.46275 	0.0137903
-4.46378 	0.0137154
-4.46436 	0.0136156
-4.46465 	0.0135085
-4.46486 	0.0134016
-4.46513 	0.0132976
-4.46556 	0.0131993
-4.46614 	0.0131087
-4.46685 	0.0130262
-4.46767 	0.0129516
-4.46861 	0.0128865
-4.46971 	0.0128356
-4.471 	0.0128048
-4.47248 	0.0127938
-4.47401 	0.0127913
-4.47545 	0.012778
-4.47659 	0.0127356
-4.47726 	0.0126608
-4.47738 	0.0125699
-4.47703 	0.0124847
-4.47641 	0.0124114
-4.47569 	0.0123444
-4.47497 	0.0122791
-4.47426 	0.0122144
-4.47355 	0.0121504
-4.47284 	0.012088
-4.47209 	0.0120289
-4.47128 	0.0119747
-4.47042 	0.0119246
-4.46959 	0.0118743
-4.46884 	0.0118192
-4.4682 	0.0117587
-4.46762 	0.0116955
-4.46706 	0.0116331
-4.46646 	0.0115736
-4.46583 	0.0115161
-4.46525 	0.0114573
-4.46481 	0.0113929
-4.46462 	0.0113226
-4.46473 	0.0112521
-4.46514 	0.0111896
-4.46579 	0.0111392
-4.46659 	0.011099
-4.4674 	0.0110614
-4.46817 	0.0110207
-4.46886 	0.0109761
-4.46951 	0.0109296
-4.47013 	0.0108816
-4.47067 	0.0108305
-4.47105 	0.0107734
-4.47121 	0.0107115
-4.47123 	0.010649
-4.47132 	0.0105876
-4.47166 	0.0105321
-4.4723 	0.0104918
-4.4732 	0.0104704
-4.47423 	0.0104622
-4.47529 	0.0104565
-4.47625 	0.010442
-4.47698 	0.0104097
-4.47737 	0.0103595
-4.47734 	0.0103025
-4.47689 	0.010256
-4.47613 	0.0102287
-4.47524 	0.0102122
-4.47437 	0.0101939
-4.47361 	0.0101681
-4.47294 	0.0101355
-4.47235 	0.0100994
-4.47178 	0.0100621
-4.47124 	0.0100239
-4.47075 	0.00998337
-4.47037 	0.00993901
-4.47016 	0.00988991
-4.47017 	0.00983907
-4.47044 	0.00979245
-4.47096 	0.00975661
-4.47171 	0.0097359
-4.47264 	0.00973139
-4.47373 	0.0097435
-4.47495 	0.00977187
-4.47627 	0.00981318
-4.47763 	0.00985896
-4.47893 	0.00989539
-4.48005 	0.00991068
-4.48093 	0.00990136
-4.48152 	0.00987161
-4.48187 	0.0098302
-4.48205 	0.0097847
-4.48219 	0.00973895
-4.48237 	0.00969441
-4.48265 	0.00965253
-4.48304 	0.00961493
-4.48353 	0.00958259
-4.4841 	0.00955518
-4.48472 	0.00953102
-4.48535 	0.00950793
-4.48595 	0.0094827
-4.48645 	0.0094529
-4.48683 	0.00941749
-4.48705 	0.0093774
-4.4871 	0.00933518
-4.48698 	0.00929402
-4.48671 	0.00925638
-4.48631 	0.00922392
-4.48578 	0.00919817
-4.48514 	0.00917984
-4.48442 	0.00916739
-4.4837 	0.00915564
-4.48306 	0.00913874
-4.48254 	0.00911376
-4.48219 	0.00908108
-4.48202 	0.0090437
-4.48201 	0.00900497
-4.48216 	0.00896784
-4.48246 	0.00893472
-4.48287 	0.0089065
-4.48334 	0.00888134
-4.48379 	0.00885565
-4.48417 	0.00882654
-4.48443 	0.00879377
-4.4846 	0.00875903
-4.48472 	0.00872372
-4.48484 	0.00868868
-4.48498 	0.00865432
-4.48514 	0.00862063
-4.48531 	0.00858724
-4.48546 	0.00855386
-4.4856 	0.00852062
-4.48577 	0.00848812
-4.48598 	0.00845706
-4.48625 	0.00842751
-4.4865 	0.00839791
-4.48667 	0.00836651
-4.48668 	0.00833364
-4.48648 	0.00830331
-4.48611 	0.00827918
-4.48565 	0.00825991
-4.48519 	0.00824092
-4.48478 	0.00821935
-4.48443 	0.00819537
-4.4841 	0.00817045
-4.48377 	0.00814593
-4.48344 	0.00812185
-4.48314 	0.00809693
-4.4829 	0.00806977
-4.48278 	0.00804043
-4.48279 	0.00801037
-4.48292 	0.00798156
-4.48313 	0.00795469
-4.48337 	0.00792918
-4.48362 	0.0079039
-4.48384 	0.0078778
-4.48398 	0.00785033
-4.48401 	0.0078218
-4.48389 	0.0077944
-4.48357 	0.00777293
-4.48302 	0.0077642
-4.48224 	0.00777578
-4.48123 	0.00781304
-4.48003 	0.00787695
-4.47869 	0.0079634
-4.47725 	0.00806426
-4.47577 	0.00817065
-4.4743 	0.0082743
-4.47286 	0.0083698
-4.47148 	0.00845392
-4.47016 	0.00852694
-4.4689 	0.00859046
-4.46769 	0.00864631
-4.46652 	0.00869511
-4.4654 	0.00873745
-4.46432 	0.00877409
-4.46329 	0.00880499
-4.46233 	0.0088278
-4.4615 	0.00883702
-4.46087 	0.00882921
-4.46051 	0.00880711
-4.4604 	0.0087783
-4.46049 	0.00874949
-4.4607 	0.00872292
-4.46092 	0.00869683
-4.46106 	0.00866912
-4.46105 	0.00864056
-4.46093 	0.00861307
-4.46077 	0.00858625
-4.46066 	0.00855896
-4.46062 	0.0085312
-4.46064 	0.00850357
-4.46067 	0.00847614
-4.46068 	0.00844884
-4.46064 	0.00842181
-4.46056 	0.00839525
-4.46043 	0.00836938
-4.46027 	0.00834442
-4.46005 	0.00832085
-4.45978 	0.00829903
-4.45946 	0.00827896
-4.45912 	0.00825998
-4.45878 	0.0082412
-4.45845 	0.00822204
-4.45813 	0.00820268
-4.4578 	0.00818398
-4.45742 	0.0081676
-4.45695 	0.00815569
-4.45639 	0.00814979
-4.45575 	0.00815046
-4.45504 	0.00815626
-4.45431 	0.00816408
-4.4536 	0.00816986
-4.45298 	0.00816901
-4.4525 	0.00815846
-4.45221 	0.00813899
-4.45213 	0.00811501
-4.45223 	0.00809137
-4.45247 	0.00807089
-4.45282 	0.00805424
-4.45324 	0.00804124
-4.45371 	0.00803139
-4.45423 	0.00802446
-4.45477 	0.00801923
-4.45532 	0.00801455
-4.45586 	0.00800969
-4.45639 	0.00800403
-4.4569 	0.00799698
-4.45738 	0.00798822
-4.45783 	0.00797776
-4.45824 	0.00796565
-4.45863 	0.007952
-4.45898 	0.00793691
-4.45929 	0.00792037
-4.45956 	0.00790273
-4.45982 	0.00788441
-4.46006 	0.00786583
-4.4603 	0.00784722
-4.46053 	0.0078285
-4.46073 	0.00780922
-4.46092 	0.00778955
-4.4611 	0.00777003
-4.46133 	0.00775182
-4.46164 	0.00773663
-4.46205 	0.0077262
-4.46256 	0.00772152
-4.46316 	0.00772321
-4.46383 	0.00773138
-4.46457 	0.00774543
-4.46536 	0.0077648
-4.46618 	0.0077875
-4.46702 	0.00781114
-4.46783 	0.0078322
-4.46857 	0.00784627
-4.4692 	0.00785008
-4.46967 	0.00784314
-4.46997 	0.00782787
-4.4701 	0.00780815
-4.47011 	0.00778736
-4.47004 	0.00776699
-4.46994 	0.00774708
-4.46984 	0.00772727
-4.46975 	0.00770742
-4.46967 	0.00768756
-4.4696 	0.00766775
-4.46952 	0.00764806
-4.46945 	0.00762851
-4.46937 	0.00760912
-4.46927 	0.00758993
-4.46917 	0.007571
-4.46904 	0.00755251
-4.46888 	0.00753482
-4.46868 	0.00751828
-4.46843 	0.00750321
-4.46815 	0.00748923
-4.46787 	0.0074754
-4.4676 	0.00746105
-4.46736 	0.00744622
-4.46712 	0.00743132
-4.46687 	0.00741665
-4.46664 	0.00740155
-4.46647 	0.00738499
-4.46639 	0.00736694
-4.46641 	0.00734859
-4.46653 	0.00733122
-4.46672 	0.0073154
-4.46694 	0.0073007
-4.46717 	0.00728622
-4.46738 	0.00727116
-4.46755 	0.00725527
-4.46768 	0.00723875
-4.4678 	0.00722195
-4.46789 	0.00720494
-4.46795 	0.00718766
-4.46795 	0.00717019
-4.46786 	0.0071535
-4.46763 	0.00713965
-4.46729 	0.0071309
-4.46683 	0.00712828
-4.46629 	0.00713166
-4.4657 	0.0071394
-4.46508 	0.00714928
-4.46445 	0.00715965
-4.46383 	0.00716949
-4.46322 	0.00717807
-4.46264 	0.0071849
-4.46209 	0.00718914
-4.46159 	0.0071897
-4.46116 	0.00718544
-4.46082 	0.00717662
-4.46056 	0.00716458
-4.46035 	0.00715108
-4.46013 	0.00713773
-4.45986 	0.00712638
-4.45947 	0.00712016
-4.45894 	0.00712337
-4.45828 	0.0071375
-4.45756 	0.00715773
-4.45686 	0.00717592
-4.45622 	0.0071873
-4.45569 	0.0071908
-4.45524 	0.00718838
-4.45485 	0.00718252
-4.4545 	0.00717488
-4.45417 	0.00716635
-4.45385 	0.00715729
-4.45354 	0.00714802
-4.45322 	0.00713906
-4.45288 	0.00713105
-4.45252 	0.00712433
-4.45214 	0.0071183
-4.45178 	0.00711151
-4.45147 	0.00710236
-4.45124 	0.00709041
-4.45108 	0.00707655
-4.45096 	0.007062
-4.45082 	0.00704768
-4.45065 	0.00703431
-4.45044 	0.00702185
-4.45025 	0.00700906
-4.45013 	0.00699477
-4.45013 	0.00697952
-4.45023 	0.00696511
-4.45043 	0.00695296
-4.45071 	0.00694342
-4.45103 	0.00693557
-4.45135 	0.00692801
-4.45164 	0.00691949
-4.4519 	0.00690937
-4.45211 	0.00689771
-4.45227 	0.00688489
-4.45239 	0.00687129
-4.45248 	0.00685717
-4.45252 	0.0068427
-4.45249 	0.00682822
-4.4524 	0.00681448
-4.45221 	0.00680268
-4.45193 	0.0067939
-4.45159 	0.00678805
-4.45123 	0.00678343
-4.45089 	0.00677775
-4.45061 	0.00676969
-4.45038 	0.00675936
-4.45019 	0.00674786
-4.45001 	0.00673631
-4.44979 	0.00672596
-4.44951 	0.00671782
-4.44918 	0.00671219
-4.44882 	0.006708
-4.44848 	0.00670305
-4.44819 	0.00669549
-4.44799 	0.00668483
-4.44787 	0.00667212
-4.44783 	0.00665864
-4.44782 	0.0066451
-4.44781 	0.00663162
-4.44778 	0.00661827
-4.44772 	0.00660512
-4.44766 	0.0065921
-4.44761 	0.00657902
-4.44757 	0.0065659
-4.44754 	0.00655281
-4.44749 	0.00653984
-4.44743 	0.00652708
-4.44734 	0.00651469
-4.44722 	0.00650287
-4.44706 	0.00649176
-4.44689 	0.00648112
-4.44675 	0.00647
-4.44667 	0.0064577
-4.44668 	0.00644498
-4.44676 	0.00643279
-4.44687 	0.00642112
-4.44698 	0.0064095
-4.44708 	0.0063978
-4.44719 	0.00638622
-4.44732 	0.0063752
-4.4475 	0.00636526
-4.44772 	0.00635674
-4.44797 	0.00634943
-4.44823 	0.00634237
-4.44846 	0.00633444
-4.44865 	0.00632499
-4.44878 	0.00631413
-4.44885 	0.00630247
-4.4489 	0.00629058
-4.44895 	0.00627877
-4.44903 	0.00626737
-4.44917 	0.00625688
-4.44934 	0.00624741
-4.44952 	0.00623827
-4.44968 	0.00622835
-4.44977 	0.00621722
-4.44977 	0.0062055
-4.44969 	0.00619429
-4.44956 	0.00618423
-4.44938 	0.00617522
-4.44918 	0.00616677
-4.44899 	0.00615835
-4.44881 	0.00614937
-4.44867 	0.00613949
-4.44858 	0.00612875
-4.44854 	0.00611757
-4.4485 	0.00610633
-4.44844 	0.00609534
-4.44832 	0.00608545
-4.44809 	0.00607834
-4.44778 	0.00607547
-4.4474 	0.00607622
-4.44701 	0.00607725
-4.44669 	0.00607472
-4.44647 	0.00606749
-4.44638 	0.00605723
-4.44639 	0.00604625
-4.44651 	0.0060365
-4.44674 	0.00602968
-4.44704 	0.0060265
-4.4474 	0.00602645
-4.44778 	0.00602777
-4.44815 	0.00602824
-4.44848 	0.00602607
-4.44872 	0.00602015
-4.44886 	0.00601104
-4.44889 	0.00600039
-4.44881 	0.00599025
-4.44864 	0.00598201
-4.44841 	0.00597565
-4.44817 	0.00596981
-4.44796 	0.00596298
-4.44781 	0.00595445
-4.44772 	0.00594458
-4.44769 	0.00593419
-4.4477 	0.00592377
-4.4477 	0.00591338
-4.44767 	0.0059031
-4.44762 	0.00589303
-4.44757 	0.00588297
-4.44756 	0.00587274
-4.44762 	0.00586282
-4.44775 	0.00585414
-4.44794 	0.00584704
-4.44815 	0.00584095
-4.44837 	0.00583487
-4.44856 	0.00582793
-4.44871 	0.0058198
-4.44881 	0.00581073
-4.44888 	0.00580121
-4.44894 	0.00579158
-4.449 	0.00578196
-4.44906 	0.00577244
-4.44913 	0.00576297
-4.44918 	0.00575346
-4.44922 	0.00574381
-4.44923 	0.00573408
-4.4492 	0.00572443
-4.44916 	0.00571492
-4.44912 	0.00570546
-4.4491 	0.00569589
-4.44913 	0.00568642
-4.44924 	0.00567781
-4.44941 	0.00567109
-4.44965 	0.00566672
-4.44992 	0.00566346
-4.45015 	0.00565863
-4.45027 	0.00565063
-4.45026 	0.00564127
-4.45011 	0.00563371
-4.44992 	0.00562791
-4.44974 	0.00562144
-4.44963 	0.00561321
-4.44961 	0.00560402
-4.44965 	0.00559502
-4.44976 	0.00558677
-4.44989 	0.00557925
-4.45005 	0.00557232
-4.45021 	0.00556566
-4.45037 	0.00555878
-4.4505 	0.00555142
-4.45062 	0.00554358
-4.45071 	0.00553539
-4.45079 	0.00552695
-4.45084 	0.00551828
-4.45087 	0.00550943
-4.45087 	0.00550056
-4.45084 	0.00549179
-4.45079 	0.00548317
-4.45073 	0.0054747
-4.45066 	0.00546636
-4.45058 	0.00545817
-4.4505 	0.00545015
-4.4504 	0.00544232
-4.4503 	0.00543465
-4.45019 	0.00542713
-4.45007 	0.00541975
-4.44995 	0.00541262
-4.4498 	0.00540593
-4.44965 	0.00539967
-4.44949 	0.00539347
-4.44935 	0.00538675
-4.44925 	0.00537916
-4.44921 	0.00537093
-4.4492 	0.00536253
-4.44921 	0.00535416
-4.44922 	0.0053458
-4.44919 	0.00533758
-4.44909 	0.00533016
-4.44893 	0.00532434
-4.44871 	0.00532032
-4.44847 	0.00531748
-4.44823 	0.00531473
-4.44801 	0.0053114
-4.4478 	0.00530723
-4.44762 	0.00530225
-4.44745 	0.00529663
-4.44731 	0.00529048
-4.44718 	0.00528386
-4.44708 	0.00527684
-4.44699 	0.00526947
-4.44692 	0.00526185
-4.44688 	0.00525405
-4.44684 	0.00524619
-4.44679 	0.00523841
-4.44672 	0.00523103
-4.44658 	0.00522486
-4.44637 	0.00522127
-4.44607 	0.00522177
-4.44571 	0.0052268
-4.4453 	0.00523498
-4.44488 	0.00524382
-4.44449 	0.00525062
-4.44415 	0.00525374
-4.44388 	0.00525276
-4.44369 	0.00524817
-4.4436 	0.00524129
-4.44357 	0.00523355
-4.44359 	0.0052258
-4.44363 	0.00521821
-4.44367 	0.00521061
-4.44368 	0.00520292
-4.44367 	0.00519525
-4.44362 	0.00518784
-4.44354 	0.00518076
-4.44345 	0.0051739
-4.44336 	0.00516711
-4.44326 	0.00516056
-4.44313 	0.00515461
-4.44299 	0.00514896
-4.44287 	0.0051427
-4.4428 	0.00513567
-4.44276 	0.00512838
-4.44272 	0.00512112
-4.44265 	0.0051141
-4.44256 	0.00510748
-4.44244 	0.0051014
-4.44231 	0.00509592
-4.44214 	0.00509109
-4.44197 	0.00508681
-4.44178 	0.00508295
-4.44158 	0.00507946
-4.44138 	0.0050761
-4.44119 	0.00507253
-4.44102 	0.005068
-4.44091 	0.00506193
-4.44089 	0.00505476
-4.44097 	0.00504813
-4.44113 	0.00504354
-4.44134 	0.00504095
-4.44157 	0.0050389
-4.44178 	0.00503597
-4.44194 	0.00503148
-4.44206 	0.00502578
-4.44215 	0.00501948
-4.44223 	0.00501309
-4.44233 	0.00500699
-4.44246 	0.00500164
-4.44263 	0.00499753
-4.44284 	0.00499495
-4.44308 	0.00499374
-4.44333 	0.00499311
-4.44358 	0.00499212
-4.44379 	0.00498975
-4.44396 	0.00498556
-4.44406 	0.00497979
-4.44412 	0.00497316
-4.44413 	0.0049663
-4.44414 	0.00495942
-4.44416 	0.00495262
-4.44423 	0.00494629
-4.44437 	0.00494152
-4.44458 	0.00493919
-4.44484 	0.004939
-4.4451 	0.00493945
-4.44535 	0.00493877
-4.44555 	0.00493612
-4.4457 	0.00493162
-4.44581 	0.00492604
-4.44589 	0.00492002
-4.44597 	0.00491403
-4.44608 	0.00490845
-4.44621 	0.00490365
-4.44638 	0.00490003
-4.44659 	0.00489777
-4.44682 	0.00489674
-4.44707 	0.00489629
-4.44731 	0.00489563
-4.44753 	0.00489409
-4.44773 	0.00489139
-4.4479 	0.0048877
-4.44804 	0.00488325
-4.44816 	0.00487819
-4.44825 	0.00487255
-4.44831 	0.00486641
-4.44833 	0.00485996
-4.44831 	0.00485355
-4.44824 	0.00484763
-4.44812 	0.0048427
-4.44794 	0.00483935
-4.44772 	0.00483815
-4.44744 	0.00483955
-4.44712 	0.00484382
-4.44677 	0.00485051
-4.44639 	0.00485859
-4.44602 	0.00486676
-4.44565 	0.00487418
-4.4453 	0.00488055
-4.44496 	0.00488608
-4.44462 	0.00489101
-4.4443 	0.0048952
-4.44401 	0.00489748
-4.44378 	0.00489647
-4.44364 	0.00489214
-4.44359 	0.00488603
-4.44362 	0.00487975
-4.4437 	0.00487411
-4.44381 	0.0048691
-4.44393 	0.00486428
-4.44403 	0.00485911
-4.4441 	0.00485328
-4.44411 	0.00484702
-4.44405 	0.00484116
-4.44393 	0.00483636
-4.44379 	0.00483225
-4.44366 	0.00482779
-4.44357 	0.00482244
-4.44353 	0.00481643
-4.44354 	0.00481029
-4.4436 	0.0048045
-4.4437 	0.00479936
-4.44382 	0.00479493
-4.44397 	0.00479109
-4.44413 	0.00478762
-4.44429 	0.00478421
-4.44444 	0.00478067
-4.44459 	0.00477687
-4.44473 	0.00477279
-4.44485 	0.00476829
-4.44494 	0.00476327
-4.44501 	0.00475782
-4.44506 	0.00475209
-4.4451 	0.00474629
-4.44515 	0.00474058
-4.44522 	0.00473518
-4.44533 	0.00473046
-4.44547 	0.00472679
-4.44566 	0.00472437
-4.44586 	0.0047229
-4.44607 	0.00472174
-4.44627 	0.00471999
-4.44643 	0.004717
-4.44655 	0.0047127
-4.44662 	0.0047074
-4.44665 	0.00470163
-4.44663 	0.00469585
-4.4466 	0.00469019
-4.44656 	0.00468455
-4.44653 	0.00467885
-4.44652 	0.00467313
-4.44651 	0.00466741
-4.44649 	0.00466172
-4.44646 	0.00465609
-4.44643 	0.0046505
-4.44641 	0.00464487
-4.4464 	0.0046392
-4.44642 	0.00463357
-4.44645 	0.00462806
-4.44651 	0.00462273
-4.44657 	0.00461764
-4.44666 	0.00461286
-4.44677 	0.00460852
-4.44689 	0.0046045
-4.447 	0.00460035
-4.44708 	0.00459543
-4.44709 	0.00458989
-4.44701 	0.00458494
-4.44687 	0.00458166
-4.44667 	0.00458046
-4.44643 	0.00458127
-4.44617 	0.00458345
-4.4459 	0.00458563
-4.44566 	0.00458632
-4.44547 	0.0045848
-4.44534 	0.00458132
-4.44526 	0.0045766
-4.44522 	0.00457135
-4.4452 	0.00456595
-4.44519 	0.00456053
-4.4452 	0.00455513
-4.44521 	0.00454975
-4.44523 	0.00454442
-4.44526 	0.00453914
-4.44528 	0.00453385
-4.44529 	0.00452851
-4.44527 	0.00452322
-4.44522 	0.00451825
-4.44512 	0.00451398
-4.44499 	0.00451068
-4.44482 	0.00450842
-4.44463 	0.00450712
-4.44442 	0.00450662
-4.44421 	0.00450668
-4.44399 	0.00450673
-4.44378 	0.00450606
-4.44361 	0.00450428
-4.44346 	0.00450142
-4.44334 	0.00449789
-4.44322 	0.00449425
-4.44308 	0.00449107
-4.44292 	0.00448897
-4.44272 	0.00448829
-4.44249 	0.00448881
-4.44225 	0.00449016
-4.442 	0.0044921
-4.44173 	0.00449448
-4.44148 	0.00449671
-4.44124 	0.00449804
-4.44102 	0.00449786
-4.44085 	0.00449602
-4.44072 	0.00449272
-4.44064 	0.00448838
-4.44059 	0.0044835
-4.44057 	0.00447845
-4.44055 	0.00447338
-4.44053 	0.00446834
-4.4405 	0.00446338
-4.44046 	0.00445852
-4.44042 	0.00445367
-4.44039 	0.00444869
-4.44041 	0.0044437
-4.44048 	0.00443926
-4.4406 	0.00443591
-4.44076 	0.00443364
-4.44093 	0.00443196
-4.4411 	0.00443011
-4.44124 	0.00442746
-4.44134 	0.00442368
-4.44139 	0.00441899
-4.44138 	0.00441406
-4.44132 	0.00440953
-4.44123 	0.00440551
-4.44114 	0.00440151
-4.44108 	0.00439709
-4.44105 	0.00439229
-4.44105 	0.00438741
-4.44108 	0.00438261
-4.4411 	0.00437781
-4.44111 	0.00437296
-4.44108 	0.0043682
-4.44102 	0.00436378
-4.44094 	0.00435968
-4.44086 	0.00435561
-4.4408 	0.0043512
-4.44078 	0.00434646
-4.44081 	0.00434174
-4.44086 	0.00433738
-4.44095 	0.0043334
-4.44104 	0.00432956
-4.44112 	0.00432565
-4.4412 	0.00432158
-4.44126 	0.0043173
-4.4413 	0.00431281
-4.44132 	0.00430818
-4.44133 	0.00430349
-4.44131 	0.00429883
-4.44129 	0.00429421
-4.44127 	0.0042896
-4.44127 	0.00428495
-4.44128 	0.00428033
-4.4413 	0.00427576
-4.44132 	0.0042712
-4.44134 	0.00426661
-4.44134 	0.00426201
-4.44133 	0.00425742
-4.44134 	0.00425284
-4.44136 	0.00424837
-4.44143 	0.00424427
-4.44153 	0.00424091
-4.44166 	0.00423852
-4.44182 	0.00423708
-4.442 	0.00423632
-4.44218 	0.00423568
-4.44235 	0.00423449
-4.44249 	0.00423236
-4.4426 	0.00422919
-4.44267 	0.00422527
-4.44271 	0.00422098
-4.44274 	0.00421658
-4.44276 	0.00421217
-4.44279 	0.0042078
-4.44282 	0.00420348
-4.44285 	0.00419917
-4.44288 	0.00419481
-4.44289 	0.0041904
-4.44287 	0.00418602
-4.44282 	0.00418193
-4.44272 	0.0041786
-4.44258 	0.00417657
-4.4424 	0.00417611
-4.4422 	0.00417667
-4.442 	0.00417707
-4.44183 	0.0041763
-4.44169 	0.0041741
-4.4416 	0.0041708
-4.44154 	0.00416686
-4.4415 	0.00416272
-4.44145 	0.00415866
-4.44137 	0.00415512
-4.44124 	0.00415289
-4.44106 	0.00415273
-4.44083 	0.00415479
-4.44057 	0.00415822
-4.44032 	0.00416143
-4.4401 	0.00416291
-4.43993 	0.00416214
-4.43982 	0.0041595
-4.43975 	0.0041558
-4.43971 	0.00415168
-4.43969 	0.00414745
-4.43968 	0.00414321
-4.43967 	0.00413899
-4.43964 	0.00413482
-4.43961 	0.00413074
-4.43956 	0.00412683
-4.4395 	0.00412308
-4.43943 	0.00411941
-4.43936 	0.00411574
-4.4393 	0.00411207
-4.43923 	0.00410846
-4.43915 	0.00410502
-4.43906 	0.00410187
-4.43896 	0.00409895
-4.43886 	0.00409606
-4.43876 	0.00409301
-4.43868 	0.00408969
-4.43862 	0.00408604
-4.43858 	0.00408207
-4.43859 	0.00407796
-4.43862 	0.00407403
-4.43869 	0.00407043
-4.43876 	0.00406707
-4.43885 	0.00406389
-4.43895 	0.00406093
-4.43905 	0.00405819
-4.43915 	0.00405546
